no change     /nfs/home/vpais/miniconda/condabin/conda
no change     /nfs/home/vpais/miniconda/bin/conda
no change     /nfs/home/vpais/miniconda/bin/conda-env
no change     /nfs/home/vpais/miniconda/bin/activate
no change     /nfs/home/vpais/miniconda/bin/deactivate
no change     /nfs/home/vpais/miniconda/etc/profile.d/conda.sh
no change     /nfs/home/vpais/miniconda/etc/fish/conf.d/conda.fish
no change     /nfs/home/vpais/miniconda/shell/condabin/Conda.psm1
no change     /nfs/home/vpais/miniconda/shell/condabin/conda-hook.ps1
no change     /nfs/home/vpais/miniconda/lib/python3.9/site-packages/xontrib/conda.xsh
no change     /nfs/home/vpais/miniconda/etc/profile.d/conda.csh
no change     /nfs/home/vpais/.bashrc
No action taken.
-------------------------------------------------------
Primary job  terminated normally, but 1 process returned
a non-zero exit code.. Per user-direction, the job has been aborted.
-------------------------------------------------------
--------------------------------------------------------------------------
mpirun detected that one or more processes exited with non-zero status, thus causing
the job to be terminated. The first process to do so was:

  Process name: [[39419,1],17]
  Exit code:    1
--------------------------------------------------------------------------
Using MPI version 3.1, 1 processes
Using MPI version 3.1, 1 processes
Using MPI version 3.1, 1 processes
Using MPI version 3.1, 1 processes
Using MPI version 3.1, 1 processes
Using MPI version 3.1, 1 processes
Using MPI version 3.1, 1 processes
Using MPI version 3.1, 1 processes
Using MPI version 3.1, 1 processes
Using MPI version 3.1, 1 processes
Using MPI version 3.1, 1 processes
Using MPI version 3.1, 1 processes
Using MPI version 3.1, 1 processes
Using MPI version 3.1, 1 processes
Using MPI version 3.1, 1 processes
Using MPI version 3.1, 1 processes
Using MPI version 3.1, 1 processes
Using MPI version 3.1, 1 processes
Using MPI version 3.1, 1 processes
Using MPI version 3.1, 1 processes
Using MPI version 3.1, 1 processes
Using MPI version 3.1, 1 processes
Using MPI version 3.1, 1 processes
Using MPI version 3.1, 1 processes
Using MPI version 3.1, 1 processes
Using MPI version 3.1, 1 processes
Using MPI version 3.1, 1 processes
Using MPI version 3.1, 1 processes
Using MPI version 3.1, 1 processes
Using MPI version 3.1, 1 processes
Using MPI version 3.1, 1 processes
Using MPI version 3.1, 1 processes
Using MPI version 3.1, 1 processes
Using MPI version 3.1, 1 processes
Using MPI version 3.1, 1 processes
Using MPI version 3.1, 1 processes
Using MPI version 3.1, 1 processes
Using MPI version 3.1, 1 processes
Using MPI version 3.1, 1 processes
Using MPI version 3.1, 1 processes
Using MPI version 3.1, 1 processes
Using MPI version 3.1, 1 processes
Using MPI version 3.1, 1 processes
Using MPI version 3.1, 1 processes
Using MPI version 3.1, 1 processes
Using MPI version 3.1, 1 processes
Using MPI version 3.1, 1 processes
Using MPI version 3.1, 1 processes
Using MPI version 3.1, 1 processes
Using MPI version 3.1, 1 processes
Using MPI version 3.1, 1 processes
Using MPI version 3.1, 1 processes
Using MPI version 3.1, 1 processes
Using MPI version 3.1, 1 processes
Using MPI version 3.1, 1 processes
Using MPI version 3.1, 1 processes
Using MPI version 3.1, 1 processes
Using MPI version 3.1, 1 processes
Using MPI version 3.1, 1 processes
Using MPI version 3.1, 1 processes
Using MPI version 3.1, 1 processes
Using MPI version 3.1, 1 processes
Using MPI version 3.1, 1 processes
Using MPI version 3.1, 1 processes
Medium should be stable according to frequency and resolution criteria.
All resonant frequencies are small enough for this resolution.
Medium should be stable according to frequency and resolution criteria.
All resonant frequencies are small enough for this resolution.
Medium should be stable according to frequency and resolution criteria.
All resonant frequencies are small enough for this resolution.
Medium should be stable according to frequency and resolution criteria.
All resonant frequencies are small enough for this resolution.
Medium should be stable according to frequency and resolution criteria.
All resonant frequencies are small enough for this resolution.
Medium should be stable according to frequency and resolution criteria.
All resonant frequencies are small enough for this resolution.
Medium should be stable according to frequency and resolution criteria.
All resonant frequencies are small enough for this resolution.
Medium should be stable according to frequency and resolution criteria.
All resonant frequencies are small enough for this resolution.
Medium should be stable according to frequency and resolution criteria.
All resonant frequencies are small enough for this resolution.
Medium should be stable according to frequency and resolution criteria.
All resonant frequencies are small enough for this resolution.
Medium should be stable according to frequency and resolution criteria.
All resonant frequencies are small enough for this resolution.
Medium should be stable according to frequency and resolution criteria.
All resonant frequencies are small enough for this resolution.
Medium should be stable according to frequency and resolution criteria.
All resonant frequencies are small enough for this resolution.

Elapsed run time = 6.6359 s

Elapsed run time = 6.4571 s
Medium should be stable according to frequency and resolution criteria.
All resonant frequencies are small enough for this resolution.
Medium should be stable according to frequency and resolution criteria.
All resonant frequencies are small enough for this resolution.

Elapsed run time = 6.4883 s

Elapsed run time = 6.3101 s

Elapsed run time = 6.7084 s

Elapsed run time = 6.3100 s
Medium should be stable according to frequency and resolution criteria.
All resonant frequencies are small enough for this resolution.

Elapsed run time = 6.4962 s

Elapsed run time = 6.4627 s
Medium should be stable according to frequency and resolution criteria.
All resonant frequencies are small enough for this resolution.

Elapsed run time = 6.4719 s
Medium should be stable according to frequency and resolution criteria.
All resonant frequencies are small enough for this resolution.
Medium should be stable according to frequency and resolution criteria.
All resonant frequencies are small enough for this resolution.
Medium should be stable according to frequency and resolution criteria.
All resonant frequencies are small enough for this resolution.
Medium should be stable according to frequency and resolution criteria.
All resonant frequencies are small enough for this resolution.
Medium should be stable according to frequency and resolution criteria.
All resonant frequencies are small enough for this resolution.
Medium should be stable according to frequency and resolution criteria.
All resonant frequencies are small enough for this resolution.
Medium should be stable according to frequency and resolution criteria.
All resonant frequencies are small enough for this resolution.
Medium should be stable according to frequency and resolution criteria.
All resonant frequencies are small enough for this resolution.
Medium should be stable according to frequency and resolution criteria.
All resonant frequencies are small enough for this resolution.
Medium should be stable according to frequency and resolution criteria.
All resonant frequencies are small enough for this resolution.
Medium should be stable according to frequency and resolution criteria.
All resonant frequencies are small enough for this resolution.
Medium should be stable according to frequency and resolution criteria.
All resonant frequencies are small enough for this resolution.
Medium should be stable according to frequency and resolution criteria.
All resonant frequencies are small enough for this resolution.
Medium should be stable according to frequency and resolution criteria.
All resonant frequencies are small enough for this resolution.
Medium should be stable according to frequency and resolution criteria.
All resonant frequencies are small enough for this resolution.
Medium should be stable according to frequency and resolution criteria.
All resonant frequencies are small enough for this resolution.
Medium should be stable according to frequency and resolution criteria.
All resonant frequencies are small enough for this resolution.
Medium should be stable according to frequency and resolution criteria.
All resonant frequencies are small enough for this resolution.
Medium should be stable according to frequency and resolution criteria.
All resonant frequencies are small enough for this resolution.
Medium should be stable according to frequency and resolution criteria.
All resonant frequencies are small enough for this resolution.
Medium should be stable according to frequency and resolution criteria.
All resonant frequencies are small enough for this resolution.
Medium should be stable according to frequency and resolution criteria.
All resonant frequencies are small enough for this resolution.
Medium should be stable according to frequency and resolution criteria.
All resonant frequencies are small enough for this resolution.
Medium should be stable according to frequency and resolution criteria.
All resonant frequencies are small enough for this resolution.
Medium should be stable according to frequency and resolution criteria.
All resonant frequencies are small enough for this resolution.
Medium should be stable according to frequency and resolution criteria.
All resonant frequencies are small enough for this resolution.
Medium should be stable according to frequency and resolution criteria.
All resonant frequencies are small enough for this resolution.
Medium should be stable according to frequency and resolution criteria.
All resonant frequencies are small enough for this resolution.
Medium should be stable according to frequency and resolution criteria.
All resonant frequencies are small enough for this resolution.
Medium should be stable according to frequency and resolution criteria.
All resonant frequencies are small enough for this resolution.
Medium should be stable according to frequency and resolution criteria.
All resonant frequencies are small enough for this resolution.
Medium should be stable according to frequency and resolution criteria.
All resonant frequencies are small enough for this resolution.
Medium should be stable according to frequency and resolution criteria.
All resonant frequencies are small enough for this resolution.
Medium should be stable according to frequency and resolution criteria.
All resonant frequencies are small enough for this resolution.
Medium should be stable according to frequency and resolution criteria.
All resonant frequencies are small enough for this resolution.
Medium should be stable according to frequency and resolution criteria.
All resonant frequencies are small enough for this resolution.
Medium should be stable according to frequency and resolution criteria.
All resonant frequencies are small enough for this resolution.
Medium should be stable according to frequency and resolution criteria.
All resonant frequencies are small enough for this resolution.
Medium could be unstable according to dimensions and index criteria.
Maximum Courant factor should be 0.20893145279749673
As a whole, the simulation could not be stable
Recommended maximum courant factor is 0.20893145279749673
Medium could be unstable according to dimensions and index criteria.
Maximum Courant factor should be 0.20893145279749673
As a whole, the simulation could not be stable
Recommended maximum courant factor is 0.20893145279749673
Medium could be unstable according to dimensions and index criteria.
Maximum Courant factor should be 0.20893145279749673
As a whole, the simulation could not be stable
Recommended maximum courant factor is 0.20893145279749673
Medium could be unstable according to dimensions and index criteria.
Maximum Courant factor should be 0.20893145279749673
As a whole, the simulation could not be stable
Recommended maximum courant factor is 0.20893145279749673
-----------
Initializing structure...
-----------
Initializing structure...
-----------
Initializing structure...
-----------
Initializing structure...
Medium could be unstable according to dimensions and index criteria.
Maximum Courant factor should be 0.20893145279749673
As a whole, the simulation could not be stable
Recommended maximum courant factor is 0.20893145279749673
-----------
Initializing structure...
Medium could be unstable according to dimensions and index criteria.
Maximum Courant factor should be 0.20893145279749673
As a whole, the simulation could not be stable
Recommended maximum courant factor is 0.20893145279749673
Medium could be unstable according to dimensions and index criteria.
Maximum Courant factor should be 0.20893145279749673
As a whole, the simulation could not be stable
Recommended maximum courant factor is 0.20893145279749673
time for choose_chunkdivision = 0.00247908 s
Working in 3D dimensions.
Computational cell is 60 x 60 x 60 with resolution 2
time for choose_chunkdivision = 0.00251603 s
Working in 3D dimensions.
Computational cell is 60 x 60 x 60 with resolution 2
time for choose_chunkdivision = 0.00246501 s
Working in 3D dimensions.
Computational cell is 60 x 60 x 60 with resolution 2
time for choose_chunkdivision = 0.00254393 s
Working in 3D dimensions.
Computational cell is 60 x 60 x 60 with resolution 2
-----------
Initializing structure...
-----------
Initializing structure...
time for choose_chunkdivision = 0.0022471 s
Working in 3D dimensions.
Computational cell is 60 x 60 x 60 with resolution 2
Medium could be unstable according to dimensions and index criteria.
Maximum Courant factor should be 0.20893145279749673
As a whole, the simulation could not be stable
Recommended maximum courant factor is 0.20893145279749673
Medium could be unstable according to dimensions and index criteria.
Maximum Courant factor should be 0.20893145279749673
As a whole, the simulation could not be stable
Recommended maximum courant factor is 0.20893145279749673
Medium could be unstable according to dimensions and index criteria.
Maximum Courant factor should be 0.20893145279749673
As a whole, the simulation could not be stable
Recommended maximum courant factor is 0.20893145279749673
-----------
Initializing structure...
Medium could be unstable according to dimensions and index criteria.
Maximum Courant factor should be 0.20893145279749673
As a whole, the simulation could not be stable
Recommended maximum courant factor is 0.20893145279749673
Medium could be unstable according to dimensions and index criteria.
Maximum Courant factor should be 0.20893145279749673
As a whole, the simulation could not be stable
Recommended maximum courant factor is 0.20893145279749673
-----------
Initializing structure...
time for choose_chunkdivision = 0.0025301 s
Working in 3D dimensions.
Computational cell is 60 x 60 x 60 with resolution 2
time for choose_chunkdivision = 0.00240612 s
Working in 3D dimensions.
Computational cell is 60 x 60 x 60 with resolution 2
-----------
Initializing structure...
-----------
Initializing structure...
-----------
Initializing structure...
Medium could be unstable according to dimensions and index criteria.
Maximum Courant factor should be 0.20893145279749673
As a whole, the simulation could not be stable
Recommended maximum courant factor is 0.20893145279749673
Medium could be unstable according to dimensions and index criteria.
Maximum Courant factor should be 0.20893145279749673
As a whole, the simulation could not be stable
Recommended maximum courant factor is 0.20893145279749673
-----------
Initializing structure...
-----------
Initializing structure...
Medium could be unstable according to dimensions and index criteria.
Maximum Courant factor should be 0.20893145279749673
As a whole, the simulation could not be stable
Recommended maximum courant factor is 0.20893145279749673
time for choose_chunkdivision = 0.00233889 s
Working in 3D dimensions.
Computational cell is 60 x 60 x 60 with resolution 2
Medium could be unstable according to dimensions and index criteria.
Maximum Courant factor should be 0.20893145279749673
As a whole, the simulation could not be stable
Recommended maximum courant factor is 0.20893145279749673
-----------
Initializing structure...
time for choose_chunkdivision = 0.00243688 s
Working in 3D dimensions.
Computational cell is 60 x 60 x 60 with resolution 2
time for choose_chunkdivision = 0.00243902 s
Working in 3D dimensions.
Computational cell is 60 x 60 x 60 with resolution 2
time for choose_chunkdivision = 0.0022552 s
Working in 3D dimensions.
Computational cell is 60 x 60 x 60 with resolution 2
time for choose_chunkdivision = 0.00242805 s
Working in 3D dimensions.
Computational cell is 60 x 60 x 60 with resolution 2
-----------
Initializing structure...
Medium could be unstable according to dimensions and index criteria.
Maximum Courant factor should be 0.20893145279749673
As a whole, the simulation could not be stable
Recommended maximum courant factor is 0.20893145279749673
Medium could be unstable according to dimensions and index criteria.
Maximum Courant factor should be 0.20893145279749673
As a whole, the simulation could not be stable
Recommended maximum courant factor is 0.20893145279749673
Medium could be unstable according to dimensions and index criteria.
Maximum Courant factor should be 0.20893145279749673
As a whole, the simulation could not be stable
Recommended maximum courant factor is 0.20893145279749673
Medium could be unstable according to dimensions and index criteria.
Maximum Courant factor should be 0.20893145279749673
As a whole, the simulation could not be stable
Recommended maximum courant factor is 0.20893145279749673
-----------
Initializing structure...
Medium could be unstable according to dimensions and index criteria.
Maximum Courant factor should be 0.20893145279749673
As a whole, the simulation could not be stable
Recommended maximum courant factor is 0.20893145279749673
-----------
Initializing structure...
time for choose_chunkdivision = 0.00244904 s
Working in 3D dimensions.
Computational cell is 60 x 60 x 60 with resolution 2
time for choose_chunkdivision = 0.0024631 s
Working in 3D dimensions.
Computational cell is 60 x 60 x 60 with resolution 2
-----------
Initializing structure...
-----------
Initializing structure...
-----------
Initializing structure...
Medium could be unstable according to dimensions and index criteria.
Maximum Courant factor should be 0.20893145279749673
As a whole, the simulation could not be stable
Recommended maximum courant factor is 0.20893145279749673
-----------
Initializing structure...
Medium could be unstable according to dimensions and index criteria.
Maximum Courant factor should be 0.20893145279749673
As a whole, the simulation could not be stable
Recommended maximum courant factor is 0.20893145279749673
-----------
Initializing structure...
Medium could be unstable according to dimensions and index criteria.
Maximum Courant factor should be 0.20893145279749673
As a whole, the simulation could not be stable
Recommended maximum courant factor is 0.20893145279749673
-----------
Initializing structure...
Medium could be unstable according to dimensions and index criteria.
Maximum Courant factor should be 0.20893145279749673
As a whole, the simulation could not be stable
Recommended maximum courant factor is 0.20893145279749673
Medium could be unstable according to dimensions and index criteria.
Maximum Courant factor should be 0.20893145279749673
As a whole, the simulation could not be stable
Recommended maximum courant factor is 0.20893145279749673
Medium could be unstable according to dimensions and index criteria.
Maximum Courant factor should be 0.20893145279749673
As a whole, the simulation could not be stable
Recommended maximum courant factor is 0.20893145279749673
-----------
Initializing structure...
time for choose_chunkdivision = 0.00268388 s
Working in 3D dimensions.
Computational cell is 60 x 60 x 60 with resolution 2
time for choose_chunkdivision = 0.00251293 s
Working in 3D dimensions.
Computational cell is 60 x 60 x 60 with resolution 2
-----------
Initializing structure...
-----------
Initializing structure...
Medium could be unstable according to dimensions and index criteria.
Maximum Courant factor should be 0.20893145279749673
As a whole, the simulation could not be stable
Recommended maximum courant factor is 0.20893145279749673
-----------
Initializing structure...
Medium could be unstable according to dimensions and index criteria.
Maximum Courant factor should be 0.20893145279749673
As a whole, the simulation could not be stable
Recommended maximum courant factor is 0.20893145279749673
-----------
Initializing structure...
Medium could be unstable according to dimensions and index criteria.
Maximum Courant factor should be 0.20893145279749673
As a whole, the simulation could not be stable
Recommended maximum courant factor is 0.20893145279749673
Medium could be unstable according to dimensions and index criteria.
Maximum Courant factor should be 0.20893145279749673
As a whole, the simulation could not be stable
Recommended maximum courant factor is 0.20893145279749673
Medium could be unstable according to dimensions and index criteria.
Maximum Courant factor should be 0.20893145279749673
As a whole, the simulation could not be stable
Recommended maximum courant factor is 0.20893145279749673
time for choose_chunkdivision = 0.002388 s
Working in 3D dimensions.
Computational cell is 60 x 60 x 60 with resolution 2
time for choose_chunkdivision = 0.00248003 s
Working in 3D dimensions.
Computational cell is 60 x 60 x 60 with resolution 2
Medium could be unstable according to dimensions and index criteria.
Maximum Courant factor should be 0.20893145279749673
As a whole, the simulation could not be stable
Recommended maximum courant factor is 0.20893145279749673
-----------
Initializing structure...
Medium could be unstable according to dimensions and index criteria.
Maximum Courant factor should be 0.20893145279749673
As a whole, the simulation could not be stable
Recommended maximum courant factor is 0.20893145279749673
-----------
Initializing structure...
Medium could be unstable according to dimensions and index criteria.
Maximum Courant factor should be 0.20893145279749673
As a whole, the simulation could not be stable
Recommended maximum courant factor is 0.20893145279749673
-----------
Initializing structure...
time for choose_chunkdivision = 0.00238299 s
Working in 3D dimensions.
Computational cell is 60 x 60 x 60 with resolution 2
-----------
Initializing structure...
Medium could be unstable according to dimensions and index criteria.
Maximum Courant factor should be 0.20893145279749673
As a whole, the simulation could not be stable
Recommended maximum courant factor is 0.20893145279749673
-----------
Initializing structure...
Medium could be unstable according to dimensions and index criteria.
Maximum Courant factor should be 0.20893145279749673
As a whole, the simulation could not be stable
Recommended maximum courant factor is 0.20893145279749673
Medium could be unstable according to dimensions and index criteria.
Maximum Courant factor should be 0.20893145279749673
As a whole, the simulation could not be stable
Recommended maximum courant factor is 0.20893145279749673
time for choose_chunkdivision = 0.00248599 s
Working in 3D dimensions.
Computational cell is 60 x 60 x 60 with resolution 2
time for choose_chunkdivision = 0.00248599 s
Working in 3D dimensions.
Computational cell is 60 x 60 x 60 with resolution 2
-----------
Initializing structure...
Medium could be unstable according to dimensions and index criteria.
Maximum Courant factor should be 0.20893145279749673
As a whole, the simulation could not be stable
Recommended maximum courant factor is 0.20893145279749673
-----------
Initializing structure...
Medium could be unstable according to dimensions and index criteria.
Maximum Courant factor should be 0.20893145279749673
As a whole, the simulation could not be stable
Recommended maximum courant factor is 0.20893145279749673
Medium could be unstable according to dimensions and index criteria.
Maximum Courant factor should be 0.20893145279749673
As a whole, the simulation could not be stable
Recommended maximum courant factor is 0.20893145279749673
Medium could be unstable according to dimensions and index criteria.
Maximum Courant factor should be 0.20893145279749673
As a whole, the simulation could not be stable
Recommended maximum courant factor is 0.20893145279749673
Medium could be unstable according to dimensions and index criteria.
Maximum Courant factor should be 0.20893145279749673
As a whole, the simulation could not be stable
Recommended maximum courant factor is 0.20893145279749673
Medium could be unstable according to dimensions and index criteria.
Maximum Courant factor should be 0.20893145279749673
As a whole, the simulation could not be stable
Recommended maximum courant factor is 0.20893145279749673
time for choose_chunkdivision = 0.00237417 s
Working in 3D dimensions.
Computational cell is 60 x 60 x 60 with resolution 2
time for choose_chunkdivision = 0.00229502 s
Working in 3D dimensions.
Computational cell is 60 x 60 x 60 with resolution 2
time for choose_chunkdivision = 0.0022738 s
Working in 3D dimensions.
Computational cell is 60 x 60 x 60 with resolution 2
