no change     /nfs/home/vpais/miniconda/condabin/conda
no change     /nfs/home/vpais/miniconda/bin/conda
no change     /nfs/home/vpais/miniconda/bin/conda-env
no change     /nfs/home/vpais/miniconda/bin/activate
no change     /nfs/home/vpais/miniconda/bin/deactivate
no change     /nfs/home/vpais/miniconda/etc/profile.d/conda.sh
no change     /nfs/home/vpais/miniconda/etc/fish/conf.d/conda.fish
no change     /nfs/home/vpais/miniconda/shell/condabin/Conda.psm1
no change     /nfs/home/vpais/miniconda/shell/condabin/conda-hook.ps1
no change     /nfs/home/vpais/miniconda/lib/python3.9/site-packages/xontrib/conda.xsh
no change     /nfs/home/vpais/miniconda/etc/profile.d/conda.csh
no change     /nfs/home/vpais/.bashrc
No action taken.
Using MPI version 3.1, 64 processes
Medium should be stable according to frequency and resolution criteria.
All resonant frequencies are small enough for this resolution.
Medium could be unstable according to dimensions and index criteria.
Maximum Courant factor should be 0.20893145279749673
As a whole, the simulation might be unstable
Recommended maximum Courant factor is 0.20893145279749673
-----------
Initializing structure...
Splitting into 64 chunks by voxels
time for choose_chunkdivision = 0.00684404 s
Working in 3D dimensions.
Computational cell is 61 x 61 x 61 with resolution 4
time for set_epsilon = 1.84124 s
-----------
Meep progress: 0.125/1225.4 = 0.0% done in 297.4s, 2915108.7s to go
on time step 1 (time=0.125), 297.393 s/step
Meep progress: 4.75/1225.4 = 0.4% done in 301.4s, 77461.7s to go
on time step 38 (time=4.75), 0.10912 s/step
Meep progress: 9.5/1225.4 = 0.8% done in 305.5s, 39105.1s to go
on time step 76 (time=9.5), 0.107911 s/step
Meep progress: 14.25/1225.4 = 1.2% done in 309.6s, 26314.6s to go
on time step 114 (time=14.25), 0.107202 s/step
Meep progress: 19.0/1225.4 = 1.6% done in 313.7s, 19917.3s to go
on time step 152 (time=19), 0.107218 s/step
Meep progress: 23.75/1225.4 = 1.9% done in 317.8s, 16076.9s to go
on time step 190 (time=23.75), 0.106986 s/step
Meep progress: 28.5/1225.4 = 2.3% done in 321.8s, 13515.1s to go
on time step 228 (time=28.5), 0.106894 s/step
Meep progress: 33.25/1225.4 = 2.7% done in 325.9s, 11684.1s to go
on time step 266 (time=33.25), 0.10695 s/step
Meep progress: 38.0/1225.4 = 3.1% done in 330.0s, 10310.2s to go
on time step 304 (time=38), 0.107227 s/step
Meep progress: 42.75/1225.4 = 3.5% done in 334.0s, 9240.6s to go
on time step 342 (time=42.75), 0.10711 s/step
Meep progress: 47.5/1225.4 = 3.9% done in 338.1s, 8384.4s to go
on time step 380 (time=47.5), 0.10743 s/step
Meep progress: 52.25/1225.4 = 4.3% done in 342.2s, 7683.2s to go
on time step 418 (time=52.25), 0.107539 s/step
Meep progress: 57.0/1225.4 = 4.7% done in 346.3s, 7097.8s to go
on time step 456 (time=57), 0.106941 s/step
Meep progress: 61.75/1225.4 = 5.0% done in 350.3s, 6601.7s to go
on time step 494 (time=61.75), 0.106834 s/step
Meep progress: 66.5/1225.4 = 5.4% done in 354.4s, 6175.9s to go
on time step 532 (time=66.5), 0.106921 s/step
Meep progress: 71.25/1225.4 = 5.8% done in 358.5s, 5806.6s to go
on time step 570 (time=71.25), 0.10723 s/step
Meep progress: 76.0/1225.4 = 6.2% done in 362.5s, 5482.8s to go
on time step 608 (time=76), 0.107063 s/step
Meep progress: 80.75/1225.4 = 6.6% done in 366.6s, 5197.0s to go
on time step 646 (time=80.75), 0.107595 s/step
Meep progress: 85.5/1225.4 = 7.0% done in 370.7s, 4942.1s to go
on time step 684 (time=85.5), 0.106975 s/step
Meep progress: 90.25/1225.4 = 7.4% done in 374.8s, 4713.8s to go
on time step 722 (time=90.25), 0.107299 s/step
Meep progress: 95.0/1225.4 = 7.8% done in 378.8s, 4507.7s to go
on time step 760 (time=95), 0.106916 s/step
Meep progress: 99.75/1225.4 = 8.1% done in 382.9s, 4320.8s to go
on time step 798 (time=99.75), 0.106691 s/step
Meep progress: 104.5/1225.4 = 8.5% done in 386.9s, 4150.5s to go
on time step 836 (time=104.5), 0.106825 s/step
Meep progress: 109.25/1225.4 = 8.9% done in 391.0s, 3994.8s to go
on time step 874 (time=109.25), 0.106958 s/step
Meep progress: 114.0/1225.4 = 9.3% done in 395.1s, 3851.7s to go
on time step 912 (time=114), 0.106947 s/step
Meep progress: 118.75/1225.4 = 9.7% done in 399.1s, 3719.7s to go
on time step 950 (time=118.75), 0.10696 s/step
Meep progress: 123.375/1225.4 = 10.1% done in 403.2s, 3601.1s to go
on time step 987 (time=123.375), 0.108379 s/step
Meep progress: 128.125/1225.4 = 10.5% done in 407.2s, 3487.5s to go
on time step 1025 (time=128.125), 0.107067 s/step
Meep progress: 132.625/1225.4 = 10.8% done in 411.3s, 3388.6s to go
on time step 1061 (time=132.625), 0.111919 s/step
Meep progress: 137.375/1225.4 = 11.2% done in 415.3s, 3289.4s to go
on time step 1099 (time=137.375), 0.107 s/step
Meep progress: 142.125/1225.4 = 11.6% done in 419.4s, 3196.6s to go
on time step 1137 (time=142.125), 0.107074 s/step
Meep progress: 146.875/1225.4 = 12.0% done in 423.5s, 3109.6s to go
on time step 1175 (time=146.875), 0.107106 s/step
Meep progress: 151.625/1225.4 = 12.4% done in 427.6s, 3027.9s to go
on time step 1213 (time=151.625), 0.107851 s/step
Meep progress: 156.375/1225.4 = 12.8% done in 431.6s, 2950.9s to go
on time step 1251 (time=156.375), 0.107308 s/step
Meep progress: 161.125/1225.4 = 13.1% done in 435.7s, 2878.0s to go
on time step 1289 (time=161.125), 0.107119 s/step
Meep progress: 165.875/1225.4 = 13.5% done in 439.8s, 2809.2s to go
on time step 1327 (time=165.875), 0.107294 s/step
Meep progress: 170.625/1225.4 = 13.9% done in 443.9s, 2743.9s to go
on time step 1365 (time=170.625), 0.107087 s/step
Meep progress: 175.375/1225.4 = 14.3% done in 447.9s, 2681.9s to go
on time step 1403 (time=175.375), 0.10706 s/step
Meep progress: 180.125/1225.4 = 14.7% done in 452.0s, 2623.1s to go
on time step 1441 (time=180.125), 0.107511 s/step
Meep progress: 184.875/1225.4 = 15.1% done in 456.1s, 2567.2s to go
on time step 1479 (time=184.875), 0.107762 s/step
Meep progress: 189.625/1225.4 = 15.5% done in 460.2s, 2513.8s to go
on time step 1517 (time=189.625), 0.107705 s/step
Meep progress: 194.375/1225.4 = 15.9% done in 464.3s, 2462.7s to go
on time step 1555 (time=194.375), 0.10707 s/step
Meep progress: 199.125/1225.4 = 16.2% done in 468.4s, 2413.9s to go
on time step 1593 (time=199.125), 0.107079 s/step
Meep progress: 203.875/1225.4 = 16.6% done in 472.4s, 2367.2s to go
on time step 1631 (time=203.875), 0.107588 s/step
Meep progress: 208.625/1225.4 = 17.0% done in 476.5s, 2322.4s to go
on time step 1669 (time=208.625), 0.107139 s/step
Meep progress: 213.375/1225.4 = 17.4% done in 480.6s, 2279.4s to go
on time step 1707 (time=213.375), 0.107161 s/step
Meep progress: 218.125/1225.4 = 17.8% done in 484.7s, 2238.1s to go
on time step 1745 (time=218.125), 0.10713 s/step
Meep progress: 222.875/1225.4 = 18.2% done in 488.8s, 2198.5s to go
on time step 1783 (time=222.875), 0.10791 s/step
Meep progress: 227.5/1225.4 = 18.6% done in 492.8s, 2161.4s to go
on time step 1820 (time=227.5), 0.108113 s/step
Meep progress: 232.25/1225.4 = 19.0% done in 496.8s, 2124.6s to go
on time step 1858 (time=232.25), 0.107278 s/step
Meep progress: 237.0/1225.4 = 19.3% done in 500.9s, 2089.1s to go
on time step 1896 (time=237), 0.107333 s/step
Meep progress: 241.75/1225.4 = 19.7% done in 505.0s, 2054.8s to go
on time step 1934 (time=241.75), 0.107383 s/step
Meep progress: 246.5/1225.4 = 20.1% done in 509.1s, 2021.7s to go
on time step 1972 (time=246.5), 0.10728 s/step
Meep progress: 251.25/1225.4 = 20.5% done in 513.2s, 1989.6s to go
on time step 2010 (time=251.25), 0.107146 s/step
Meep progress: 256.0/1225.4 = 20.9% done in 517.3s, 1958.7s to go
on time step 2048 (time=256), 0.107906 s/step
Meep progress: 260.75/1225.4 = 21.3% done in 521.3s, 1928.7s to go
on time step 2086 (time=260.75), 0.10763 s/step
Meep progress: 265.5/1225.4 = 21.7% done in 525.4s, 1899.6s to go
on time step 2124 (time=265.5), 0.107237 s/step
Meep progress: 270.25/1225.4 = 22.1% done in 529.5s, 1871.4s to go
on time step 2162 (time=270.25), 0.107096 s/step
Meep progress: 275.0/1225.4 = 22.4% done in 533.6s, 1844.0s to go
on time step 2200 (time=275), 0.107441 s/step
Meep progress: 279.75/1225.4 = 22.8% done in 537.6s, 1817.4s to go
on time step 2238 (time=279.75), 0.107084 s/step
Meep progress: 284.5/1225.4 = 23.2% done in 541.7s, 1791.6s to go
on time step 2276 (time=284.5), 0.107389 s/step
Meep progress: 289.25/1225.4 = 23.6% done in 545.8s, 1766.5s to go
on time step 2314 (time=289.25), 0.107128 s/step
Meep progress: 294.0/1225.4 = 24.0% done in 549.9s, 1742.1s to go
on time step 2352 (time=294), 0.10763 s/step
Meep progress: 298.75/1225.4 = 24.4% done in 554.0s, 1718.3s to go
on time step 2390 (time=298.75), 0.107002 s/step
Meep progress: 303.5/1225.4 = 24.8% done in 558.0s, 1695.1s to go
on time step 2428 (time=303.5), 0.107152 s/step
Meep progress: 308.25/1225.4 = 25.2% done in 562.1s, 1672.5s to go
on time step 2466 (time=308.25), 0.107348 s/step
Meep progress: 313.0/1225.4 = 25.5% done in 566.2s, 1650.4s to go
on time step 2504 (time=313), 0.107158 s/step
Meep progress: 317.75/1225.4 = 25.9% done in 570.3s, 1628.9s to go
on time step 2542 (time=317.75), 0.107127 s/step
Meep progress: 322.5/1225.4 = 26.3% done in 574.3s, 1608.0s to go
on time step 2580 (time=322.5), 0.107489 s/step
Meep progress: 327.125/1225.4 = 26.7% done in 578.4s, 1588.2s to go
on time step 2617 (time=327.125), 0.10879 s/step
Meep progress: 331.875/1225.4 = 27.1% done in 582.5s, 1568.2s to go
on time step 2655 (time=331.875), 0.107488 s/step
Meep progress: 336.625/1225.4 = 27.5% done in 586.5s, 1548.6s to go
on time step 2693 (time=336.625), 0.107366 s/step
Meep progress: 341.375/1225.4 = 27.9% done in 590.6s, 1529.5s to go
on time step 2731 (time=341.375), 0.107185 s/step
Meep progress: 346.125/1225.4 = 28.2% done in 594.7s, 1510.7s to go
on time step 2769 (time=346.125), 0.107282 s/step
Meep progress: 350.75/1225.4 = 28.6% done in 598.7s, 1493.0s to go
on time step 2806 (time=350.75), 0.109087 s/step
Meep progress: 355.5/1225.4 = 29.0% done in 602.8s, 1475.1s to go
on time step 2844 (time=355.5), 0.10747 s/step
Meep progress: 360.25/1225.4 = 29.4% done in 606.9s, 1457.5s to go
on time step 2882 (time=360.25), 0.107386 s/step
Meep progress: 364.875/1225.4 = 29.8% done in 610.9s, 1440.8s to go
on time step 2919 (time=364.875), 0.108922 s/step
Meep progress: 369.625/1225.4 = 30.2% done in 615.0s, 1423.9s to go
on time step 2957 (time=369.625), 0.107774 s/step
Meep progress: 374.375/1225.4 = 30.6% done in 619.1s, 1407.3s to go
on time step 2995 (time=374.375), 0.107361 s/step
Meep progress: 379.125/1225.4 = 30.9% done in 623.2s, 1391.1s to go
on time step 3033 (time=379.125), 0.107319 s/step
Meep progress: 383.875/1225.4 = 31.3% done in 627.3s, 1375.1s to go
on time step 3071 (time=383.875), 0.107267 s/step
Meep progress: 388.625/1225.4 = 31.7% done in 631.3s, 1359.4s to go
on time step 3109 (time=388.625), 0.107329 s/step
Meep progress: 393.375/1225.4 = 32.1% done in 635.4s, 1344.0s to go
on time step 3147 (time=393.375), 0.107626 s/step
Meep progress: 398.125/1225.4 = 32.5% done in 639.5s, 1328.9s to go
on time step 3185 (time=398.125), 0.107896 s/step
Meep progress: 402.75/1225.4 = 32.9% done in 643.5s, 1314.5s to go
on time step 3222 (time=402.75), 0.108183 s/step
Meep progress: 407.5/1225.4 = 33.3% done in 647.6s, 1299.8s to go
on time step 3260 (time=407.5), 0.106904 s/step
Meep progress: 412.25/1225.4 = 33.6% done in 651.7s, 1285.4s to go
on time step 3298 (time=412.25), 0.107186 s/step
Meep progress: 417.0/1225.4 = 34.0% done in 655.7s, 1271.2s to go
on time step 3336 (time=417), 0.107112 s/step
Meep progress: 421.75/1225.4 = 34.4% done in 659.8s, 1257.3s to go
on time step 3374 (time=421.75), 0.107064 s/step
Meep progress: 426.25/1225.4 = 34.8% done in 663.8s, 1244.6s to go
on time step 3410 (time=426.25), 0.111765 s/step
Meep progress: 431.0/1225.4 = 35.2% done in 667.9s, 1231.1s to go
on time step 3448 (time=431), 0.107193 s/step
Meep progress: 435.625/1225.4 = 35.5% done in 671.9s, 1218.2s to go
on time step 3485 (time=435.625), 0.108347 s/step
Meep progress: 440.125/1225.4 = 35.9% done in 676.0s, 1206.1s to go
on time step 3521 (time=440.125), 0.112465 s/step
Meep progress: 444.875/1225.4 = 36.3% done in 680.0s, 1193.1s to go
on time step 3559 (time=444.875), 0.107214 s/step
Meep progress: 449.625/1225.4 = 36.7% done in 684.1s, 1180.4s to go
on time step 3597 (time=449.625), 0.107501 s/step
Meep progress: 454.375/1225.4 = 37.1% done in 688.2s, 1167.8s to go
on time step 3635 (time=454.375), 0.107252 s/step
Meep progress: 459.125/1225.4 = 37.5% done in 692.3s, 1155.4s to go
on time step 3673 (time=459.125), 0.107236 s/step
Meep progress: 463.875/1225.4 = 37.9% done in 696.4s, 1143.2s to go
on time step 3711 (time=463.875), 0.107326 s/step
Meep progress: 468.5/1225.4 = 38.2% done in 700.4s, 1131.6s to go
on time step 3748 (time=468.5), 0.109121 s/step
Meep progress: 473.25/1225.4 = 38.6% done in 704.5s, 1119.7s to go
on time step 3786 (time=473.25), 0.107441 s/step
Meep progress: 478.0/1225.4 = 39.0% done in 708.6s, 1107.9s to go
on time step 3824 (time=478), 0.107238 s/step
Meep progress: 482.75/1225.4 = 39.4% done in 712.6s, 1096.3s to go
on time step 3862 (time=482.75), 0.10737 s/step
Meep progress: 487.5/1225.4 = 39.8% done in 716.7s, 1084.9s to go
on time step 3900 (time=487.5), 0.107323 s/step
Meep progress: 492.25/1225.4 = 40.2% done in 720.8s, 1073.6s to go
on time step 3938 (time=492.25), 0.107243 s/step
Meep progress: 496.75/1225.4 = 40.5% done in 724.8s, 1063.2s to go
on time step 3974 (time=496.75), 0.111334 s/step
Meep progress: 501.5/1225.4 = 40.9% done in 728.9s, 1052.1s to go
on time step 4012 (time=501.5), 0.107208 s/step
Meep progress: 506.125/1225.4 = 41.3% done in 732.9s, 1041.5s to go
on time step 4049 (time=506.125), 0.108155 s/step
Meep progress: 510.875/1225.4 = 41.7% done in 737.0s, 1030.7s to go
on time step 4087 (time=510.875), 0.106823 s/step
Meep progress: 515.625/1225.4 = 42.1% done in 741.0s, 1020.0s to go
on time step 4125 (time=515.625), 0.106515 s/step
Meep progress: 520.375/1225.4 = 42.5% done in 745.1s, 1009.4s to go
on time step 4163 (time=520.375), 0.106718 s/step
Meep progress: 525.125/1225.4 = 42.9% done in 749.1s, 999.0s to go
on time step 4201 (time=525.125), 0.106558 s/step
Meep progress: 529.875/1225.4 = 43.2% done in 753.2s, 988.6s to go
on time step 4239 (time=529.875), 0.106506 s/step
Meep progress: 534.625/1225.4 = 43.6% done in 757.2s, 978.4s to go
on time step 4277 (time=534.625), 0.106557 s/step
Meep progress: 539.25/1225.4 = 44.0% done in 761.2s, 968.6s to go
on time step 4314 (time=539.25), 0.108289 s/step
Meep progress: 544.0/1225.4 = 44.4% done in 765.3s, 958.6s to go
on time step 4352 (time=544), 0.106773 s/step
Meep progress: 548.75/1225.4 = 44.8% done in 769.3s, 948.6s to go
on time step 4390 (time=548.75), 0.106426 s/step
Meep progress: 553.5/1225.4 = 45.2% done in 773.4s, 938.8s to go
on time step 4428 (time=553.5), 0.106484 s/step
Meep progress: 558.25/1225.4 = 45.6% done in 777.4s, 929.1s to go
on time step 4466 (time=558.25), 0.107007 s/step
Meep progress: 563.0/1225.4 = 45.9% done in 781.5s, 919.5s to go
on time step 4504 (time=563), 0.106518 s/step
Meep progress: 567.625/1225.4 = 46.3% done in 785.5s, 910.3s to go
on time step 4541 (time=567.625), 0.108496 s/step
Meep progress: 572.375/1225.4 = 46.7% done in 789.5s, 900.8s to go
on time step 4579 (time=572.375), 0.106443 s/step
Meep progress: 577.0/1225.4 = 47.1% done in 793.6s, 891.8s to go
on time step 4616 (time=577), 0.108418 s/step
Meep progress: 581.75/1225.4 = 47.5% done in 797.6s, 882.5s to go
on time step 4654 (time=581.75), 0.106725 s/step
Meep progress: 586.5/1225.4 = 47.9% done in 801.7s, 873.3s to go
on time step 4692 (time=586.5), 0.106287 s/step
Meep progress: 591.25/1225.4 = 48.2% done in 805.7s, 864.2s to go
on time step 4730 (time=591.25), 0.106687 s/step
Meep progress: 596.0/1225.4 = 48.6% done in 809.8s, 855.1s to go
on time step 4768 (time=596), 0.106499 s/step
Meep progress: 600.75/1225.4 = 49.0% done in 813.8s, 846.2s to go
on time step 4806 (time=600.75), 0.106319 s/step
Meep progress: 605.5/1225.4 = 49.4% done in 817.9s, 837.3s to go
on time step 4844 (time=605.5), 0.106494 s/step
Meep progress: 610.125/1225.4 = 49.8% done in 821.9s, 828.8s to go
on time step 4882 (time=610.25), 0.107995 s/step
Meep progress: 614.875/1225.4 = 50.2% done in 826.0s, 820.1s to go
on time step 4920 (time=615), 0.108057 s/step
Meep progress: 619.625/1225.4 = 50.6% done in 830.0s, 811.5s to go
on time step 4958 (time=619.75), 0.106426 s/step
Meep progress: 624.375/1225.4 = 51.0% done in 834.0s, 802.9s to go
on time step 4996 (time=624.5), 0.106427 s/step
Meep progress: 629.125/1225.4 = 51.3% done in 838.1s, 794.3s to go
on time step 5034 (time=629.25), 0.106412 s/step
Meep progress: 633.875/1225.4 = 51.7% done in 842.1s, 785.9s to go
on time step 5072 (time=634), 0.106357 s/step
Meep progress: 638.625/1225.4 = 52.1% done in 846.2s, 777.5s to go
on time step 5110 (time=638.75), 0.106447 s/step
Meep progress: 643.375/1225.4 = 52.5% done in 850.2s, 769.2s to go
on time step 5148 (time=643.5), 0.106753 s/step
Meep progress: 648.0/1225.4 = 52.9% done in 854.3s, 761.2s to go
on time step 5185 (time=648.125), 0.108664 s/step
Meep progress: 652.625/1225.4 = 53.3% done in 858.3s, 753.3s to go
on time step 5222 (time=652.75), 0.110326 s/step
Meep progress: 657.375/1225.4 = 53.6% done in 862.4s, 745.2s to go
on time step 5260 (time=657.5), 0.106227 s/step
Meep progress: 662.125/1225.4 = 54.0% done in 866.4s, 737.1s to go
on time step 5298 (time=662.25), 0.106281 s/step
Meep progress: 666.875/1225.4 = 54.4% done in 870.5s, 729.0s to go
on time step 5336 (time=667), 0.106365 s/step
Meep progress: 671.625/1225.4 = 54.8% done in 874.5s, 721.1s to go
on time step 5374 (time=671.75), 0.106328 s/step
Meep progress: 676.125/1225.4 = 55.2% done in 878.5s, 713.7s to go
on time step 5410 (time=676.25), 0.111416 s/step
Meep progress: 680.875/1225.4 = 55.6% done in 882.6s, 705.9s to go
on time step 5448 (time=681), 0.108004 s/step
Meep progress: 685.625/1225.4 = 56.0% done in 886.7s, 698.1s to go
on time step 5486 (time=685.75), 0.107166 s/step
Meep progress: 690.375/1225.4 = 56.3% done in 890.8s, 690.3s to go
on time step 5524 (time=690.5), 0.106927 s/step
Meep progress: 695.125/1225.4 = 56.7% done in 894.8s, 682.6s to go
on time step 5562 (time=695.25), 0.106653 s/step
Meep progress: 699.75/1225.4 = 57.1% done in 898.9s, 675.2s to go
on time step 5599 (time=699.875), 0.109614 s/step
Meep progress: 704.5/1225.4 = 57.5% done in 902.9s, 667.6s to go
on time step 5637 (time=704.625), 0.106918 s/step
Meep progress: 709.25/1225.4 = 57.9% done in 907.0s, 660.1s to go
on time step 5675 (time=709.375), 0.106804 s/step
Meep progress: 714.0/1225.4 = 58.3% done in 911.1s, 652.5s to go
on time step 5713 (time=714.125), 0.106768 s/step
Meep progress: 718.625/1225.4 = 58.6% done in 915.1s, 645.3s to go
on time step 5751 (time=718.875), 0.108057 s/step
Meep progress: 723.375/1225.4 = 59.0% done in 919.1s, 637.9s to go
on time step 5789 (time=723.625), 0.106905 s/step
Meep progress: 728.125/1225.4 = 59.4% done in 923.2s, 630.5s to go
on time step 5827 (time=728.375), 0.106918 s/step
Meep progress: 732.875/1225.4 = 59.8% done in 927.3s, 623.2s to go
on time step 5865 (time=733.125), 0.107056 s/step
Meep progress: 737.625/1225.4 = 60.2% done in 931.3s, 615.9s to go
on time step 5903 (time=737.875), 0.106822 s/step
Meep progress: 742.375/1225.4 = 60.6% done in 935.4s, 608.6s to go
on time step 5941 (time=742.625), 0.10681 s/step
Meep progress: 747.125/1225.4 = 61.0% done in 939.4s, 601.4s to go
on time step 5979 (time=747.375), 0.107194 s/step
Meep progress: 751.75/1225.4 = 61.3% done in 943.5s, 594.4s to go
on time step 6017 (time=752.125), 0.107943 s/step
Meep progress: 756.5/1225.4 = 61.7% done in 947.5s, 587.3s to go
on time step 6055 (time=756.875), 0.106592 s/step
Meep progress: 761.25/1225.4 = 62.1% done in 951.6s, 580.2s to go
on time step 6093 (time=761.625), 0.106449 s/step
Meep progress: 766.0/1225.4 = 62.5% done in 955.6s, 573.1s to go
on time step 6131 (time=766.375), 0.106293 s/step
Meep progress: 770.75/1225.4 = 62.9% done in 959.7s, 566.1s to go
on time step 6169 (time=771.125), 0.106835 s/step
Meep progress: 775.5/1225.4 = 63.3% done in 963.7s, 559.1s to go
on time step 6207 (time=775.875), 0.106391 s/step
Meep progress: 780.0/1225.4 = 63.7% done in 967.7s, 552.6s to go
on time step 6243 (time=780.375), 0.11143 s/step
Meep progress: 784.75/1225.4 = 64.0% done in 971.8s, 545.7s to go
on time step 6281 (time=785.125), 0.107063 s/step
Meep progress: 789.375/1225.4 = 64.4% done in 975.8s, 539.0s to go
on time step 6318 (time=789.75), 0.108402 s/step
Meep progress: 794.125/1225.4 = 64.8% done in 979.9s, 532.2s to go
on time step 6356 (time=794.5), 0.10725 s/step
Meep progress: 798.875/1225.4 = 65.2% done in 983.9s, 525.3s to go
on time step 6394 (time=799.25), 0.107214 s/step
Meep progress: 803.625/1225.4 = 65.6% done in 988.0s, 518.6s to go
on time step 6432 (time=804), 0.107181 s/step
Meep progress: 808.375/1225.4 = 66.0% done in 992.1s, 511.8s to go
on time step 6470 (time=808.75), 0.107132 s/step
Meep progress: 813.125/1225.4 = 66.4% done in 996.2s, 505.1s to go
on time step 6508 (time=813.5), 0.107231 s/step
Meep progress: 817.75/1225.4 = 66.7% done in 1000.2s, 498.6s to go
on time step 6545 (time=818.125), 0.109975 s/step
Meep progress: 822.375/1225.4 = 67.1% done in 1004.3s, 492.2s to go
on time step 6582 (time=822.75), 0.108842 s/step
Meep progress: 827.125/1225.4 = 67.5% done in 1008.4s, 485.5s to go
on time step 6620 (time=827.5), 0.107394 s/step
Meep progress: 831.875/1225.4 = 67.9% done in 1012.4s, 478.9s to go
on time step 6658 (time=832.25), 0.107212 s/step
Meep progress: 836.625/1225.4 = 68.3% done in 1016.5s, 472.4s to go
on time step 6696 (time=837), 0.107236 s/step
Meep progress: 841.375/1225.4 = 68.7% done in 1020.6s, 465.8s to go
on time step 6734 (time=841.75), 0.107488 s/step
Meep progress: 846.125/1225.4 = 69.0% done in 1024.7s, 459.3s to go
on time step 6772 (time=846.5), 0.107162 s/step
Meep progress: 850.75/1225.4 = 69.4% done in 1028.7s, 453.0s to go
on time step 6809 (time=851.125), 0.108986 s/step
Meep progress: 855.5/1225.4 = 69.8% done in 1032.8s, 446.6s to go
on time step 6847 (time=855.875), 0.107783 s/step
Meep progress: 860.125/1225.4 = 70.2% done in 1036.8s, 440.3s to go
on time step 6884 (time=860.5), 0.108341 s/step
Meep progress: 864.875/1225.4 = 70.6% done in 1040.9s, 433.9s to go
on time step 6922 (time=865.25), 0.107325 s/step
Meep progress: 869.625/1225.4 = 71.0% done in 1045.0s, 427.5s to go
on time step 6960 (time=870), 0.107198 s/step
Meep progress: 874.25/1225.4 = 71.3% done in 1049.0s, 421.3s to go
on time step 6997 (time=874.625), 0.108938 s/step
Meep progress: 879.0/1225.4 = 71.7% done in 1053.1s, 415.0s to go
on time step 7035 (time=879.375), 0.107194 s/step
Meep progress: 883.75/1225.4 = 72.1% done in 1057.1s, 408.7s to go
on time step 7073 (time=884.125), 0.107237 s/step
Meep progress: 888.5/1225.4 = 72.5% done in 1061.2s, 402.4s to go
on time step 7111 (time=888.875), 0.107601 s/step
Meep progress: 893.25/1225.4 = 72.9% done in 1065.3s, 396.1s to go
on time step 7148 (time=893.5), 0.108183 s/step
Meep progress: 898.0/1225.4 = 73.3% done in 1069.4s, 389.9s to go
on time step 7186 (time=898.25), 0.107344 s/step
Meep progress: 902.75/1225.4 = 73.7% done in 1073.5s, 383.7s to go
on time step 7224 (time=903), 0.10718 s/step
Meep progress: 907.5/1225.4 = 74.1% done in 1077.6s, 377.5s to go
on time step 7262 (time=907.75), 0.107222 s/step
Meep progress: 912.25/1225.4 = 74.4% done in 1081.7s, 371.3s to go
on time step 7300 (time=912.5), 0.107562 s/step
Meep progress: 917.0/1225.4 = 74.8% done in 1085.7s, 365.1s to go
on time step 7338 (time=917.25), 0.107258 s/step
Meep progress: 921.5/1225.4 = 75.2% done in 1089.8s, 359.4s to go
on time step 7374 (time=921.75), 0.112449 s/step
Meep progress: 926.25/1225.4 = 75.6% done in 1093.9s, 353.3s to go
on time step 7412 (time=926.5), 0.106764 s/step
Meep progress: 931.0/1225.4 = 76.0% done in 1097.9s, 347.2s to go
on time step 7450 (time=931.25), 0.106725 s/step
Meep progress: 935.75/1225.4 = 76.4% done in 1102.0s, 341.1s to go
on time step 7488 (time=936), 0.106423 s/step
Meep progress: 940.5/1225.4 = 76.8% done in 1106.0s, 335.0s to go
on time step 7526 (time=940.75), 0.105978 s/step
Meep progress: 945.25/1225.4 = 77.1% done in 1110.0s, 329.0s to go
on time step 7564 (time=945.5), 0.106223 s/step
Meep progress: 950.0/1225.4 = 77.5% done in 1114.1s, 323.0s to go
on time step 7602 (time=950.25), 0.106099 s/step
Meep progress: 954.75/1225.4 = 77.9% done in 1118.1s, 317.0s to go
on time step 7640 (time=955), 0.105954 s/step
Meep progress: 959.25/1225.4 = 78.3% done in 1122.1s, 311.3s to go
on time step 7676 (time=959.5), 0.111192 s/step
Meep progress: 964.0/1225.4 = 78.7% done in 1126.1s, 305.4s to go
on time step 7714 (time=964.25), 0.106741 s/step
Meep progress: 968.625/1225.4 = 79.0% done in 1130.2s, 299.6s to go
on time step 7751 (time=968.875), 0.109625 s/step
Meep progress: 973.375/1225.4 = 79.4% done in 1134.2s, 293.7s to go
on time step 7789 (time=973.625), 0.106156 s/step
Meep progress: 978.125/1225.4 = 79.8% done in 1138.3s, 287.8s to go
on time step 7827 (time=978.375), 0.106124 s/step
Meep progress: 982.875/1225.4 = 80.2% done in 1142.3s, 281.9s to go
on time step 7865 (time=983.125), 0.106376 s/step
Meep progress: 987.625/1225.4 = 80.6% done in 1146.4s, 276.0s to go
on time step 7903 (time=987.875), 0.106196 s/step
Meep progress: 992.375/1225.4 = 81.0% done in 1150.4s, 270.1s to go
on time step 7941 (time=992.625), 0.106418 s/step
Meep progress: 997.125/1225.4 = 81.4% done in 1154.4s, 264.3s to go
on time step 7979 (time=997.375), 0.106157 s/step
Meep progress: 1001.875/1225.4 = 81.8% done in 1158.5s, 258.5s to go
on time step 8017 (time=1002.12), 0.106947 s/step
Meep progress: 1006.625/1225.4 = 82.1% done in 1162.5s, 252.7s to go
on time step 8055 (time=1006.88), 0.106093 s/step
Meep progress: 1011.375/1225.4 = 82.5% done in 1166.6s, 246.9s to go
on time step 8093 (time=1011.62), 0.106014 s/step
Meep progress: 1016.0/1225.4 = 82.9% done in 1170.6s, 241.3s to go
on time step 8130 (time=1016.25), 0.109463 s/step
Meep progress: 1020.75/1225.4 = 83.3% done in 1174.7s, 235.5s to go
on time step 8168 (time=1021), 0.10632 s/step
Meep progress: 1025.5/1225.4 = 83.7% done in 1178.7s, 229.8s to go
on time step 8206 (time=1025.75), 0.10618 s/step
Meep progress: 1030.25/1225.4 = 84.1% done in 1182.7s, 224.0s to go
on time step 8244 (time=1030.5), 0.106603 s/step
Meep progress: 1035.0/1225.4 = 84.5% done in 1186.8s, 218.3s to go
on time step 8282 (time=1035.25), 0.10726 s/step
Meep progress: 1039.75/1225.4 = 84.8% done in 1190.9s, 212.6s to go
on time step 8320 (time=1040), 0.106392 s/step
Meep progress: 1044.5/1225.4 = 85.2% done in 1194.9s, 206.9s to go
on time step 8358 (time=1044.75), 0.106122 s/step
Meep progress: 1049.125/1225.4 = 85.6% done in 1198.9s, 201.4s to go
on time step 8395 (time=1049.38), 0.109108 s/step
Meep progress: 1053.875/1225.4 = 86.0% done in 1203.0s, 195.8s to go
on time step 8433 (time=1054.12), 0.106432 s/step
Meep progress: 1058.625/1225.4 = 86.4% done in 1207.0s, 190.2s to go
on time step 8471 (time=1058.88), 0.106167 s/step
Meep progress: 1063.375/1225.4 = 86.8% done in 1211.1s, 184.5s to go
on time step 8509 (time=1063.62), 0.106978 s/step
Meep progress: 1068.125/1225.4 = 87.2% done in 1215.1s, 178.9s to go
on time step 8547 (time=1068.38), 0.10625 s/step
Meep progress: 1072.875/1225.4 = 87.6% done in 1219.2s, 173.3s to go
on time step 8585 (time=1073.12), 0.106682 s/step
Meep progress: 1077.625/1225.4 = 87.9% done in 1223.2s, 167.7s to go
on time step 8623 (time=1077.88), 0.106422 s/step
Meep progress: 1082.375/1225.4 = 88.3% done in 1227.3s, 162.2s to go
on time step 8661 (time=1082.62), 0.10606 s/step
Meep progress: 1087.125/1225.4 = 88.7% done in 1231.3s, 156.6s to go
on time step 8699 (time=1087.38), 0.106267 s/step
Meep progress: 1091.875/1225.4 = 89.1% done in 1235.3s, 151.1s to go
on time step 8737 (time=1092.12), 0.106168 s/step
Meep progress: 1096.625/1225.4 = 89.5% done in 1239.4s, 145.5s to go
on time step 8775 (time=1096.88), 0.106053 s/step
Meep progress: 1101.375/1225.4 = 89.9% done in 1243.4s, 140.0s to go
on time step 8813 (time=1101.62), 0.106912 s/step
Meep progress: 1106.125/1225.4 = 90.3% done in 1247.5s, 134.5s to go
on time step 8851 (time=1106.38), 0.107497 s/step
Meep progress: 1110.875/1225.4 = 90.7% done in 1251.6s, 129.0s to go
on time step 8889 (time=1111.12), 0.106317 s/step
Meep progress: 1115.625/1225.4 = 91.0% done in 1255.6s, 123.5s to go
on time step 8927 (time=1115.88), 0.106088 s/step
Meep progress: 1120.375/1225.4 = 91.4% done in 1259.6s, 118.1s to go
on time step 8965 (time=1120.62), 0.106082 s/step
Meep progress: 1125.125/1225.4 = 91.8% done in 1263.7s, 112.6s to go
on time step 9003 (time=1125.38), 0.106509 s/step
Meep progress: 1129.875/1225.4 = 92.2% done in 1267.7s, 107.2s to go
on time step 9041 (time=1130.12), 0.106102 s/step
Meep progress: 1134.625/1225.4 = 92.6% done in 1271.8s, 101.7s to go
on time step 9079 (time=1134.88), 0.106853 s/step
Meep progress: 1139.375/1225.4 = 93.0% done in 1275.8s, 96.3s to go
on time step 9117 (time=1139.62), 0.106135 s/step
Meep progress: 1144.125/1225.4 = 93.4% done in 1279.9s, 90.9s to go
on time step 9155 (time=1144.38), 0.107669 s/step
Meep progress: 1148.875/1225.4 = 93.8% done in 1284.0s, 85.5s to go
on time step 9193 (time=1149.12), 0.10707 s/step
Meep progress: 1153.625/1225.4 = 94.1% done in 1288.0s, 80.1s to go
on time step 9231 (time=1153.88), 0.106749 s/step
Meep progress: 1158.375/1225.4 = 94.5% done in 1292.1s, 74.8s to go
on time step 9269 (time=1158.62), 0.106927 s/step
Meep progress: 1163.125/1225.4 = 94.9% done in 1296.1s, 69.4s to go
on time step 9307 (time=1163.38), 0.106801 s/step
Meep progress: 1167.875/1225.4 = 95.3% done in 1300.2s, 64.0s to go
on time step 9345 (time=1168.12), 0.107034 s/step
Meep progress: 1172.625/1225.4 = 95.7% done in 1304.3s, 58.7s to go
on time step 9383 (time=1172.88), 0.107415 s/step
Meep progress: 1177.25/1225.4 = 96.1% done in 1308.3s, 53.5s to go
on time step 9420 (time=1177.5), 0.108695 s/step
Meep progress: 1182.0/1225.4 = 96.5% done in 1312.4s, 48.2s to go
on time step 9458 (time=1182.25), 0.107026 s/step
Meep progress: 1186.75/1225.4 = 96.8% done in 1316.4s, 42.9s to go
on time step 9496 (time=1187), 0.106878 s/step
Meep progress: 1191.5/1225.4 = 97.2% done in 1320.5s, 37.6s to go
on time step 9534 (time=1191.75), 0.106841 s/step
Meep progress: 1196.25/1225.4 = 97.6% done in 1324.6s, 32.3s to go
on time step 9572 (time=1196.5), 0.107056 s/step
Meep progress: 1201.0/1225.4 = 98.0% done in 1328.6s, 27.0s to go
on time step 9610 (time=1201.25), 0.10685 s/step
Meep progress: 1205.75/1225.4 = 98.4% done in 1332.7s, 21.7s to go
on time step 9648 (time=1206), 0.10717 s/step
Meep progress: 1210.5/1225.4 = 98.8% done in 1336.8s, 16.5s to go
on time step 9686 (time=1210.75), 0.106818 s/step
Meep progress: 1215.25/1225.4 = 99.2% done in 1340.8s, 11.2s to go
on time step 9724 (time=1215.5), 0.107264 s/step
Meep progress: 1220.0/1225.4 = 99.6% done in 1344.9s, 6.0s to go
on time step 9762 (time=1220.25), 0.107344 s/step
Meep progress: 1224.75/1225.4 = 99.9% done in 1349.0s, 0.7s to go
on time step 9800 (time=1225), 0.107035 s/step
run 0 finished at t = 1225.5 (9804 timesteps)
creating output file "./MidFlux-X1.h5"...
