no change     /nfs/home/vpais/miniconda/condabin/conda
no change     /nfs/home/vpais/miniconda/bin/conda
no change     /nfs/home/vpais/miniconda/bin/conda-env
no change     /nfs/home/vpais/miniconda/bin/activate
no change     /nfs/home/vpais/miniconda/bin/deactivate
no change     /nfs/home/vpais/miniconda/etc/profile.d/conda.sh
no change     /nfs/home/vpais/miniconda/etc/fish/conf.d/conda.fish
no change     /nfs/home/vpais/miniconda/shell/condabin/Conda.psm1
no change     /nfs/home/vpais/miniconda/shell/condabin/conda-hook.ps1
no change     /nfs/home/vpais/miniconda/lib/python3.9/site-packages/xontrib/conda.xsh
no change     /nfs/home/vpais/miniconda/etc/profile.d/conda.csh
no change     /nfs/home/vpais/.bashrc
No action taken.
Using MPI version 3.1, 1 processes
Using MPI version 3.1, 1 processes
Using MPI version 3.1, 1 processes
Using MPI version 3.1, 1 processes
Using MPI version 3.1, 1 processes
Using MPI version 3.1, 1 processes
Using MPI version 3.1, 1 processes
Using MPI version 3.1, 1 processes
Using MPI version 3.1, 1 processes
Using MPI version 3.1, 1 processes
Using MPI version 3.1, 1 processes
Using MPI version 3.1, 1 processes
Using MPI version 3.1, 1 processes
Using MPI version 3.1, 1 processes
Using MPI version 3.1, 1 processes
Using MPI version 3.1, 1 processes
Using MPI version 3.1, 1 processes
Using MPI version 3.1, 1 processes
Using MPI version 3.1, 1 processes
Using MPI version 3.1, 1 processes
Using MPI version 3.1, 1 processes
Using MPI version 3.1, 1 processes
Using MPI version 3.1, 1 processes

Elapsed run time = 7.0879 s

Elapsed run time = 7.3746 s

Elapsed run time = 6.9925 s

Elapsed run time = 6.8889 s

Elapsed run time = 7.0937 s

Elapsed run time = 7.0649 s

Elapsed run time = 7.4329 s
Using MPI version 3.1, 1 processes

Elapsed run time = 7.0400 s

Elapsed run time = 6.9327 s

Elapsed run time = 7.2311 s

Elapsed run time = 7.2050 s

Elapsed run time = 7.1508 s

Elapsed run time = 7.0893 s

Elapsed run time = 7.2132 s

Elapsed run time = 6.9882 s
Using MPI version 3.1, 1 processes

Elapsed run time = 7.1385 s
Using MPI version 3.1, 1 processes

Elapsed run time = 6.9076 s
Using MPI version 3.1, 1 processes
Using MPI version 3.1, 1 processes

Elapsed run time = 7.1327 s

Elapsed run time = 7.1660 s

Elapsed run time = 6.9070 s

Elapsed run time = 6.9881 s

Elapsed run time = 7.0757 s
Using MPI version 3.1, 1 processes
Using MPI version 3.1, 1 processes
Using MPI version 3.1, 1 processes
Using MPI version 3.1, 1 processes

Elapsed run time = 7.1586 s

Elapsed run time = 7.1588 s

Elapsed run time = 6.9549 s
Using MPI version 3.1, 1 processes
Using MPI version 3.1, 1 processes
Using MPI version 3.1, 1 processes
Using MPI version 3.1, 1 processes
Using MPI version 3.1, 1 processes

Elapsed run time = 6.9828 s
Using MPI version 3.1, 1 processes

Elapsed run time = 7.0492 s
Using MPI version 3.1, 1 processes
Using MPI version 3.1, 1 processes

Elapsed run time = 6.9807 s

Elapsed run time = 7.5106 s

Elapsed run time = 7.2651 s
Using MPI version 3.1, 1 processes
Using MPI version 3.1, 1 processes
Using MPI version 3.1, 1 processes

Elapsed run time = 7.0418 s

Elapsed run time = 7.1255 s

Elapsed run time = 7.2843 s
Using MPI version 3.1, 1 processes

Elapsed run time = 7.4905 s

Elapsed run time = 7.2184 s
Using MPI version 3.1, 1 processes

Elapsed run time = 7.1843 s
Using MPI version 3.1, 1 processes

Elapsed run time = 7.2149 s

Elapsed run time = 7.3454 s
Using MPI version 3.1, 1 processes

Elapsed run time = 7.3609 s
Using MPI version 3.1, 1 processes
Using MPI version 3.1, 1 processes
Using MPI version 3.1, 1 processes

Elapsed run time = 7.4882 s

Elapsed run time = 7.0278 s
Using MPI version 3.1, 1 processes

Elapsed run time = 7.3396 s

Elapsed run time = 7.5551 s
Using MPI version 3.1, 1 processes
Medium should be stable according to frequency and resolution criteria.
All resonant frequencies are small enough for this resolution.
Medium could be unstable according to dimensions and index criteria.
Maximum Courant factor should be 0.20893145279749673
As a whole, the simulation could not be stable
Recommended maximum courant factor is 0.20893145279749673
-----------
Initializing structure...
time for choose_chunkdivision = 0.00254989 s
Working in 3D dimensions.
Computational cell is 60 x 60 x 60 with resolution 2
Using MPI version 3.1, 1 processes
Using MPI version 3.1, 1 processes
Using MPI version 3.1, 1 processes
Using MPI version 3.1, 1 processes
Using MPI version 3.1, 1 processes
Medium should be stable according to frequency and resolution criteria.
All resonant frequencies are small enough for this resolution.
Medium could be unstable according to dimensions and index criteria.
Maximum Courant factor should be 0.20893145279749673
As a whole, the simulation could not be stable
Recommended maximum courant factor is 0.20893145279749673
-----------
Initializing structure...
time for choose_chunkdivision = 0.00307894 s
Working in 3D dimensions.
Computational cell is 60 x 60 x 60 with resolution 2

Elapsed run time = 7.1791 s
Using MPI version 3.1, 1 processes
Using MPI version 3.1, 1 processes

Elapsed run time = 7.1349 s

Elapsed run time = 7.6840 s

Elapsed run time = 7.3588 s

Elapsed run time = 7.2685 s
Using MPI version 3.1, 1 processes

Elapsed run time = 7.2579 s
Using MPI version 3.1, 1 processes
Using MPI version 3.1, 1 processes
Using MPI version 3.1, 1 processes
Medium should be stable according to frequency and resolution criteria.
All resonant frequencies are small enough for this resolution.
Medium could be unstable according to dimensions and index criteria.
Maximum Courant factor should be 0.20893145279749673
As a whole, the simulation could not be stable
Recommended maximum courant factor is 0.20893145279749673
-----------
Initializing structure...
time for choose_chunkdivision = 0.00398707 s
Working in 3D dimensions.
Computational cell is 60 x 60 x 60 with resolution 2

Elapsed run time = 7.0908 s

Elapsed run time = 7.3231 s

Elapsed run time = 7.2354 s

Elapsed run time = 7.1481 s

Elapsed run time = 7.3670 s

Elapsed run time = 7.1357 s

Elapsed run time = 7.5790 s

Elapsed run time = 7.1387 s

Elapsed run time = 7.3390 s

Elapsed run time = 7.3363 s

Elapsed run time = 7.2161 s
Using MPI version 3.1, 1 processes
Medium should be stable according to frequency and resolution criteria.
All resonant frequencies are small enough for this resolution.
Medium could be unstable according to dimensions and index criteria.
Maximum Courant factor should be 0.20893145279749673
As a whole, the simulation could not be stable
Recommended maximum courant factor is 0.20893145279749673
-----------
Initializing structure...
time for choose_chunkdivision = 0.00293088 s
Working in 3D dimensions.
Computational cell is 60 x 60 x 60 with resolution 2
time for set_epsilon = 6.92855 s
-----------
time for set_epsilon = 6.95869 s
-----------
time for set_epsilon = 7.04516 s
-----------
time for set_epsilon = 7.53358 s
-----------
Meep progress: 0.25/1224.0 = 0.0% done in 9.0s, 44070.2s to go
on time step 1 (time=0.25), 9.00315 s/step
Meep progress: 0.25/1224.0 = 0.0% done in 9.2s, 45036.0s to go
on time step 1 (time=0.25), 9.20043 s/step
Meep progress: 0.25/1224.0 = 0.0% done in 9.0s, 43928.4s to go
on time step 1 (time=0.25), 8.97415 s/step
Meep progress: 0.25/1224.0 = 0.0% done in 9.2s, 45056.7s to go
on time step 1 (time=0.25), 9.20483 s/step
Meep progress: 6.75/1224.0 = 0.6% done in 13.0s, 2348.1s to go
on time step 27 (time=6.75), 0.154523 s/step
Meep progress: 6.75/1224.0 = 0.6% done in 13.3s, 2399.6s to go
on time step 27 (time=6.75), 0.157912 s/step
Meep progress: 6.75/1224.0 = 0.6% done in 13.0s, 2344.4s to go
on time step 27 (time=6.75), 0.154846 s/step
Meep progress: 6.75/1224.0 = 0.6% done in 13.3s, 2401.6s to go
on time step 27 (time=6.75), 0.158177 s/step
Meep progress: 13.5/1224.0 = 1.1% done in 17.1s, 1536.9s to go
on time step 54 (time=13.5), 0.152579 s/step
Meep progress: 13.25/1224.0 = 1.1% done in 17.0s, 1556.8s to go
on time step 53 (time=13.25), 0.15526 s/step
Meep progress: 13.25/1224.0 = 1.1% done in 17.4s, 1592.8s to go
on time step 53 (time=13.25), 0.158623 s/step
Meep progress: 13.25/1224.0 = 1.1% done in 17.4s, 1594.2s to go
on time step 53 (time=13.25), 0.158786 s/step
Meep progress: 20.0/1224.0 = 1.6% done in 21.2s, 1274.3s to go
on time step 80 (time=20), 0.154881 s/step
Meep progress: 19.75/1224.0 = 1.6% done in 21.1s, 1284.1s to go
on time step 79 (time=19.75), 0.15472 s/step
Meep progress: 19.75/1224.0 = 1.6% done in 21.6s, 1314.4s to go
on time step 79 (time=19.75), 0.158693 s/step
Meep progress: 19.75/1224.0 = 1.6% done in 21.6s, 1315.4s to go
on time step 79 (time=19.75), 0.158706 s/step
Meep progress: 26.5/1224.0 = 2.2% done in 25.2s, 1138.7s to go
on time step 106 (time=26.5), 0.155087 s/step
Meep progress: 26.5/1224.0 = 2.2% done in 25.2s, 1139.2s to go
on time step 106 (time=26.5), 0.153713 s/step
Meep progress: 26.25/1224.0 = 2.1% done in 25.7s, 1171.8s to go
on time step 105 (time=26.25), 0.158672 s/step
Meep progress: 26.25/1224.0 = 2.1% done in 25.7s, 1172.2s to go
on time step 105 (time=26.25), 0.158359 s/step
Meep progress: 33.0/1224.0 = 2.7% done in 29.2s, 1055.0s to go
on time step 132 (time=33), 0.155113 s/step
Meep progress: 33.0/1224.0 = 2.7% done in 29.2s, 1054.8s to go
on time step 132 (time=33), 0.154478 s/step
Meep progress: 32.75/1224.0 = 2.7% done in 29.8s, 1084.1s to go
on time step 131 (time=32.75), 0.158527 s/step
Meep progress: 32.75/1224.0 = 2.7% done in 29.8s, 1083.1s to go
on time step 131 (time=32.75), 0.157175 s/step
Meep progress: 39.5/1224.0 = 3.2% done in 33.3s, 997.4s to go
on time step 158 (time=39.5), 0.154973 s/step
Meep progress: 39.5/1224.0 = 3.2% done in 33.2s, 997.0s to go
on time step 158 (time=39.5), 0.154656 s/step
Meep progress: 39.25/1224.0 = 3.2% done in 33.9s, 1023.1s to go
on time step 157 (time=39.25), 0.157383 s/step
Meep progress: 39.25/1224.0 = 3.2% done in 33.8s, 1021.0s to go
on time step 157 (time=39.25), 0.155694 s/step
Meep progress: 46.0/1224.0 = 3.8% done in 37.3s, 954.8s to go
on time step 184 (time=46), 0.154743 s/step
Meep progress: 46.0/1224.0 = 3.8% done in 37.3s, 954.7s to go
on time step 184 (time=46), 0.155059 s/step
Meep progress: 45.75/1224.0 = 3.7% done in 38.0s, 977.4s to go
on time step 183 (time=45.75), 0.155953 s/step
Meep progress: 45.75/1224.0 = 3.7% done in 37.8s, 974.8s to go
on time step 183 (time=45.75), 0.154769 s/step
Meep progress: 52.5/1224.0 = 4.3% done in 41.3s, 921.7s to go
on time step 210 (time=52.5), 0.154565 s/step
Meep progress: 52.5/1224.0 = 4.3% done in 41.3s, 921.6s to go
on time step 210 (time=52.5), 0.154668 s/step
Meep progress: 52.25/1224.0 = 4.3% done in 42.0s, 942.0s to go
on time step 209 (time=52.25), 0.155906 s/step
Meep progress: 52.25/1224.0 = 4.3% done in 41.9s, 940.3s to go
on time step 209 (time=52.25), 0.157001 s/step
Meep progress: 59.0/1224.0 = 4.8% done in 45.3s, 895.0s to go
on time step 236 (time=59), 0.154631 s/step
Meep progress: 59.25/1224.0 = 4.8% done in 45.4s, 893.3s to go
on time step 237 (time=59.25), 0.153389 s/step
Meep progress: 58.75/1224.0 = 4.8% done in 46.1s, 914.4s to go
on time step 235 (time=58.75), 0.157667 s/step
Meep progress: 58.75/1224.0 = 4.8% done in 46.0s, 913.2s to go
on time step 235 (time=58.75), 0.158207 s/step
Meep progress: 65.5/1224.0 = 5.4% done in 49.4s, 873.0s to go
on time step 262 (time=65.5), 0.15505 s/step
Meep progress: 65.75/1224.0 = 5.4% done in 49.5s, 871.5s to go
on time step 263 (time=65.75), 0.154949 s/step
Meep progress: 65.25/1224.0 = 5.3% done in 50.2s, 891.9s to go
on time step 261 (time=65.25), 0.158414 s/step
Meep progress: 65.25/1224.0 = 5.3% done in 50.2s, 890.9s to go
on time step 261 (time=65.25), 0.158513 s/step
Meep progress: 72.0/1224.0 = 5.9% done in 53.4s, 854.1s to go
on time step 288 (time=72), 0.154903 s/step
Meep progress: 72.25/1224.0 = 5.9% done in 53.5s, 852.9s to go
on time step 289 (time=72.25), 0.15508 s/step
Meep progress: 71.75/1224.0 = 5.9% done in 54.3s, 872.7s to go
on time step 287 (time=71.75), 0.158341 s/step
Meep progress: 71.75/1224.0 = 5.9% done in 54.3s, 871.8s to go
on time step 287 (time=71.75), 0.15851 s/step
Meep progress: 78.5/1224.0 = 6.4% done in 57.4s, 837.8s to go
on time step 314 (time=78.5), 0.154976 s/step
Meep progress: 78.75/1224.0 = 6.4% done in 57.5s, 836.7s to go
on time step 315 (time=78.75), 0.155079 s/step
Meep progress: 78.25/1224.0 = 6.4% done in 58.5s, 856.0s to go
on time step 313 (time=78.25), 0.158601 s/step
Meep progress: 78.25/1224.0 = 6.4% done in 58.4s, 855.3s to go
on time step 313 (time=78.25), 0.158618 s/step
Meep progress: 85.0/1224.0 = 6.9% done in 61.5s, 823.4s to go
on time step 340 (time=85), 0.15527 s/step
Meep progress: 85.25/1224.0 = 7.0% done in 61.6s, 822.3s to go
on time step 341 (time=85.25), 0.15464 s/step
Meep progress: 84.75/1224.0 = 6.9% done in 62.6s, 841.3s to go
on time step 339 (time=84.75), 0.158643 s/step
Meep progress: 84.75/1224.0 = 6.9% done in 62.5s, 840.6s to go
on time step 339 (time=84.75), 0.158496 s/step
Meep progress: 91.5/1224.0 = 7.5% done in 65.5s, 810.5s to go
on time step 366 (time=91.5), 0.155246 s/step
Meep progress: 92.0/1224.0 = 7.5% done in 65.6s, 807.8s to go
on time step 368 (time=92), 0.151544 s/step
Meep progress: 91.25/1224.0 = 7.5% done in 66.7s, 828.1s to go
on time step 365 (time=91.25), 0.158581 s/step
Meep progress: 91.25/1224.0 = 7.5% done in 66.7s, 827.4s to go
on time step 365 (time=91.25), 0.158478 s/step
Meep progress: 98.0/1224.0 = 8.0% done in 69.5s, 798.7s to go
on time step 392 (time=98), 0.154736 s/step
Meep progress: 98.5/1224.0 = 8.0% done in 69.7s, 796.1s to go
on time step 394 (time=98.5), 0.154714 s/step
Meep progress: 97.75/1224.0 = 8.0% done in 70.8s, 816.2s to go
on time step 391 (time=97.75), 0.158688 s/step
Meep progress: 97.75/1224.0 = 8.0% done in 70.8s, 815.5s to go
on time step 391 (time=97.75), 0.158695 s/step
Meep progress: 104.5/1224.0 = 8.5% done in 73.5s, 787.7s to go
on time step 418 (time=104.5), 0.154622 s/step
Meep progress: 105.0/1224.0 = 8.6% done in 73.7s, 785.5s to go
on time step 420 (time=105), 0.155124 s/step
Meep progress: 104.25/1224.0 = 8.5% done in 75.0s, 805.1s to go
on time step 417 (time=104.25), 0.158546 s/step
Meep progress: 104.25/1224.0 = 8.5% done in 74.9s, 804.5s to go
on time step 417 (time=104.25), 0.158488 s/step
Meep progress: 111.0/1224.0 = 9.1% done in 77.5s, 777.6s to go
on time step 444 (time=111), 0.154506 s/step
Meep progress: 111.5/1224.0 = 9.1% done in 77.7s, 775.5s to go
on time step 446 (time=111.5), 0.154644 s/step
Meep progress: 110.75/1224.0 = 9.0% done in 79.1s, 794.9s to go
on time step 443 (time=110.75), 0.158258 s/step
Meep progress: 110.75/1224.0 = 9.0% done in 79.0s, 794.2s to go
on time step 443 (time=110.75), 0.158071 s/step
Meep progress: 117.5/1224.0 = 9.6% done in 81.6s, 768.2s to go
on time step 470 (time=117.5), 0.154981 s/step
Meep progress: 118.0/1224.0 = 9.6% done in 81.7s, 766.1s to go
on time step 472 (time=118), 0.154398 s/step
Meep progress: 117.25/1224.0 = 9.6% done in 83.2s, 785.2s to go
on time step 469 (time=117.25), 0.158101 s/step
Meep progress: 117.25/1224.0 = 9.6% done in 83.1s, 784.2s to go
on time step 469 (time=117.25), 0.156369 s/step
Meep progress: 124.0/1224.0 = 10.1% done in 85.6s, 759.4s to go
on time step 496 (time=124), 0.155051 s/step
Meep progress: 124.5/1224.0 = 10.2% done in 85.8s, 757.4s to go
on time step 498 (time=124.5), 0.154759 s/step
Meep progress: 123.75/1224.0 = 10.1% done in 87.3s, 776.1s to go
on time step 495 (time=123.75), 0.158008 s/step
Meep progress: 123.75/1224.0 = 10.1% done in 87.1s, 774.4s to go
on time step 495 (time=123.75), 0.155007 s/step
Meep progress: 130.5/1224.0 = 10.7% done in 89.6s, 751.1s to go
on time step 522 (time=130.5), 0.154879 s/step
Meep progress: 131.0/1224.0 = 10.7% done in 89.8s, 749.1s to go
on time step 524 (time=131), 0.15457 s/step
Meep progress: 130.25/1224.0 = 10.6% done in 91.3s, 767.1s to go
on time step 521 (time=130.25), 0.155894 s/step
Meep progress: 130.5/1224.0 = 10.7% done in 91.2s, 764.3s to go
on time step 522 (time=130.5), 0.152297 s/step
Meep progress: 137.0/1224.0 = 11.2% done in 93.7s, 743.1s to go
on time step 548 (time=137), 0.154529 s/step
Meep progress: 137.5/1224.0 = 11.2% done in 93.8s, 741.2s to go
on time step 550 (time=137.5), 0.154583 s/step
Meep progress: 136.75/1224.0 = 11.2% done in 95.4s, 758.8s to go
on time step 547 (time=136.75), 0.157277 s/step
Meep progress: 137.0/1224.0 = 11.2% done in 95.2s, 755.6s to go
on time step 548 (time=137), 0.154401 s/step
Meep progress: 143.75/1224.0 = 11.7% done in 97.8s, 734.9s to go
on time step 575 (time=143.75), 0.15314 s/step
Meep progress: 144.0/1224.0 = 11.8% done in 97.8s, 733.7s to go
on time step 576 (time=144), 0.154881 s/step
Meep progress: 143.25/1224.0 = 11.7% done in 99.5s, 750.7s to go
on time step 573 (time=143.25), 0.156513 s/step
Meep progress: 143.5/1224.0 = 11.7% done in 99.3s, 747.8s to go
on time step 574 (time=143.5), 0.157244 s/step
Meep progress: 150.25/1224.0 = 12.3% done in 101.8s, 727.5s to go
on time step 601 (time=150.25), 0.154339 s/step
Meep progress: 150.5/1224.0 = 12.3% done in 101.9s, 726.5s to go
on time step 602 (time=150.5), 0.155007 s/step
Meep progress: 149.75/1224.0 = 12.2% done in 103.6s, 743.2s to go
on time step 599 (time=149.75), 0.157324 s/step
Meep progress: 150.0/1224.0 = 12.3% done in 103.4s, 740.6s to go
on time step 600 (time=150), 0.15848 s/step
Meep progress: 156.75/1224.0 = 12.8% done in 105.8s, 720.5s to go
on time step 627 (time=156.75), 0.154618 s/step
Meep progress: 157.0/1224.0 = 12.8% done in 105.9s, 719.6s to go
on time step 628 (time=157), 0.155052 s/step
Meep progress: 156.25/1224.0 = 12.8% done in 107.7s, 736.1s to go
on time step 625 (time=156.25), 0.158323 s/step
Meep progress: 156.5/1224.0 = 12.8% done in 107.6s, 733.7s to go
on time step 626 (time=156.5), 0.15836 s/step
Meep progress: 163.25/1224.0 = 13.3% done in 109.9s, 713.8s to go
on time step 653 (time=163.25), 0.155276 s/step
Meep progress: 163.5/1224.0 = 13.4% done in 109.9s, 712.8s to go
on time step 654 (time=163.5), 0.154181 s/step
Meep progress: 162.75/1224.0 = 13.3% done in 111.8s, 729.2s to go
on time step 651 (time=162.75), 0.158392 s/step
Meep progress: 163.0/1224.0 = 13.3% done in 111.7s, 726.9s to go
on time step 652 (time=163), 0.158384 s/step
Meep progress: 169.75/1224.0 = 13.9% done in 113.9s, 707.4s to go
on time step 679 (time=169.75), 0.155342 s/step
Meep progress: 170.25/1224.0 = 13.9% done in 114.0s, 705.5s to go
on time step 681 (time=170.25), 0.151331 s/step
Meep progress: 169.25/1224.0 = 13.8% done in 115.9s, 722.6s to go
on time step 677 (time=169.25), 0.15838 s/step
Meep progress: 169.5/1224.0 = 13.8% done in 115.8s, 720.4s to go
on time step 678 (time=169.5), 0.158442 s/step
Meep progress: 176.25/1224.0 = 14.4% done in 117.9s, 701.0s to go
on time step 705 (time=176.25), 0.155024 s/step
Meep progress: 176.75/1224.0 = 14.4% done in 118.0s, 699.1s to go
on time step 707 (time=176.75), 0.154337 s/step
Meep progress: 175.75/1224.0 = 14.4% done in 120.1s, 716.1s to go
on time step 703 (time=175.75), 0.158284 s/step
Meep progress: 176.0/1224.0 = 14.4% done in 119.9s, 714.0s to go
on time step 704 (time=176), 0.158276 s/step
Meep progress: 182.75/1224.0 = 14.9% done in 122.0s, 694.9s to go
on time step 731 (time=182.75), 0.155071 s/step
Meep progress: 183.25/1224.0 = 15.0% done in 122.0s, 693.0s to go
on time step 733 (time=183.25), 0.154956 s/step
Meep progress: 182.25/1224.0 = 14.9% done in 124.1s, 709.6s to go
on time step 729 (time=182.25), 0.156775 s/step
Meep progress: 182.5/1224.0 = 14.9% done in 124.0s, 707.5s to go
on time step 730 (time=182.5), 0.156436 s/step
Meep progress: 189.25/1224.0 = 15.5% done in 126.0s, 688.7s to go
on time step 757 (time=189.25), 0.153854 s/step
Meep progress: 189.75/1224.0 = 15.5% done in 126.0s, 687.0s to go
on time step 759 (time=189.75), 0.154624 s/step
Meep progress: 188.75/1224.0 = 15.4% done in 128.2s, 703.4s to go
on time step 755 (time=188.75), 0.157662 s/step
Meep progress: 189.0/1224.0 = 15.4% done in 128.1s, 701.4s to go
on time step 756 (time=189), 0.157898 s/step
Meep progress: 196.0/1224.0 = 16.0% done in 130.1s, 682.1s to go
on time step 784 (time=196), 0.151579 s/step
Meep progress: 196.25/1224.0 = 16.0% done in 130.1s, 681.1s to go
on time step 785 (time=196.25), 0.154548 s/step
Meep progress: 195.25/1224.0 = 16.0% done in 132.4s, 697.4s to go
on time step 781 (time=195.25), 0.158448 s/step
Meep progress: 195.5/1224.0 = 16.0% done in 132.2s, 695.5s to go
on time step 782 (time=195.5), 0.158214 s/step
Meep progress: 202.75/1224.0 = 16.6% done in 134.1s, 675.6s to go
on time step 811 (time=202.75), 0.150988 s/step
Meep progress: 202.75/1224.0 = 16.6% done in 134.1s, 675.4s to go
on time step 811 (time=202.75), 0.155011 s/step
Meep progress: 201.75/1224.0 = 16.5% done in 136.5s, 691.4s to go
on time step 807 (time=201.75), 0.157554 s/step
Meep progress: 202.0/1224.0 = 16.5% done in 136.3s, 689.5s to go
on time step 808 (time=202), 0.15693 s/step
Meep progress: 209.25/1224.0 = 17.1% done in 138.1s, 669.9s to go
on time step 837 (time=209.25), 0.15432 s/step
Meep progress: 209.25/1224.0 = 17.1% done in 138.1s, 669.8s to go
on time step 837 (time=209.25), 0.154775 s/step
Meep progress: 208.25/1224.0 = 17.0% done in 140.6s, 685.6s to go
on time step 833 (time=208.25), 0.158086 s/step
Meep progress: 208.5/1224.0 = 17.0% done in 140.3s, 683.5s to go
on time step 834 (time=208.5), 0.156083 s/step
Meep progress: 215.75/1224.0 = 17.6% done in 142.2s, 664.4s to go
on time step 863 (time=215.75), 0.1551 s/step
Meep progress: 215.75/1224.0 = 17.6% done in 142.1s, 664.3s to go
on time step 863 (time=215.75), 0.154847 s/step
Meep progress: 214.75/1224.0 = 17.5% done in 144.7s, 679.9s to go
on time step 859 (time=214.75), 0.157953 s/step
Meep progress: 215.0/1224.0 = 17.6% done in 144.4s, 677.4s to go
on time step 860 (time=215), 0.154409 s/step
Meep progress: 222.25/1224.0 = 18.2% done in 146.2s, 659.0s to go
on time step 889 (time=222.25), 0.155221 s/step
Meep progress: 222.25/1224.0 = 18.2% done in 146.2s, 658.8s to go
on time step 889 (time=222.25), 0.154709 s/step
Meep progress: 221.25/1224.0 = 18.1% done in 148.8s, 674.3s to go
on time step 885 (time=221.25), 0.158013 s/step
Meep progress: 221.5/1224.0 = 18.1% done in 148.4s, 671.5s to go
on time step 886 (time=221.5), 0.154244 s/step
Meep progress: 228.75/1224.0 = 18.7% done in 150.2s, 653.7s to go
on time step 915 (time=228.75), 0.155068 s/step
Meep progress: 228.75/1224.0 = 18.7% done in 150.2s, 653.5s to go
on time step 915 (time=228.75), 0.154733 s/step
Meep progress: 227.75/1224.0 = 18.6% done in 152.9s, 668.8s to go
on time step 911 (time=227.75), 0.157888 s/step
Meep progress: 228.0/1224.0 = 18.6% done in 152.4s, 665.8s to go
on time step 912 (time=228), 0.15558 s/step
Meep progress: 235.25/1224.0 = 19.2% done in 154.3s, 648.4s to go
on time step 941 (time=235.25), 0.154746 s/step
Meep progress: 235.25/1224.0 = 19.2% done in 154.2s, 648.2s to go
on time step 941 (time=235.25), 0.155099 s/step
Meep progress: 234.25/1224.0 = 19.1% done in 157.0s, 663.4s to go
on time step 937 (time=234.25), 0.158293 s/step
Meep progress: 234.5/1224.0 = 19.2% done in 156.5s, 660.3s to go
on time step 938 (time=234.5), 0.1569 s/step
Meep progress: 241.75/1224.0 = 19.8% done in 158.3s, 643.2s to go
on time step 967 (time=241.75), 0.154981 s/step
Meep progress: 241.75/1224.0 = 19.8% done in 158.3s, 643.0s to go
on time step 967 (time=241.75), 0.155468 s/step
Meep progress: 240.75/1224.0 = 19.7% done in 161.1s, 657.8s to go
on time step 963 (time=240.75), 0.156529 s/step
Meep progress: 241.0/1224.0 = 19.7% done in 160.5s, 654.9s to go
on time step 964 (time=241), 0.156244 s/step
Meep progress: 248.5/1224.0 = 20.3% done in 162.4s, 637.7s to go
on time step 994 (time=248.5), 0.153838 s/step
Meep progress: 248.25/1224.0 = 20.3% done in 162.3s, 637.9s to go
on time step 993 (time=248.25), 0.154944 s/step
Meep progress: 247.25/1224.0 = 20.2% done in 165.2s, 652.6s to go
on time step 989 (time=247.25), 0.158232 s/step
Meep progress: 247.5/1224.0 = 20.2% done in 164.7s, 649.7s to go
on time step 990 (time=247.5), 0.158197 s/step
Meep progress: 255.0/1224.0 = 20.8% done in 166.5s, 632.6s to go
on time step 1020 (time=255), 0.154833 s/step
Meep progress: 254.75/1224.0 = 20.8% done in 166.3s, 632.8s to go
on time step 1019 (time=254.75), 0.154409 s/step
Meep progress: 253.75/1224.0 = 20.7% done in 169.3s, 647.4s to go
on time step 1015 (time=253.75), 0.158308 s/step
Meep progress: 254.0/1224.0 = 20.8% done in 168.8s, 644.5s to go
on time step 1016 (time=254), 0.158337 s/step
Meep progress: 261.5/1224.0 = 21.4% done in 170.5s, 627.6s to go
on time step 1046 (time=261.5), 0.154814 s/step
Meep progress: 261.25/1224.0 = 21.3% done in 170.3s, 627.7s to go
on time step 1045 (time=261.25), 0.15479 s/step
Meep progress: 260.25/1224.0 = 21.3% done in 173.4s, 642.2s to go
on time step 1041 (time=260.25), 0.158235 s/step
Meep progress: 260.5/1224.0 = 21.3% done in 172.9s, 639.5s to go
on time step 1042 (time=260.5), 0.158202 s/step
Meep progress: 268.0/1224.0 = 21.9% done in 174.5s, 622.6s to go
on time step 1072 (time=268), 0.154907 s/step
Meep progress: 267.75/1224.0 = 21.9% done in 174.4s, 622.7s to go
on time step 1071 (time=267.75), 0.154663 s/step
Meep progress: 266.75/1224.0 = 21.8% done in 177.5s, 637.0s to go
on time step 1067 (time=266.75), 0.157116 s/step
Meep progress: 267.0/1224.0 = 21.8% done in 177.0s, 634.4s to go
on time step 1068 (time=267), 0.15778 s/step
Meep progress: 274.5/1224.0 = 22.4% done in 178.6s, 617.6s to go
on time step 1098 (time=274.5), 0.154985 s/step
Meep progress: 274.25/1224.0 = 22.4% done in 178.4s, 617.7s to go
on time step 1097 (time=274.25), 0.154423 s/step
Meep progress: 273.25/1224.0 = 22.3% done in 181.6s, 631.7s to go
on time step 1093 (time=273.25), 0.155822 s/step
Meep progress: 273.5/1224.0 = 22.3% done in 181.1s, 629.3s to go
on time step 1094 (time=273.5), 0.157135 s/step
Meep progress: 281.0/1224.0 = 23.0% done in 182.6s, 612.7s to go
on time step 1124 (time=281), 0.154841 s/step
Meep progress: 280.75/1224.0 = 22.9% done in 182.4s, 612.8s to go
on time step 1123 (time=280.75), 0.154798 s/step
Meep progress: 279.75/1224.0 = 22.9% done in 185.7s, 626.7s to go
on time step 1119 (time=279.75), 0.157874 s/step
Meep progress: 280.0/1224.0 = 22.9% done in 185.2s, 624.4s to go
on time step 1120 (time=280), 0.158093 s/step
Meep progress: 287.5/1224.0 = 23.5% done in 186.6s, 607.8s to go
on time step 1150 (time=287.5), 0.154646 s/step
Meep progress: 287.25/1224.0 = 23.5% done in 186.4s, 607.9s to go
on time step 1149 (time=287.25), 0.154695 s/step
Meep progress: 286.25/1224.0 = 23.4% done in 189.7s, 621.5s to go
on time step 1145 (time=286.25), 0.155986 s/step
Meep progress: 286.5/1224.0 = 23.4% done in 189.2s, 619.2s to go
on time step 1146 (time=286.5), 0.155865 s/step
Meep progress: 294.0/1224.0 = 24.0% done in 190.6s, 603.0s to go
on time step 1176 (time=294), 0.154725 s/step
Meep progress: 293.75/1224.0 = 24.0% done in 190.4s, 603.1s to go
on time step 1175 (time=293.75), 0.154833 s/step
Meep progress: 292.75/1224.0 = 23.9% done in 193.8s, 616.6s to go
on time step 1171 (time=292.75), 0.158017 s/step
Meep progress: 293.0/1224.0 = 23.9% done in 193.3s, 614.3s to go
on time step 1172 (time=293), 0.157107 s/step
Meep progress: 300.5/1224.0 = 24.6% done in 194.7s, 598.2s to go
on time step 1202 (time=300.5), 0.155233 s/step
Meep progress: 300.25/1224.0 = 24.5% done in 194.5s, 598.3s to go
on time step 1201 (time=300.25), 0.154743 s/step
Meep progress: 299.25/1224.0 = 24.4% done in 197.9s, 611.7s to go
on time step 1197 (time=299.25), 0.158036 s/step
Meep progress: 299.5/1224.0 = 24.5% done in 197.4s, 609.3s to go
on time step 1198 (time=299.5), 0.156528 s/step
Meep progress: 307.0/1224.0 = 25.1% done in 198.7s, 593.5s to go
on time step 1228 (time=307), 0.155211 s/step
Meep progress: 306.75/1224.0 = 25.1% done in 198.5s, 593.5s to go
on time step 1227 (time=306.75), 0.154976 s/step
Meep progress: 305.75/1224.0 = 25.0% done in 202.0s, 606.8s to go
on time step 1223 (time=305.75), 0.158223 s/step
Meep progress: 306.0/1224.0 = 25.0% done in 201.5s, 604.5s to go
on time step 1224 (time=306), 0.158163 s/step
Meep progress: 313.5/1224.0 = 25.6% done in 202.7s, 588.8s to go
on time step 1254 (time=313.5), 0.154872 s/step
Meep progress: 313.25/1224.0 = 25.6% done in 202.5s, 588.8s to go
on time step 1253 (time=313.25), 0.154715 s/step
Meep progress: 312.5/1224.0 = 25.5% done in 205.6s, 599.8s to go
on time step 1250 (time=312.5), 0.158091 s/step
Meep progress: 312.25/1224.0 = 25.5% done in 206.2s, 602.0s to go
on time step 1249 (time=312.25), 0.158465 s/step
Meep progress: 320.0/1224.0 = 26.1% done in 206.8s, 584.1s to go
on time step 1280 (time=320), 0.154822 s/step
Meep progress: 319.75/1224.0 = 26.1% done in 206.5s, 584.1s to go
on time step 1279 (time=319.75), 0.155042 s/step
Meep progress: 319.0/1224.0 = 26.1% done in 209.7s, 595.0s to go
on time step 1276 (time=319), 0.15795 s/step
Meep progress: 318.75/1224.0 = 26.0% done in 210.3s, 597.2s to go
on time step 1275 (time=318.75), 0.158536 s/step
Meep progress: 326.5/1224.0 = 26.7% done in 210.8s, 579.3s to go
on time step 1306 (time=326.5), 0.153886 s/step
Meep progress: 326.25/1224.0 = 26.7% done in 210.6s, 579.5s to go
on time step 1305 (time=326.25), 0.154959 s/step
Meep progress: 325.5/1224.0 = 26.6% done in 213.8s, 590.2s to go
on time step 1302 (time=325.5), 0.157817 s/step
Meep progress: 325.25/1224.0 = 26.6% done in 214.4s, 592.5s to go
on time step 1301 (time=325.25), 0.15853 s/step
Meep progress: 333.25/1224.0 = 27.2% done in 214.9s, 574.4s to go
on time step 1333 (time=333.25), 0.153468 s/step
Meep progress: 332.75/1224.0 = 27.2% done in 214.6s, 574.8s to go
on time step 1331 (time=332.75), 0.154544 s/step
Meep progress: 332.0/1224.0 = 27.1% done in 217.9s, 585.5s to go
on time step 1328 (time=332), 0.157687 s/step
Meep progress: 331.75/1224.0 = 27.1% done in 218.5s, 587.7s to go
on time step 1327 (time=331.75), 0.158277 s/step
Meep progress: 339.25/1224.0 = 27.7% done in 218.6s, 570.1s to go
on time step 1357 (time=339.25), 0.153889 s/step
Meep progress: 340.0/1224.0 = 27.8% done in 219.0s, 569.5s to go
on time step 1360 (time=340), 0.153777 s/step
Meep progress: 338.5/1224.0 = 27.7% done in 222.0s, 580.8s to go
on time step 1354 (time=338.5), 0.158051 s/step
Meep progress: 338.25/1224.0 = 27.6% done in 222.6s, 583.0s to go
on time step 1353 (time=338.25), 0.158511 s/step
Meep progress: 345.75/1224.0 = 28.2% done in 222.6s, 565.5s to go
on time step 1383 (time=345.75), 0.154746 s/step
Meep progress: 346.5/1224.0 = 28.3% done in 223.1s, 564.9s to go
on time step 1386 (time=346.5), 0.154642 s/step
Meep progress: 345.0/1224.0 = 28.2% done in 226.2s, 576.2s to go
on time step 1380 (time=345), 0.158361 s/step
Meep progress: 344.75/1224.0 = 28.2% done in 226.8s, 578.3s to go
on time step 1379 (time=344.75), 0.158118 s/step
Meep progress: 352.25/1224.0 = 28.8% done in 226.7s, 560.9s to go
on time step 1409 (time=352.25), 0.155003 s/step
Meep progress: 353.0/1224.0 = 28.8% done in 227.1s, 560.3s to go
on time step 1412 (time=353), 0.154569 s/step
Meep progress: 351.5/1224.0 = 28.7% done in 230.3s, 571.6s to go
on time step 1406 (time=351.5), 0.158286 s/step
Meep progress: 351.25/1224.0 = 28.7% done in 230.9s, 573.6s to go
on time step 1405 (time=351.25), 0.157966 s/step
Meep progress: 358.75/1224.0 = 29.3% done in 230.7s, 556.4s to go
on time step 1435 (time=358.75), 0.155261 s/step
Meep progress: 359.5/1224.0 = 29.4% done in 231.1s, 555.8s to go
on time step 1438 (time=359.5), 0.154993 s/step
Meep progress: 358.0/1224.0 = 29.2% done in 234.4s, 567.0s to go
on time step 1432 (time=358), 0.158391 s/step
Meep progress: 357.75/1224.0 = 29.2% done in 234.9s, 568.9s to go
on time step 1431 (time=357.75), 0.156757 s/step
Meep progress: 365.25/1224.0 = 29.8% done in 234.7s, 551.9s to go
on time step 1461 (time=365.25), 0.155091 s/step
Meep progress: 366.0/1224.0 = 29.9% done in 235.2s, 551.3s to go
on time step 1464 (time=366), 0.15518 s/step
Meep progress: 364.25/1224.0 = 29.8% done in 239.0s, 564.0s to go
on time step 1457 (time=364.25), 0.154795 s/step
Meep progress: 364.5/1224.0 = 29.8% done in 238.5s, 562.3s to go
on time step 1458 (time=364.5), 0.156461 s/step
Meep progress: 372.5/1224.0 = 30.4% done in 239.2s, 546.8s to go
on time step 1490 (time=372.5), 0.155099 s/step
Meep progress: 372.0/1224.0 = 30.4% done in 238.9s, 547.1s to go
on time step 1488 (time=372), 0.153166 s/step
Meep progress: 370.75/1224.0 = 30.3% done in 243.1s, 559.4s to go
on time step 1483 (time=370.75), 0.158014 s/step
Meep progress: 371.0/1224.0 = 30.3% done in 242.6s, 557.7s to go
on time step 1484 (time=371), 0.157852 s/step
Meep progress: 379.0/1224.0 = 31.0% done in 243.2s, 542.3s to go
on time step 1516 (time=379), 0.155281 s/step
Meep progress: 378.75/1224.0 = 30.9% done in 242.9s, 542.2s to go
on time step 1515 (time=378.75), 0.151042 s/step
Meep progress: 385.5/1224.0 = 31.5% done in 247.2s, 537.8s to go
on time step 1542 (time=385.5), 0.154787 s/step
Meep progress: 377.25/1224.0 = 30.8% done in 247.2s, 554.8s to go
on time step 1509 (time=377.25), 0.157719 s/step
Meep progress: 377.5/1224.0 = 30.8% done in 246.7s, 553.1s to go
on time step 1510 (time=377.5), 0.157688 s/step
Meep progress: 385.25/1224.0 = 31.5% done in 247.0s, 537.7s to go
on time step 1541 (time=385.25), 0.154484 s/step
Meep progress: 392.0/1224.0 = 32.0% done in 251.3s, 533.3s to go
on time step 1568 (time=392), 0.154033 s/step
Meep progress: 383.75/1224.0 = 31.4% done in 251.2s, 550.1s to go
on time step 1535 (time=383.75), 0.156247 s/step
Meep progress: 384.0/1224.0 = 31.4% done in 250.7s, 548.5s to go
on time step 1536 (time=384), 0.156273 s/step
Meep progress: 391.75/1224.0 = 32.0% done in 251.0s, 533.2s to go
on time step 1567 (time=391.75), 0.155081 s/step
Meep progress: 398.5/1224.0 = 32.6% done in 255.3s, 528.8s to go
on time step 1594 (time=398.5), 0.154165 s/step
Meep progress: 390.25/1224.0 = 31.9% done in 255.3s, 545.5s to go
on time step 1561 (time=390.25), 0.157201 s/step
Meep progress: 398.25/1224.0 = 32.5% done in 255.0s, 528.8s to go
on time step 1593 (time=398.25), 0.155057 s/step
Meep progress: 390.5/1224.0 = 31.9% done in 254.8s, 543.9s to go
on time step 1562 (time=390.5), 0.157214 s/step
Meep progress: 405.0/1224.0 = 33.1% done in 259.3s, 524.3s to go
on time step 1620 (time=405), 0.154662 s/step
Meep progress: 404.75/1224.0 = 33.1% done in 259.0s, 524.3s to go
on time step 1619 (time=404.75), 0.154503 s/step
Meep progress: 396.75/1224.0 = 32.4% done in 259.4s, 540.9s to go
on time step 1587 (time=396.75), 0.157501 s/step
Meep progress: 397.0/1224.0 = 32.4% done in 258.9s, 539.3s to go
on time step 1588 (time=397), 0.157628 s/step
Meep progress: 411.5/1224.0 = 33.6% done in 263.3s, 519.9s to go
on time step 1646 (time=411.5), 0.154918 s/step
Meep progress: 411.5/1224.0 = 33.6% done in 263.2s, 519.6s to go
on time step 1646 (time=411.5), 0.152627 s/step
Meep progress: 403.25/1224.0 = 32.9% done in 263.5s, 536.4s to go
on time step 1613 (time=403.25), 0.158449 s/step
Meep progress: 403.5/1224.0 = 33.0% done in 263.0s, 534.9s to go
on time step 1614 (time=403.5), 0.158211 s/step
Meep progress: 418.0/1224.0 = 34.2% done in 267.4s, 515.5s to go
on time step 1672 (time=418), 0.155425 s/step
Meep progress: 418.0/1224.0 = 34.2% done in 267.2s, 515.1s to go
on time step 1672 (time=418), 0.154084 s/step
Meep progress: 409.75/1224.0 = 33.5% done in 267.6s, 531.8s to go
on time step 1639 (time=409.75), 0.156532 s/step
Meep progress: 410.0/1224.0 = 33.5% done in 267.1s, 530.3s to go
on time step 1640 (time=410), 0.156167 s/step
Meep progress: 424.5/1224.0 = 34.7% done in 271.4s, 511.1s to go
on time step 1698 (time=424.5), 0.155274 s/step
Meep progress: 424.5/1224.0 = 34.7% done in 271.2s, 510.7s to go
on time step 1698 (time=424.5), 0.154697 s/step
Meep progress: 416.25/1224.0 = 34.0% done in 271.7s, 527.3s to go
on time step 1665 (time=416.25), 0.158554 s/step
Meep progress: 416.5/1224.0 = 34.0% done in 271.2s, 525.8s to go
on time step 1666 (time=416.5), 0.15806 s/step
Meep progress: 431.0/1224.0 = 35.2% done in 275.4s, 506.7s to go
on time step 1724 (time=431), 0.155065 s/step
Meep progress: 431.0/1224.0 = 35.2% done in 275.2s, 506.4s to go
on time step 1724 (time=431), 0.155078 s/step
Meep progress: 423.0/1224.0 = 34.6% done in 275.3s, 521.3s to go
on time step 1692 (time=423), 0.157972 s/step
Meep progress: 422.75/1224.0 = 34.5% done in 275.8s, 522.8s to go
on time step 1691 (time=422.75), 0.15838 s/step
Meep progress: 437.5/1224.0 = 35.7% done in 279.5s, 502.4s to go
on time step 1750 (time=437.5), 0.155152 s/step
Meep progress: 437.5/1224.0 = 35.7% done in 279.2s, 502.0s to go
on time step 1750 (time=437.5), 0.155133 s/step
Meep progress: 429.5/1224.0 = 35.1% done in 279.4s, 516.8s to go
on time step 1718 (time=429.5), 0.157288 s/step
Meep progress: 429.25/1224.0 = 35.1% done in 280.0s, 518.4s to go
on time step 1717 (time=429.25), 0.158458 s/step
Meep progress: 444.0/1224.0 = 36.3% done in 283.5s, 498.0s to go
on time step 1776 (time=444), 0.154724 s/step
Meep progress: 444.25/1224.0 = 36.3% done in 283.4s, 497.4s to go
on time step 1777 (time=444.25), 0.153605 s/step
Meep progress: 436.0/1224.0 = 35.6% done in 283.4s, 512.3s to go
on time step 1744 (time=436), 0.15564 s/step
Meep progress: 435.75/1224.0 = 35.6% done in 284.1s, 513.8s to go
on time step 1743 (time=435.75), 0.157136 s/step
Meep progress: 450.75/1224.0 = 36.8% done in 287.6s, 493.4s to go
on time step 1803 (time=450.75), 0.152878 s/step
Meep progress: 451.0/1224.0 = 36.8% done in 287.5s, 492.8s to go
on time step 1804 (time=451), 0.153592 s/step
Meep progress: 442.5/1224.0 = 36.2% done in 287.5s, 507.8s to go
on time step 1770 (time=442.5), 0.157154 s/step
Meep progress: 442.25/1224.0 = 36.1% done in 288.1s, 509.3s to go
on time step 1769 (time=442.25), 0.156695 s/step
Meep progress: 457.5/1224.0 = 37.4% done in 291.7s, 488.7s to go
on time step 1830 (time=457.5), 0.151351 s/step
Meep progress: 457.5/1224.0 = 37.4% done in 291.6s, 488.5s to go
on time step 1830 (time=457.5), 0.154981 s/step
Meep progress: 448.75/1224.0 = 36.7% done in 292.2s, 504.8s to go
on time step 1795 (time=448.75), 0.155666 s/step
Meep progress: 449.0/1224.0 = 36.7% done in 291.6s, 503.4s to go
on time step 1796 (time=449), 0.158056 s/step
Meep progress: 464.0/1224.0 = 37.9% done in 295.7s, 484.3s to go
on time step 1856 (time=464), 0.154272 s/step
Meep progress: 464.0/1224.0 = 37.9% done in 295.6s, 484.2s to go
on time step 1856 (time=464), 0.155114 s/step
Meep progress: 455.25/1224.0 = 37.2% done in 296.2s, 500.2s to go
on time step 1821 (time=455.25), 0.155252 s/step
Meep progress: 455.5/1224.0 = 37.2% done in 295.8s, 499.0s to go
on time step 1822 (time=455.5), 0.158407 s/step
Meep progress: 470.5/1224.0 = 38.4% done in 299.7s, 480.0s to go
on time step 1882 (time=470.5), 0.155065 s/step
Meep progress: 470.5/1224.0 = 38.4% done in 299.6s, 479.9s to go
on time step 1882 (time=470.5), 0.154915 s/step
Meep progress: 461.75/1224.0 = 37.7% done in 300.2s, 495.6s to go
on time step 1847 (time=461.75), 0.154869 s/step
Meep progress: 462.0/1224.0 = 37.7% done in 299.9s, 494.6s to go
on time step 1848 (time=462), 0.158348 s/step
Meep progress: 477.0/1224.0 = 39.0% done in 303.8s, 475.7s to go
on time step 1908 (time=477), 0.155266 s/step
Meep progress: 477.0/1224.0 = 39.0% done in 303.7s, 475.5s to go
on time step 1908 (time=477), 0.154693 s/step
Meep progress: 468.25/1224.0 = 38.3% done in 304.3s, 491.1s to go
on time step 1873 (time=468.25), 0.156345 s/step
Meep progress: 468.5/1224.0 = 38.3% done in 304.0s, 490.2s to go
on time step 1874 (time=468.5), 0.15817 s/step
Meep progress: 483.5/1224.0 = 39.5% done in 307.8s, 471.4s to go
on time step 1934 (time=483.5), 0.155148 s/step
Meep progress: 483.5/1224.0 = 39.5% done in 307.7s, 471.2s to go
on time step 1934 (time=483.5), 0.15506 s/step
Meep progress: 474.75/1224.0 = 38.8% done in 308.4s, 486.7s to go
on time step 1899 (time=474.75), 0.15831 s/step
Meep progress: 475.0/1224.0 = 38.8% done in 308.1s, 485.8s to go
on time step 1900 (time=475), 0.15782 s/step
Meep progress: 490.0/1224.0 = 40.0% done in 311.8s, 467.1s to go
on time step 1960 (time=490), 0.155145 s/step
Meep progress: 490.0/1224.0 = 40.0% done in 311.7s, 466.9s to go
on time step 1960 (time=490), 0.154923 s/step
Meep progress: 481.25/1224.0 = 39.3% done in 312.5s, 482.4s to go
on time step 1925 (time=481.25), 0.158508 s/step
Meep progress: 481.5/1224.0 = 39.3% done in 312.2s, 481.4s to go
on time step 1926 (time=481.5), 0.15787 s/step
Meep progress: 496.5/1224.0 = 40.6% done in 315.9s, 462.8s to go
on time step 1986 (time=496.5), 0.155056 s/step
Meep progress: 496.5/1224.0 = 40.6% done in 315.7s, 462.6s to go
on time step 1986 (time=496.5), 0.153958 s/step
Meep progress: 487.75/1224.0 = 39.8% done in 316.7s, 478.0s to go
on time step 1951 (time=487.75), 0.158147 s/step
Meep progress: 488.0/1224.0 = 39.9% done in 316.3s, 477.0s to go
on time step 1952 (time=488), 0.157899 s/step
Meep progress: 503.0/1224.0 = 41.1% done in 319.9s, 458.5s to go
on time step 2012 (time=503), 0.154546 s/step
Meep progress: 503.0/1224.0 = 41.1% done in 319.7s, 458.3s to go
on time step 2012 (time=503), 0.15451 s/step
Meep progress: 494.25/1224.0 = 40.4% done in 320.8s, 473.6s to go
on time step 1977 (time=494.25), 0.158538 s/step
Meep progress: 494.5/1224.0 = 40.4% done in 320.4s, 472.7s to go
on time step 1978 (time=494.5), 0.158316 s/step
Meep progress: 509.75/1224.0 = 41.6% done in 324.0s, 454.0s to go
on time step 2039 (time=509.75), 0.15236 s/step
Meep progress: 509.5/1224.0 = 41.6% done in 323.8s, 454.0s to go
on time step 2038 (time=509.5), 0.154784 s/step
Meep progress: 500.75/1224.0 = 40.9% done in 324.9s, 469.3s to go
on time step 2003 (time=500.75), 0.158485 s/step
Meep progress: 501.0/1224.0 = 40.9% done in 324.5s, 468.3s to go
on time step 2004 (time=501), 0.158133 s/step
Meep progress: 516.5/1224.0 = 42.2% done in 328.1s, 449.4s to go
on time step 2066 (time=516.5), 0.151155 s/step
Meep progress: 516.0/1224.0 = 42.2% done in 327.8s, 449.8s to go
on time step 2064 (time=516), 0.154875 s/step
Meep progress: 507.25/1224.0 = 41.4% done in 329.0s, 464.8s to go
on time step 2029 (time=507.25), 0.156647 s/step
Meep progress: 507.5/1224.0 = 41.5% done in 328.6s, 463.9s to go
on time step 2030 (time=507.5), 0.156684 s/step
Meep progress: 522.5/1224.0 = 42.7% done in 331.8s, 445.5s to go
on time step 2090 (time=522.5), 0.155153 s/step
Meep progress: 523.25/1224.0 = 42.7% done in 332.2s, 444.9s to go
on time step 2093 (time=523.25), 0.153542 s/step
Meep progress: 513.75/1224.0 = 42.0% done in 333.1s, 460.5s to go
on time step 2055 (time=513.75), 0.157945 s/step
Meep progress: 514.0/1224.0 = 42.0% done in 332.7s, 459.6s to go
on time step 2056 (time=514), 0.157712 s/step
Meep progress: 529.0/1224.0 = 43.2% done in 335.8s, 441.2s to go
on time step 2116 (time=529), 0.154924 s/step
Meep progress: 529.75/1224.0 = 43.3% done in 336.3s, 440.7s to go
on time step 2119 (time=529.75), 0.154934 s/step
Meep progress: 520.25/1224.0 = 42.5% done in 337.2s, 456.1s to go
on time step 2081 (time=520.25), 0.157877 s/step
Meep progress: 520.5/1224.0 = 42.5% done in 336.8s, 455.2s to go
on time step 2082 (time=520.5), 0.157893 s/step
Meep progress: 535.5/1224.0 = 43.8% done in 339.9s, 437.0s to go
on time step 2142 (time=535.5), 0.153937 s/step
Meep progress: 536.25/1224.0 = 43.8% done in 340.3s, 436.4s to go
on time step 2145 (time=536.25), 0.155302 s/step
Meep progress: 526.75/1224.0 = 43.0% done in 341.2s, 451.7s to go
on time step 2107 (time=526.75), 0.155784 s/step
Meep progress: 527.0/1224.0 = 43.1% done in 340.9s, 450.8s to go
on time step 2108 (time=527), 0.156086 s/step
Meep progress: 542.0/1224.0 = 44.3% done in 343.9s, 432.7s to go
on time step 2168 (time=542), 0.154426 s/step
Meep progress: 542.75/1224.0 = 44.3% done in 344.3s, 432.2s to go
on time step 2171 (time=542.75), 0.155045 s/step
Meep progress: 533.25/1224.0 = 43.6% done in 345.3s, 447.3s to go
on time step 2133 (time=533.25), 0.157302 s/step
Meep progress: 533.5/1224.0 = 43.6% done in 345.0s, 446.5s to go
on time step 2134 (time=533.5), 0.158067 s/step
Meep progress: 548.5/1224.0 = 44.8% done in 347.9s, 428.4s to go
on time step 2194 (time=548.5), 0.154849 s/step
Meep progress: 549.25/1224.0 = 44.9% done in 348.4s, 428.0s to go
on time step 2197 (time=549.25), 0.154929 s/step
Meep progress: 539.75/1224.0 = 44.1% done in 349.4s, 442.9s to go
on time step 2159 (time=539.75), 0.156765 s/step
Meep progress: 540.0/1224.0 = 44.1% done in 349.1s, 442.2s to go
on time step 2160 (time=540), 0.157951 s/step
Meep progress: 555.0/1224.0 = 45.3% done in 351.9s, 424.2s to go
on time step 2220 (time=555), 0.155066 s/step
Meep progress: 555.75/1224.0 = 45.4% done in 352.4s, 423.7s to go
on time step 2223 (time=555.75), 0.154735 s/step
Meep progress: 546.25/1224.0 = 44.6% done in 353.5s, 438.5s to go
on time step 2185 (time=546.25), 0.156236 s/step
Meep progress: 546.5/1224.0 = 44.6% done in 353.2s, 437.8s to go
on time step 2186 (time=546.5), 0.157876 s/step
Meep progress: 561.5/1224.0 = 45.9% done in 356.0s, 420.0s to go
on time step 2246 (time=561.5), 0.154893 s/step
Meep progress: 562.25/1224.0 = 45.9% done in 356.4s, 419.5s to go
on time step 2249 (time=562.25), 0.154518 s/step
Meep progress: 552.75/1224.0 = 45.2% done in 357.5s, 434.2s to go
on time step 2211 (time=552.75), 0.156013 s/step
Meep progress: 553.0/1224.0 = 45.2% done in 357.3s, 433.5s to go
on time step 2212 (time=553), 0.156973 s/step
Meep progress: 568.0/1224.0 = 46.4% done in 360.0s, 415.7s to go
on time step 2272 (time=568), 0.153968 s/step
Meep progress: 568.75/1224.0 = 46.5% done in 360.4s, 415.2s to go
on time step 2275 (time=568.75), 0.154501 s/step
Meep progress: 559.25/1224.0 = 45.7% done in 361.6s, 429.8s to go
on time step 2237 (time=559.25), 0.156295 s/step
Meep progress: 559.5/1224.0 = 45.7% done in 361.3s, 429.1s to go
on time step 2238 (time=559.5), 0.156303 s/step
Meep progress: 575.25/1224.0 = 47.0% done in 364.4s, 411.0s to go
on time step 2301 (time=575.25), 0.154686 s/step
Meep progress: 574.75/1224.0 = 47.0% done in 364.0s, 411.2s to go
on time step 2299 (time=574.75), 0.151602 s/step
Meep progress: 565.75/1224.0 = 46.2% done in 365.7s, 425.4s to go
on time step 2263 (time=565.75), 0.15701 s/step
Meep progress: 566.0/1224.0 = 46.2% done in 365.4s, 424.8s to go
on time step 2264 (time=566), 0.15731 s/step
Meep progress: 581.25/1224.0 = 47.5% done in 368.1s, 407.0s to go
on time step 2325 (time=581.25), 0.154314 s/step
Meep progress: 581.75/1224.0 = 47.5% done in 368.5s, 406.8s to go
on time step 2327 (time=581.75), 0.154785 s/step
Meep progress: 572.25/1224.0 = 46.8% done in 369.8s, 421.2s to go
on time step 2289 (time=572.25), 0.158354 s/step
Meep progress: 572.5/1224.0 = 46.8% done in 369.5s, 420.5s to go
on time step 2290 (time=572.5), 0.158089 s/step
Meep progress: 587.75/1224.0 = 48.0% done in 372.1s, 402.8s to go
on time step 2351 (time=587.75), 0.154991 s/step
Meep progress: 588.25/1224.0 = 48.1% done in 372.5s, 402.6s to go
on time step 2353 (time=588.25), 0.154951 s/step
Meep progress: 578.75/1224.0 = 47.3% done in 373.9s, 416.9s to go
on time step 2315 (time=578.75), 0.158346 s/step
Meep progress: 579.0/1224.0 = 47.3% done in 373.6s, 416.2s to go
on time step 2316 (time=579), 0.157881 s/step
Meep progress: 594.25/1224.0 = 48.5% done in 376.1s, 398.6s to go
on time step 2377 (time=594.25), 0.15491 s/step
Meep progress: 594.75/1224.0 = 48.6% done in 376.5s, 398.4s to go
on time step 2379 (time=594.75), 0.154877 s/step
Meep progress: 585.25/1224.0 = 47.8% done in 378.0s, 412.6s to go
on time step 2341 (time=585.25), 0.158173 s/step
Meep progress: 585.5/1224.0 = 47.8% done in 377.7s, 411.9s to go
on time step 2342 (time=585.5), 0.157885 s/step
Meep progress: 601.25/1224.0 = 49.1% done in 380.5s, 394.1s to go
on time step 2405 (time=601.25), 0.15433 s/step
Meep progress: 601.0/1224.0 = 49.1% done in 380.2s, 394.2s to go
on time step 2404 (time=601), 0.15292 s/step
Meep progress: 591.75/1224.0 = 48.3% done in 382.1s, 408.3s to go
on time step 2367 (time=591.75), 0.158381 s/step
Meep progress: 592.0/1224.0 = 48.4% done in 381.8s, 407.6s to go
on time step 2368 (time=592), 0.157966 s/step
Meep progress: 607.75/1224.0 = 49.7% done in 384.5s, 389.9s to go
on time step 2431 (time=607.75), 0.154498 s/step
Meep progress: 607.75/1224.0 = 49.7% done in 384.3s, 389.7s to go
on time step 2431 (time=607.75), 0.151186 s/step
Meep progress: 598.25/1224.0 = 48.9% done in 386.2s, 404.0s to go
on time step 2393 (time=598.25), 0.158511 s/step
Meep progress: 598.5/1224.0 = 48.9% done in 386.0s, 403.4s to go
on time step 2394 (time=598.5), 0.157961 s/step
Meep progress: 614.25/1224.0 = 50.2% done in 388.6s, 385.7s to go
on time step 2457 (time=614.25), 0.154693 s/step
Meep progress: 614.25/1224.0 = 50.2% done in 388.3s, 385.5s to go
on time step 2457 (time=614.25), 0.154459 s/step
Meep progress: 604.75/1224.0 = 49.4% done in 390.4s, 399.7s to go
on time step 2419 (time=604.75), 0.158364 s/step
Meep progress: 605.0/1224.0 = 49.4% done in 390.1s, 399.1s to go
on time step 2420 (time=605), 0.158347 s/step
Meep progress: 620.75/1224.0 = 50.7% done in 392.6s, 381.5s to go
on time step 2483 (time=620.75), 0.154664 s/step
Meep progress: 620.75/1224.0 = 50.7% done in 392.4s, 381.3s to go
on time step 2483 (time=620.75), 0.155009 s/step
Meep progress: 611.25/1224.0 = 49.9% done in 394.5s, 395.4s to go
on time step 2445 (time=611.25), 0.158265 s/step
Meep progress: 611.5/1224.0 = 50.0% done in 394.2s, 394.8s to go
on time step 2446 (time=611.5), 0.158351 s/step
Meep progress: 627.25/1224.0 = 51.2% done in 396.6s, 377.3s to go
on time step 2509 (time=627.25), 0.155009 s/step
Meep progress: 627.25/1224.0 = 51.2% done in 396.4s, 377.1s to go
on time step 2509 (time=627.25), 0.155099 s/step
Meep progress: 617.75/1224.0 = 50.5% done in 398.6s, 391.2s to go
on time step 2471 (time=617.75), 0.158189 s/step
Meep progress: 618.0/1224.0 = 50.5% done in 398.3s, 390.6s to go
on time step 2472 (time=618), 0.158363 s/step
Meep progress: 633.75/1224.0 = 51.8% done in 400.7s, 373.2s to go
on time step 2535 (time=633.75), 0.155221 s/step
Meep progress: 633.75/1224.0 = 51.8% done in 400.4s, 372.9s to go
on time step 2535 (time=633.75), 0.154736 s/step
Meep progress: 624.25/1224.0 = 51.0% done in 402.7s, 386.9s to go
on time step 2497 (time=624.25), 0.158101 s/step
Meep progress: 624.5/1224.0 = 51.0% done in 402.4s, 386.3s to go
on time step 2498 (time=624.5), 0.158273 s/step
Meep progress: 640.25/1224.0 = 52.3% done in 404.7s, 369.0s to go
on time step 2561 (time=640.25), 0.155165 s/step
Meep progress: 640.25/1224.0 = 52.3% done in 404.5s, 368.8s to go
on time step 2561 (time=640.25), 0.155102 s/step
Meep progress: 630.75/1224.0 = 51.5% done in 406.8s, 382.6s to go
on time step 2523 (time=630.75), 0.158012 s/step
Meep progress: 631.0/1224.0 = 51.6% done in 406.5s, 382.0s to go
on time step 2524 (time=631), 0.158039 s/step
Meep progress: 646.75/1224.0 = 52.8% done in 408.7s, 364.8s to go
on time step 2587 (time=646.75), 0.154697 s/step
Meep progress: 646.75/1224.0 = 52.8% done in 408.5s, 364.6s to go
on time step 2587 (time=646.75), 0.154848 s/step
Meep progress: 637.25/1224.0 = 52.1% done in 410.9s, 378.4s to go
on time step 2549 (time=637.25), 0.157866 s/step
Meep progress: 637.5/1224.0 = 52.1% done in 410.6s, 377.8s to go
on time step 2550 (time=637.5), 0.157711 s/step
Meep progress: 653.5/1224.0 = 53.4% done in 412.8s, 360.4s to go
on time step 2614 (time=653.5), 0.152437 s/step
Meep progress: 653.25/1224.0 = 53.4% done in 412.5s, 360.4s to go
on time step 2613 (time=653.25), 0.154622 s/step
Meep progress: 643.75/1224.0 = 52.6% done in 414.9s, 374.0s to go
on time step 2575 (time=643.75), 0.154919 s/step
Meep progress: 644.0/1224.0 = 52.6% done in 414.7s, 373.5s to go
on time step 2576 (time=644), 0.156322 s/step
Meep progress: 659.75/1224.0 = 53.9% done in 416.5s, 356.2s to go
on time step 2639 (time=659.75), 0.153882 s/step
Meep progress: 660.25/1224.0 = 53.9% done in 416.9s, 356.0s to go
on time step 2641 (time=660.25), 0.151059 s/step
Meep progress: 650.25/1224.0 = 53.1% done in 419.0s, 369.7s to go
on time step 2601 (time=650.25), 0.156185 s/step
Meep progress: 650.5/1224.0 = 53.1% done in 418.8s, 369.2s to go
on time step 2602 (time=650.5), 0.157836 s/step
Meep progress: 666.25/1224.0 = 54.4% done in 420.5s, 352.1s to go
on time step 2665 (time=666.25), 0.154843 s/step
Meep progress: 667.0/1224.0 = 54.5% done in 421.0s, 351.6s to go
on time step 2668 (time=667), 0.150872 s/step
Meep progress: 656.75/1224.0 = 53.7% done in 423.1s, 365.4s to go
on time step 2627 (time=656.75), 0.157339 s/step
Meep progress: 657.0/1224.0 = 53.7% done in 422.9s, 365.0s to go
on time step 2628 (time=657), 0.158084 s/step
Meep progress: 672.75/1224.0 = 55.0% done in 424.6s, 347.9s to go
on time step 2691 (time=672.75), 0.154719 s/step
Meep progress: 673.75/1224.0 = 55.0% done in 425.1s, 347.2s to go
on time step 2695 (time=673.75), 0.152727 s/step
Meep progress: 663.25/1224.0 = 54.2% done in 427.2s, 361.2s to go
on time step 2653 (time=663.25), 0.158346 s/step
Meep progress: 663.5/1224.0 = 54.2% done in 427.0s, 360.7s to go
on time step 2654 (time=663.5), 0.158135 s/step
Meep progress: 679.25/1224.0 = 55.5% done in 428.6s, 343.7s to go
on time step 2717 (time=679.25), 0.15505 s/step
Meep progress: 680.25/1224.0 = 55.6% done in 429.1s, 343.0s to go
on time step 2721 (time=680.25), 0.154921 s/step
Meep progress: 669.75/1224.0 = 54.7% done in 431.3s, 356.9s to go
on time step 2679 (time=669.75), 0.158412 s/step
Meep progress: 670.0/1224.0 = 54.7% done in 431.1s, 356.5s to go
on time step 2680 (time=670), 0.158293 s/step
Meep progress: 685.75/1224.0 = 56.0% done in 432.6s, 339.6s to go
on time step 2743 (time=685.75), 0.154393 s/step
Meep progress: 686.75/1224.0 = 56.1% done in 433.2s, 338.9s to go
on time step 2747 (time=686.75), 0.154974 s/step
Meep progress: 676.25/1224.0 = 55.2% done in 435.4s, 352.7s to go
on time step 2705 (time=676.25), 0.158288 s/step
Meep progress: 676.5/1224.0 = 55.3% done in 435.3s, 352.3s to go
on time step 2706 (time=676.5), 0.158253 s/step
Meep progress: 692.5/1224.0 = 56.6% done in 436.7s, 335.2s to go
on time step 2770 (time=692.5), 0.151439 s/step
Meep progress: 693.25/1224.0 = 56.6% done in 437.2s, 334.7s to go
on time step 2773 (time=693.25), 0.155332 s/step
Meep progress: 682.75/1224.0 = 55.8% done in 439.6s, 348.5s to go
on time step 2731 (time=682.75), 0.15812 s/step
Meep progress: 683.0/1224.0 = 55.8% done in 439.4s, 348.0s to go
on time step 2732 (time=683), 0.157985 s/step
Meep progress: 699.0/1224.0 = 57.1% done in 440.7s, 331.0s to go
on time step 2796 (time=699), 0.154803 s/step
Meep progress: 699.75/1224.0 = 57.2% done in 441.2s, 330.6s to go
on time step 2799 (time=699.75), 0.155128 s/step
Meep progress: 689.25/1224.0 = 56.3% done in 443.7s, 344.2s to go
on time step 2757 (time=689.25), 0.157631 s/step
Meep progress: 689.5/1224.0 = 56.3% done in 443.4s, 343.8s to go
on time step 2758 (time=689.5), 0.156874 s/step
Meep progress: 705.5/1224.0 = 57.6% done in 444.7s, 326.9s to go
on time step 2822 (time=705.5), 0.155059 s/step
Meep progress: 706.25/1224.0 = 57.7% done in 445.3s, 326.4s to go
on time step 2825 (time=706.25), 0.154906 s/step
Meep progress: 695.75/1224.0 = 56.8% done in 447.7s, 340.0s to go
on time step 2783 (time=695.75), 0.157329 s/step
Meep progress: 696.0/1224.0 = 56.9% done in 447.5s, 339.5s to go
on time step 2784 (time=696), 0.157088 s/step
Meep progress: 712.0/1224.0 = 58.2% done in 448.8s, 322.7s to go
on time step 2848 (time=712), 0.155124 s/step
Meep progress: 713.0/1224.0 = 58.3% done in 449.4s, 322.1s to go
on time step 2852 (time=713), 0.153086 s/step
Meep progress: 702.25/1224.0 = 57.4% done in 451.9s, 335.7s to go
on time step 2809 (time=702.25), 0.158537 s/step
Meep progress: 702.5/1224.0 = 57.4% done in 451.6s, 335.2s to go
on time step 2810 (time=702.5), 0.156968 s/step
Meep progress: 718.5/1224.0 = 58.7% done in 452.8s, 318.6s to go
on time step 2874 (time=718.5), 0.155006 s/step
Meep progress: 719.75/1224.0 = 58.8% done in 453.5s, 317.7s to go
on time step 2879 (time=719.75), 0.15088 s/step
Meep progress: 708.75/1224.0 = 57.9% done in 456.0s, 331.5s to go
on time step 2835 (time=708.75), 0.158543 s/step
Meep progress: 709.0/1224.0 = 57.9% done in 455.7s, 331.0s to go
on time step 2836 (time=709), 0.157962 s/step
Meep progress: 725.0/1224.0 = 59.2% done in 456.8s, 314.4s to go
on time step 2900 (time=725), 0.154645 s/step
Meep progress: 726.5/1224.0 = 59.4% done in 457.6s, 313.4s to go
on time step 2906 (time=726.5), 0.152592 s/step
Meep progress: 715.25/1224.0 = 58.4% done in 460.1s, 327.3s to go
on time step 2861 (time=715.25), 0.158742 s/step
Meep progress: 715.5/1224.0 = 58.5% done in 459.8s, 326.8s to go
on time step 2862 (time=715.5), 0.158373 s/step
Meep progress: 731.5/1224.0 = 59.8% done in 460.9s, 310.3s to go
on time step 2926 (time=731.5), 0.154956 s/step
Meep progress: 733.0/1224.0 = 59.9% done in 461.6s, 309.2s to go
on time step 2932 (time=733), 0.155197 s/step
Meep progress: 721.75/1224.0 = 59.0% done in 464.2s, 323.1s to go
on time step 2887 (time=721.75), 0.158557 s/step
Meep progress: 722.0/1224.0 = 59.0% done in 463.9s, 322.6s to go
on time step 2888 (time=722), 0.158307 s/step
Meep progress: 738.0/1224.0 = 60.3% done in 464.9s, 306.1s to go
on time step 2952 (time=738), 0.153857 s/step
Meep progress: 739.5/1224.0 = 60.4% done in 465.7s, 305.1s to go
on time step 2958 (time=739.5), 0.155159 s/step
Meep progress: 728.25/1224.0 = 59.5% done in 468.4s, 318.8s to go
on time step 2913 (time=728.25), 0.158428 s/step
Meep progress: 728.5/1224.0 = 59.5% done in 468.1s, 318.4s to go
on time step 2914 (time=728.5), 0.158266 s/step
Meep progress: 744.5/1224.0 = 60.8% done in 468.9s, 302.0s to go
on time step 2978 (time=744.5), 0.154987 s/step
Meep progress: 746.0/1224.0 = 60.9% done in 469.7s, 301.0s to go
on time step 2984 (time=746), 0.155247 s/step
Meep progress: 734.75/1224.0 = 60.0% done in 472.5s, 314.6s to go
on time step 2939 (time=734.75), 0.158228 s/step
Meep progress: 735.0/1224.0 = 60.0% done in 472.2s, 314.1s to go
on time step 2940 (time=735), 0.157998 s/step
Meep progress: 751.0/1224.0 = 61.4% done in 472.9s, 297.9s to go
on time step 3004 (time=751), 0.155004 s/step
Meep progress: 752.5/1224.0 = 61.5% done in 473.7s, 296.8s to go
on time step 3010 (time=752.5), 0.154944 s/step
Meep progress: 741.25/1224.0 = 60.6% done in 476.6s, 310.4s to go
on time step 2965 (time=741.25), 0.157874 s/step
Meep progress: 741.5/1224.0 = 60.6% done in 476.3s, 309.9s to go
on time step 2966 (time=741.5), 0.157777 s/step
Meep progress: 757.5/1224.0 = 61.9% done in 476.9s, 293.7s to go
on time step 3030 (time=757.5), 0.154321 s/step
Meep progress: 759.0/1224.0 = 62.0% done in 477.7s, 292.7s to go
on time step 3036 (time=759), 0.154023 s/step
Meep progress: 747.75/1224.0 = 61.1% done in 480.7s, 306.2s to go
on time step 2991 (time=747.75), 0.157621 s/step
Meep progress: 748.0/1224.0 = 61.1% done in 480.4s, 305.7s to go
on time step 2992 (time=748), 0.157665 s/step
Meep progress: 764.25/1224.0 = 62.4% done in 481.0s, 289.4s to go
on time step 3057 (time=764.25), 0.15213 s/step
Meep progress: 765.75/1224.0 = 62.6% done in 481.8s, 288.3s to go
on time step 3063 (time=765.75), 0.15175 s/step
Meep progress: 754.25/1224.0 = 61.6% done in 484.8s, 301.9s to go
on time step 3017 (time=754.25), 0.157257 s/step
Meep progress: 754.5/1224.0 = 61.6% done in 484.5s, 301.5s to go
on time step 3018 (time=754.5), 0.157481 s/step
Meep progress: 770.75/1224.0 = 63.0% done in 485.1s, 285.3s to go
on time step 3083 (time=770.75), 0.154944 s/step
Meep progress: 772.5/1224.0 = 63.1% done in 485.9s, 284.0s to go
on time step 3090 (time=772.5), 0.152066 s/step
Meep progress: 760.75/1224.0 = 62.2% done in 488.9s, 297.7s to go
on time step 3043 (time=760.75), 0.157041 s/step
Meep progress: 761.0/1224.0 = 62.2% done in 488.5s, 297.2s to go
on time step 3044 (time=761), 0.157075 s/step
Meep progress: 777.25/1224.0 = 63.5% done in 489.1s, 281.1s to go
on time step 3109 (time=777.25), 0.154597 s/step
Meep progress: 779.0/1224.0 = 63.6% done in 489.9s, 279.9s to go
on time step 3116 (time=779), 0.154408 s/step
Meep progress: 767.25/1224.0 = 62.7% done in 493.0s, 293.5s to go
on time step 3069 (time=767.25), 0.158043 s/step
Meep progress: 767.5/1224.0 = 62.7% done in 492.6s, 293.0s to go
on time step 3070 (time=767.5), 0.15734 s/step
Meep progress: 783.75/1224.0 = 64.0% done in 493.1s, 277.0s to go
on time step 3135 (time=783.75), 0.154926 s/step
Meep progress: 785.5/1224.0 = 64.2% done in 494.0s, 275.8s to go
on time step 3142 (time=785.5), 0.154786 s/step
Meep progress: 773.75/1224.0 = 63.2% done in 497.0s, 289.2s to go
on time step 3095 (time=773.75), 0.156352 s/step
Meep progress: 774.0/1224.0 = 63.2% done in 496.7s, 288.8s to go
on time step 3096 (time=774), 0.15629 s/step
Meep progress: 790.5/1224.0 = 64.6% done in 497.3s, 272.7s to go
on time step 3162 (time=790.5), 0.153657 s/step
Meep progress: 792.0/1224.0 = 64.7% done in 498.0s, 271.6s to go
on time step 3168 (time=792), 0.155063 s/step
Meep progress: 780.25/1224.0 = 63.7% done in 501.1s, 285.0s to go
on time step 3121 (time=780.25), 0.158257 s/step
Meep progress: 780.5/1224.0 = 63.8% done in 500.8s, 284.6s to go
on time step 3122 (time=780.5), 0.157952 s/step
Meep progress: 797.25/1224.0 = 65.1% done in 501.4s, 268.4s to go
on time step 3189 (time=797.25), 0.153267 s/step
Meep progress: 798.5/1224.0 = 65.2% done in 502.0s, 267.5s to go
on time step 3194 (time=798.5), 0.154828 s/step
Meep progress: 786.75/1224.0 = 64.3% done in 505.2s, 280.8s to go
on time step 3147 (time=786.75), 0.157981 s/step
Meep progress: 787.0/1224.0 = 64.3% done in 504.9s, 280.4s to go
on time step 3148 (time=787), 0.157696 s/step
Meep progress: 803.75/1224.0 = 65.7% done in 505.4s, 264.3s to go
on time step 3215 (time=803.75), 0.154661 s/step
Meep progress: 805.0/1224.0 = 65.8% done in 506.0s, 263.4s to go
on time step 3220 (time=805), 0.154446 s/step
Meep progress: 793.25/1224.0 = 64.8% done in 509.4s, 276.6s to go
on time step 3173 (time=793.25), 0.158366 s/step
Meep progress: 793.5/1224.0 = 64.8% done in 509.0s, 276.2s to go
on time step 3174 (time=793.5), 0.157884 s/step
Meep progress: 810.25/1224.0 = 66.2% done in 509.5s, 260.1s to go
on time step 3241 (time=810.25), 0.154746 s/step
Meep progress: 811.75/1224.0 = 66.3% done in 510.2s, 259.1s to go
on time step 3247 (time=811.75), 0.153819 s/step
Meep progress: 799.75/1224.0 = 65.3% done in 513.5s, 272.4s to go
on time step 3199 (time=799.75), 0.158274 s/step
Meep progress: 800.0/1224.0 = 65.4% done in 513.1s, 272.0s to go
on time step 3200 (time=800), 0.158295 s/step
Meep progress: 816.75/1224.0 = 66.7% done in 513.5s, 256.0s to go
on time step 3267 (time=816.75), 0.154981 s/step
Meep progress: 818.25/1224.0 = 66.9% done in 514.2s, 255.0s to go
on time step 3273 (time=818.25), 0.154096 s/step
Meep progress: 806.25/1224.0 = 65.9% done in 517.6s, 268.2s to go
on time step 3225 (time=806.25), 0.158121 s/step
Meep progress: 806.5/1224.0 = 65.9% done in 517.2s, 267.8s to go
on time step 3226 (time=806.5), 0.158013 s/step
Meep progress: 823.25/1224.0 = 67.3% done in 517.5s, 251.9s to go
on time step 3293 (time=823.25), 0.154876 s/step
Meep progress: 824.75/1224.0 = 67.4% done in 518.2s, 250.9s to go
on time step 3299 (time=824.75), 0.154923 s/step
Meep progress: 812.75/1224.0 = 66.4% done in 521.7s, 264.0s to go
on time step 3251 (time=812.75), 0.158445 s/step
Meep progress: 829.75/1224.0 = 67.8% done in 521.5s, 247.8s to go
on time step 3319 (time=829.75), 0.155026 s/step
Meep progress: 813.0/1224.0 = 66.4% done in 521.4s, 263.6s to go
on time step 3252 (time=813), 0.158429 s/step
Meep progress: 831.25/1224.0 = 67.9% done in 522.3s, 246.8s to go
on time step 3325 (time=831.25), 0.154952 s/step
Meep progress: 819.25/1224.0 = 66.9% done in 525.8s, 259.8s to go
on time step 3277 (time=819.25), 0.158462 s/step
Meep progress: 836.25/1224.0 = 68.3% done in 525.6s, 243.7s to go
on time step 3345 (time=836.25), 0.154727 s/step
Meep progress: 819.5/1224.0 = 67.0% done in 525.5s, 259.4s to go
on time step 3278 (time=819.5), 0.158432 s/step
Meep progress: 837.75/1224.0 = 68.4% done in 526.3s, 242.7s to go
on time step 3351 (time=837.75), 0.15513 s/step
Meep progress: 825.75/1224.0 = 67.5% done in 530.0s, 255.6s to go
on time step 3303 (time=825.75), 0.158574 s/step
Meep progress: 843.0/1224.0 = 68.9% done in 529.7s, 239.4s to go
on time step 3372 (time=843), 0.153496 s/step
Meep progress: 826.0/1224.0 = 67.5% done in 529.6s, 255.2s to go
on time step 3304 (time=826), 0.158566 s/step
Meep progress: 844.25/1224.0 = 69.0% done in 530.3s, 238.5s to go
on time step 3377 (time=844.25), 0.155263 s/step
Meep progress: 849.5/1224.0 = 69.4% done in 533.7s, 235.3s to go
on time step 3398 (time=849.5), 0.154581 s/step
Meep progress: 832.25/1224.0 = 68.0% done in 534.1s, 251.4s to go
on time step 3329 (time=832.25), 0.15862 s/step
Meep progress: 832.5/1224.0 = 68.0% done in 533.7s, 251.0s to go
on time step 3330 (time=832.5), 0.158543 s/step
Meep progress: 850.75/1224.0 = 69.5% done in 534.4s, 234.4s to go
on time step 3403 (time=850.75), 0.155056 s/step
Meep progress: 856.0/1224.0 = 69.9% done in 537.8s, 231.2s to go
on time step 3424 (time=856), 0.154961 s/step
Meep progress: 838.75/1224.0 = 68.5% done in 538.2s, 247.2s to go
on time step 3355 (time=838.75), 0.158507 s/step
Meep progress: 857.25/1224.0 = 70.0% done in 538.4s, 230.3s to go
on time step 3429 (time=857.25), 0.154608 s/step
Meep progress: 839.0/1224.0 = 68.5% done in 537.8s, 246.8s to go
on time step 3356 (time=839), 0.158204 s/step
Meep progress: 862.5/1224.0 = 70.5% done in 541.8s, 227.1s to go
on time step 3450 (time=862.5), 0.155102 s/step
Meep progress: 845.25/1224.0 = 69.1% done in 542.3s, 243.0s to go
on time step 3381 (time=845.25), 0.156944 s/step
Meep progress: 845.5/1224.0 = 69.1% done in 541.9s, 242.6s to go
on time step 3382 (time=845.5), 0.155896 s/step
Meep progress: 864.0/1224.0 = 70.6% done in 542.5s, 226.1s to go
on time step 3456 (time=864), 0.153511 s/step
Meep progress: 869.0/1224.0 = 71.0% done in 545.8s, 223.0s to go
on time step 3476 (time=869), 0.154886 s/step
Meep progress: 851.75/1224.0 = 69.6% done in 546.4s, 238.8s to go
on time step 3407 (time=851.75), 0.156707 s/step
Meep progress: 852.0/1224.0 = 69.6% done in 545.9s, 238.4s to go
on time step 3408 (time=852), 0.154963 s/step
Meep progress: 870.75/1224.0 = 71.1% done in 546.7s, 221.8s to go
on time step 3483 (time=870.75), 0.15308 s/step
Meep progress: 875.75/1224.0 = 71.5% done in 549.9s, 218.7s to go
on time step 3503 (time=875.75), 0.151827 s/step
Meep progress: 858.25/1224.0 = 70.1% done in 550.4s, 234.6s to go
on time step 3433 (time=858.25), 0.15612 s/step
Meep progress: 858.5/1224.0 = 70.1% done in 549.9s, 234.1s to go
on time step 3434 (time=858.5), 0.154549 s/step
Meep progress: 877.25/1224.0 = 71.7% done in 550.7s, 217.7s to go
on time step 3509 (time=877.25), 0.154562 s/step
Meep progress: 882.25/1224.0 = 72.1% done in 553.9s, 214.6s to go
on time step 3529 (time=882.25), 0.155181 s/step
Meep progress: 864.75/1224.0 = 70.6% done in 554.5s, 230.3s to go
on time step 3459 (time=864.75), 0.155551 s/step
Meep progress: 865.0/1224.0 = 70.7% done in 554.0s, 229.9s to go
on time step 3460 (time=865), 0.154554 s/step
Meep progress: 883.75/1224.0 = 72.2% done in 554.7s, 213.6s to go
on time step 3535 (time=883.75), 0.154855 s/step
Meep progress: 888.75/1224.0 = 72.6% done in 558.0s, 210.5s to go
on time step 3555 (time=888.75), 0.154897 s/step
Meep progress: 871.25/1224.0 = 71.2% done in 558.5s, 226.1s to go
on time step 3485 (time=871.25), 0.155213 s/step
Meep progress: 871.5/1224.0 = 71.2% done in 558.0s, 225.7s to go
on time step 3486 (time=871.5), 0.156639 s/step
Meep progress: 890.25/1224.0 = 72.7% done in 558.7s, 209.5s to go
on time step 3561 (time=890.25), 0.154807 s/step
Meep progress: 895.25/1224.0 = 73.1% done in 562.0s, 206.4s to go
on time step 3581 (time=895.25), 0.154832 s/step
Meep progress: 877.75/1224.0 = 71.7% done in 562.6s, 221.9s to go
on time step 3511 (time=877.75), 0.157196 s/step
Meep progress: 878.0/1224.0 = 71.7% done in 562.1s, 221.5s to go
on time step 3512 (time=878), 0.158099 s/step
Meep progress: 896.75/1224.0 = 73.3% done in 562.8s, 205.4s to go
on time step 3587 (time=896.75), 0.155024 s/step
Meep progress: 901.75/1224.0 = 73.7% done in 566.0s, 202.3s to go
on time step 3607 (time=901.75), 0.153913 s/step
Meep progress: 884.25/1224.0 = 72.2% done in 566.7s, 217.7s to go
on time step 3537 (time=884.25), 0.158185 s/step
Meep progress: 903.25/1224.0 = 73.8% done in 566.8s, 201.3s to go
on time step 3613 (time=903.25), 0.155046 s/step
Meep progress: 884.5/1224.0 = 72.3% done in 566.2s, 217.3s to go
on time step 3538 (time=884.5), 0.158063 s/step
Meep progress: 908.5/1224.0 = 74.2% done in 570.1s, 198.0s to go
on time step 3634 (time=908.5), 0.151004 s/step
Meep progress: 909.75/1224.0 = 74.3% done in 570.8s, 197.2s to go
on time step 3639 (time=909.75), 0.154964 s/step
Meep progress: 890.75/1224.0 = 72.8% done in 570.8s, 213.6s to go
on time step 3563 (time=890.75), 0.158339 s/step
Meep progress: 891.0/1224.0 = 72.8% done in 570.4s, 213.2s to go
on time step 3564 (time=891), 0.15812 s/step
Meep progress: 915.25/1224.0 = 74.8% done in 574.2s, 193.7s to go
on time step 3661 (time=915.25), 0.152454 s/step
Meep progress: 916.25/1224.0 = 74.9% done in 574.8s, 193.1s to go
on time step 3665 (time=916.25), 0.154637 s/step
Meep progress: 897.25/1224.0 = 73.3% done in 574.9s, 209.4s to go
on time step 3589 (time=897.25), 0.156372 s/step
Meep progress: 897.5/1224.0 = 73.3% done in 574.4s, 209.0s to go
on time step 3590 (time=897.5), 0.156281 s/step
Meep progress: 921.75/1224.0 = 75.3% done in 578.2s, 189.6s to go
on time step 3687 (time=921.75), 0.155166 s/step
Meep progress: 922.75/1224.0 = 75.4% done in 578.9s, 189.0s to go
on time step 3691 (time=922.75), 0.155099 s/step
Meep progress: 903.75/1224.0 = 73.8% done in 579.0s, 205.2s to go
on time step 3615 (time=903.75), 0.158512 s/step
Meep progress: 904.0/1224.0 = 73.9% done in 578.5s, 204.8s to go
on time step 3616 (time=904), 0.158496 s/step
Meep progress: 928.25/1224.0 = 75.8% done in 582.3s, 185.5s to go
on time step 3713 (time=928.25), 0.154963 s/step
Meep progress: 929.25/1224.0 = 75.9% done in 582.9s, 184.9s to go
on time step 3717 (time=929.25), 0.155131 s/step
Meep progress: 910.25/1224.0 = 74.4% done in 583.1s, 201.0s to go
on time step 3641 (time=910.25), 0.158461 s/step
Meep progress: 910.5/1224.0 = 74.4% done in 582.7s, 200.6s to go
on time step 3642 (time=910.5), 0.158464 s/step
Meep progress: 934.75/1224.0 = 76.4% done in 586.3s, 181.4s to go
on time step 3739 (time=934.75), 0.154657 s/step
Meep progress: 935.75/1224.0 = 76.5% done in 586.9s, 180.8s to go
on time step 3743 (time=935.75), 0.155069 s/step
Meep progress: 916.75/1224.0 = 74.9% done in 587.2s, 196.8s to go
on time step 3667 (time=916.75), 0.158414 s/step
Meep progress: 917.0/1224.0 = 74.9% done in 586.8s, 196.4s to go
on time step 3668 (time=917), 0.158395 s/step
Meep progress: 941.5/1224.0 = 76.9% done in 590.4s, 177.2s to go
on time step 3766 (time=941.5), 0.153826 s/step
Meep progress: 942.25/1224.0 = 77.0% done in 591.0s, 176.7s to go
on time step 3769 (time=942.25), 0.155186 s/step
Meep progress: 923.25/1224.0 = 75.4% done in 591.3s, 192.6s to go
on time step 3693 (time=923.25), 0.157785 s/step
Meep progress: 923.5/1224.0 = 75.4% done in 590.9s, 192.3s to go
on time step 3694 (time=923.5), 0.157782 s/step
Meep progress: 948.0/1224.0 = 77.5% done in 594.5s, 173.1s to go
on time step 3792 (time=948), 0.154554 s/step
Meep progress: 948.75/1224.0 = 77.5% done in 595.0s, 172.6s to go
on time step 3795 (time=948.75), 0.154782 s/step
Meep progress: 929.75/1224.0 = 76.0% done in 595.5s, 188.5s to go
on time step 3719 (time=929.75), 0.158334 s/step
Meep progress: 930.0/1224.0 = 76.0% done in 595.0s, 188.1s to go
on time step 3720 (time=930), 0.158374 s/step
Meep progress: 954.5/1224.0 = 78.0% done in 598.5s, 169.0s to go
on time step 3818 (time=954.5), 0.154889 s/step
Meep progress: 955.25/1224.0 = 78.0% done in 599.0s, 168.5s to go
on time step 3821 (time=955.25), 0.154653 s/step
Meep progress: 936.25/1224.0 = 76.5% done in 599.6s, 184.3s to go
on time step 3745 (time=936.25), 0.158303 s/step
Meep progress: 936.5/1224.0 = 76.5% done in 599.1s, 183.9s to go
on time step 3746 (time=936.5), 0.158287 s/step
Meep progress: 961.0/1224.0 = 78.5% done in 602.5s, 164.9s to go
on time step 3844 (time=961), 0.155111 s/step
Meep progress: 961.75/1224.0 = 78.6% done in 603.0s, 164.4s to go
on time step 3847 (time=961.75), 0.153933 s/step
Meep progress: 942.75/1224.0 = 77.0% done in 603.7s, 180.1s to go
on time step 3771 (time=942.75), 0.158299 s/step
Meep progress: 943.0/1224.0 = 77.0% done in 603.2s, 179.8s to go
on time step 3772 (time=943), 0.158394 s/step
Meep progress: 967.5/1224.0 = 79.0% done in 606.5s, 160.8s to go
on time step 3870 (time=967.5), 0.154641 s/step
Meep progress: 968.5/1224.0 = 79.1% done in 607.1s, 160.2s to go
on time step 3874 (time=968.5), 0.152581 s/step
Meep progress: 949.25/1224.0 = 77.6% done in 607.8s, 175.9s to go
on time step 3797 (time=949.25), 0.158065 s/step
Meep progress: 949.5/1224.0 = 77.6% done in 607.4s, 175.6s to go
on time step 3798 (time=949.5), 0.158283 s/step
Meep progress: 974.0/1224.0 = 79.6% done in 610.6s, 156.7s to go
on time step 3896 (time=974), 0.154609 s/step
Meep progress: 975.0/1224.0 = 79.7% done in 611.1s, 156.1s to go
on time step 3900 (time=975), 0.154095 s/step
Meep progress: 955.75/1224.0 = 78.1% done in 611.9s, 171.7s to go
on time step 3823 (time=955.75), 0.15759 s/step
Meep progress: 956.0/1224.0 = 78.1% done in 611.5s, 171.4s to go
on time step 3824 (time=956), 0.158082 s/step
Meep progress: 980.5/1224.0 = 80.1% done in 614.6s, 152.6s to go
on time step 3922 (time=980.5), 0.154822 s/step
Meep progress: 981.5/1224.0 = 80.2% done in 615.2s, 152.0s to go
on time step 3926 (time=981.5), 0.154713 s/step
Meep progress: 962.25/1224.0 = 78.6% done in 616.0s, 167.6s to go
on time step 3849 (time=962.25), 0.156056 s/step
Meep progress: 962.5/1224.0 = 78.6% done in 615.6s, 167.2s to go
on time step 3850 (time=962.5), 0.15782 s/step
Meep progress: 987.0/1224.0 = 80.6% done in 618.6s, 148.5s to go
on time step 3948 (time=987), 0.153951 s/step
Meep progress: 988.0/1224.0 = 80.7% done in 619.2s, 147.9s to go
on time step 3952 (time=988), 0.155146 s/step
Meep progress: 968.75/1224.0 = 79.1% done in 620.0s, 163.4s to go
on time step 3875 (time=968.75), 0.154947 s/step
Meep progress: 969.0/1224.0 = 79.2% done in 619.7s, 163.1s to go
on time step 3876 (time=969), 0.157322 s/step
Meep progress: 993.75/1224.0 = 81.2% done in 622.7s, 144.3s to go
on time step 3975 (time=993.75), 0.153123 s/step
Meep progress: 994.5/1224.0 = 81.2% done in 623.2s, 143.8s to go
on time step 3978 (time=994.5), 0.155237 s/step
Meep progress: 975.25/1224.0 = 79.7% done in 624.0s, 159.2s to go
on time step 3901 (time=975.25), 0.154846 s/step
Meep progress: 975.5/1224.0 = 79.7% done in 623.7s, 158.9s to go
on time step 3902 (time=975.5), 0.156336 s/step
Meep progress: 1000.25/1224.0 = 81.7% done in 626.7s, 140.2s to go
on time step 4001 (time=1000.25), 0.154726 s/step
Meep progress: 1001.0/1224.0 = 81.8% done in 627.3s, 139.7s to go
on time step 4004 (time=1001), 0.155199 s/step
Meep progress: 981.75/1224.0 = 80.2% done in 628.1s, 155.0s to go
on time step 3927 (time=981.75), 0.157397 s/step
Meep progress: 982.0/1224.0 = 80.2% done in 627.8s, 154.7s to go
on time step 3928 (time=982), 0.155163 s/step
Meep progress: 1006.75/1224.0 = 82.3% done in 630.8s, 136.1s to go
on time step 4027 (time=1006.75), 0.15508 s/step
Meep progress: 1007.5/1224.0 = 82.3% done in 631.3s, 135.7s to go
on time step 4030 (time=1007.5), 0.155136 s/step
Meep progress: 988.25/1224.0 = 80.7% done in 632.2s, 150.8s to go
on time step 3953 (time=988.25), 0.158389 s/step
Meep progress: 988.5/1224.0 = 80.8% done in 631.8s, 150.5s to go
on time step 3954 (time=988.5), 0.154371 s/step
Meep progress: 1013.25/1224.0 = 82.8% done in 634.8s, 132.0s to go
on time step 4053 (time=1013.25), 0.155079 s/step
Meep progress: 1014.0/1224.0 = 82.8% done in 635.3s, 131.6s to go
on time step 4056 (time=1014), 0.155016 s/step
Meep progress: 994.75/1224.0 = 81.3% done in 636.3s, 146.6s to go
on time step 3979 (time=994.75), 0.158337 s/step
Meep progress: 995.0/1224.0 = 81.3% done in 635.8s, 146.3s to go
on time step 3980 (time=995), 0.156079 s/step
Meep progress: 1019.75/1224.0 = 83.3% done in 638.8s, 128.0s to go
on time step 4079 (time=1019.75), 0.155255 s/step
Meep progress: 1020.5/1224.0 = 83.4% done in 639.3s, 127.5s to go
on time step 4082 (time=1020.5), 0.154048 s/step
Meep progress: 1001.25/1224.0 = 81.8% done in 640.4s, 142.5s to go
on time step 4005 (time=1001.25), 0.157061 s/step
Meep progress: 1001.5/1224.0 = 81.8% done in 639.9s, 142.2s to go
on time step 4006 (time=1001.5), 0.156637 s/step
Meep progress: 1026.25/1224.0 = 83.8% done in 642.8s, 123.9s to go
on time step 4105 (time=1026.25), 0.153912 s/step
Meep progress: 1027.25/1224.0 = 83.9% done in 643.4s, 123.2s to go
on time step 4109 (time=1027.25), 0.15116 s/step
Meep progress: 1007.75/1224.0 = 82.3% done in 644.5s, 138.3s to go
on time step 4031 (time=1007.75), 0.158095 s/step
Meep progress: 1008.0/1224.0 = 82.4% done in 644.0s, 138.0s to go
on time step 4032 (time=1008), 0.157578 s/step
Meep progress: 1033.0/1224.0 = 84.4% done in 647.0s, 119.6s to go
on time step 4132 (time=1033), 0.152222 s/step
Meep progress: 1034.0/1224.0 = 84.5% done in 647.5s, 119.0s to go
on time step 4136 (time=1034), 0.151345 s/step
Meep progress: 1014.25/1224.0 = 82.9% done in 648.7s, 134.1s to go
on time step 4057 (time=1014.25), 0.158662 s/step
Meep progress: 1014.5/1224.0 = 82.9% done in 648.1s, 133.8s to go
on time step 4058 (time=1014.5), 0.15866 s/step
Meep progress: 1039.5/1224.0 = 84.9% done in 651.0s, 115.5s to go
on time step 4158 (time=1039.5), 0.155018 s/step
Meep progress: 1040.5/1224.0 = 85.0% done in 651.5s, 114.9s to go
on time step 4162 (time=1040.5), 0.155007 s/step
Meep progress: 1020.75/1224.0 = 83.4% done in 652.7s, 130.0s to go
on time step 4083 (time=1020.75), 0.154795 s/step
Meep progress: 1021.0/1224.0 = 83.4% done in 652.1s, 129.7s to go
on time step 4084 (time=1021), 0.15495 s/step
Meep progress: 1046.0/1224.0 = 85.5% done in 655.0s, 111.5s to go
on time step 4184 (time=1046), 0.155052 s/step
Meep progress: 1047.0/1224.0 = 85.5% done in 655.6s, 110.8s to go
on time step 4188 (time=1047), 0.155066 s/step
Meep progress: 1027.25/1224.0 = 83.9% done in 656.7s, 125.8s to go
on time step 4109 (time=1027.25), 0.154603 s/step
Meep progress: 1027.5/1224.0 = 83.9% done in 656.2s, 125.5s to go
on time step 4110 (time=1027.5), 0.15472 s/step
Meep progress: 1052.5/1224.0 = 86.0% done in 659.0s, 107.4s to go
on time step 4210 (time=1052.5), 0.155095 s/step
Meep progress: 1053.5/1224.0 = 86.1% done in 659.6s, 106.8s to go
on time step 4214 (time=1053.5), 0.155085 s/step
Meep progress: 1033.75/1224.0 = 84.5% done in 660.7s, 121.6s to go
on time step 4135 (time=1033.75), 0.15449 s/step
Meep progress: 1034.0/1224.0 = 84.5% done in 660.2s, 121.3s to go
on time step 4136 (time=1034), 0.154591 s/step
Meep progress: 1059.0/1224.0 = 86.5% done in 663.1s, 103.3s to go
on time step 4236 (time=1059), 0.155087 s/step
Meep progress: 1060.0/1224.0 = 86.6% done in 663.6s, 102.7s to go
on time step 4240 (time=1060), 0.155119 s/step
Meep progress: 1040.25/1224.0 = 85.0% done in 664.7s, 117.4s to go
on time step 4161 (time=1040.25), 0.1543 s/step
Meep progress: 1040.5/1224.0 = 85.0% done in 664.2s, 117.1s to go
on time step 4162 (time=1040.5), 0.154544 s/step
Meep progress: 1065.5/1224.0 = 87.1% done in 667.1s, 99.2s to go
on time step 4262 (time=1065.5), 0.154115 s/step
Meep progress: 1066.5/1224.0 = 87.1% done in 667.7s, 98.6s to go
on time step 4266 (time=1066.5), 0.155129 s/step
Meep progress: 1046.75/1224.0 = 85.5% done in 668.7s, 113.2s to go
on time step 4187 (time=1046.75), 0.154264 s/step
Meep progress: 1047.0/1224.0 = 85.5% done in 668.2s, 113.0s to go
on time step 4188 (time=1047), 0.154495 s/step
Meep progress: 1072.25/1224.0 = 87.6% done in 671.2s, 95.0s to go
on time step 4289 (time=1072.25), 0.152355 s/step
Meep progress: 1073.0/1224.0 = 87.7% done in 671.7s, 94.5s to go
on time step 4292 (time=1073), 0.155047 s/step
Meep progress: 1053.25/1224.0 = 86.0% done in 672.7s, 109.1s to go
on time step 4213 (time=1053.25), 0.154116 s/step
Meep progress: 1053.5/1224.0 = 86.1% done in 672.2s, 108.8s to go
on time step 4214 (time=1053.5), 0.154314 s/step
Meep progress: 1078.75/1224.0 = 88.1% done in 675.2s, 90.9s to go
on time step 4315 (time=1078.75), 0.15475 s/step
Meep progress: 1079.5/1224.0 = 88.2% done in 675.7s, 90.5s to go
on time step 4318 (time=1079.5), 0.154542 s/step
Meep progress: 1059.75/1224.0 = 86.6% done in 676.8s, 104.9s to go
on time step 4239 (time=1059.75), 0.154079 s/step
Meep progress: 1060.25/1224.0 = 86.6% done in 676.4s, 104.5s to go
on time step 4241 (time=1060.25), 0.153681 s/step
Meep progress: 1085.25/1224.0 = 88.7% done in 679.3s, 86.8s to go
on time step 4341 (time=1085.25), 0.155036 s/step
Meep progress: 1086.25/1224.0 = 88.7% done in 679.8s, 86.2s to go
on time step 4345 (time=1086.25), 0.152275 s/step
Meep progress: 1066.25/1224.0 = 87.1% done in 680.8s, 100.7s to go
on time step 4265 (time=1066.25), 0.153866 s/step
Meep progress: 1067.0/1224.0 = 87.2% done in 680.5s, 100.1s to go
on time step 4268 (time=1067), 0.151019 s/step
Meep progress: 1091.75/1224.0 = 89.2% done in 683.3s, 82.8s to go
on time step 4367 (time=1091.75), 0.154952 s/step
Meep progress: 1093.0/1224.0 = 89.3% done in 683.9s, 82.0s to go
on time step 4372 (time=1093), 0.151241 s/step
Meep progress: 1072.75/1224.0 = 87.6% done in 684.8s, 96.5s to go
on time step 4291 (time=1072.75), 0.154445 s/step
Meep progress: 1073.75/1224.0 = 87.7% done in 684.5s, 95.8s to go
on time step 4295 (time=1073.75), 0.150593 s/step
Meep progress: 1098.25/1224.0 = 89.7% done in 687.3s, 78.7s to go
on time step 4393 (time=1098.25), 0.15451 s/step
Meep progress: 1099.5/1224.0 = 89.8% done in 687.9s, 77.9s to go
on time step 4398 (time=1099.5), 0.154387 s/step
Meep progress: 1079.25/1224.0 = 88.2% done in 688.8s, 92.4s to go
on time step 4317 (time=1079.25), 0.154642 s/step
Meep progress: 1080.5/1224.0 = 88.3% done in 688.6s, 91.5s to go
on time step 4322 (time=1080.5), 0.151899 s/step
Meep progress: 1104.75/1224.0 = 90.3% done in 691.3s, 74.6s to go
on time step 4419 (time=1104.75), 0.154628 s/step
Meep progress: 1106.0/1224.0 = 90.4% done in 692.0s, 73.8s to go
on time step 4424 (time=1106), 0.154981 s/step
Meep progress: 1085.75/1224.0 = 88.7% done in 692.8s, 88.2s to go
on time step 4343 (time=1085.75), 0.154502 s/step
Meep progress: 1087.0/1224.0 = 88.8% done in 692.6s, 87.3s to go
on time step 4348 (time=1087), 0.154006 s/step
Meep progress: 1111.25/1224.0 = 90.8% done in 695.3s, 70.6s to go
on time step 4445 (time=1111.25), 0.154766 s/step
Meep progress: 1112.5/1224.0 = 90.9% done in 696.0s, 69.8s to go
on time step 4450 (time=1112.5), 0.155055 s/step
Meep progress: 1092.25/1224.0 = 89.2% done in 696.8s, 84.1s to go
on time step 4369 (time=1092.25), 0.154527 s/step
Meep progress: 1093.5/1224.0 = 89.3% done in 696.6s, 83.1s to go
on time step 4374 (time=1093.5), 0.154274 s/step
Meep progress: 1117.75/1224.0 = 91.3% done in 699.4s, 66.5s to go
on time step 4471 (time=1117.75), 0.15477 s/step
Meep progress: 1119.0/1224.0 = 91.4% done in 700.0s, 65.7s to go
on time step 4476 (time=1119), 0.155117 s/step
Meep progress: 1098.75/1224.0 = 89.8% done in 700.8s, 79.9s to go
on time step 4395 (time=1098.75), 0.154477 s/step
Meep progress: 1100.0/1224.0 = 89.9% done in 700.7s, 79.0s to go
on time step 4400 (time=1100), 0.154537 s/step
Meep progress: 1124.25/1224.0 = 91.9% done in 703.4s, 62.4s to go
on time step 4497 (time=1124.25), 0.154796 s/step
Meep progress: 1125.5/1224.0 = 92.0% done in 704.1s, 61.6s to go
on time step 4502 (time=1125.5), 0.155043 s/step
Meep progress: 1105.25/1224.0 = 90.3% done in 704.9s, 75.7s to go
on time step 4421 (time=1105.25), 0.154505 s/step
Meep progress: 1106.5/1224.0 = 90.4% done in 704.7s, 74.8s to go
on time step 4426 (time=1106.5), 0.154648 s/step
Meep progress: 1130.75/1224.0 = 92.4% done in 707.4s, 58.3s to go
on time step 4523 (time=1130.75), 0.154803 s/step
Meep progress: 1132.0/1224.0 = 92.5% done in 708.1s, 57.5s to go
on time step 4528 (time=1132), 0.154748 s/step
Meep progress: 1111.75/1224.0 = 90.8% done in 708.9s, 71.6s to go
on time step 4447 (time=1111.75), 0.154322 s/step
Meep progress: 1113.0/1224.0 = 90.9% done in 708.7s, 70.7s to go
on time step 4452 (time=1113), 0.154627 s/step
Meep progress: 1137.25/1224.0 = 92.9% done in 711.4s, 54.3s to go
on time step 4549 (time=1137.25), 0.154824 s/step
Meep progress: 1138.5/1224.0 = 93.0% done in 712.1s, 53.5s to go
on time step 4554 (time=1138.5), 0.154065 s/step
Meep progress: 1118.25/1224.0 = 91.4% done in 712.9s, 67.4s to go
on time step 4473 (time=1118.25), 0.154007 s/step
Meep progress: 1119.5/1224.0 = 91.5% done in 712.7s, 66.5s to go
on time step 4478 (time=1119.5), 0.154581 s/step
Meep progress: 1143.75/1224.0 = 93.4% done in 715.5s, 50.2s to go
on time step 4575 (time=1143.75), 0.155003 s/step
Meep progress: 1145.0/1224.0 = 93.5% done in 716.1s, 49.4s to go
on time step 4580 (time=1145), 0.154112 s/step
Meep progress: 1124.75/1224.0 = 91.9% done in 716.9s, 63.3s to go
on time step 4499 (time=1124.75), 0.153927 s/step
Meep progress: 1126.0/1224.0 = 92.0% done in 716.7s, 62.4s to go
on time step 4504 (time=1126), 0.15462 s/step
Meep progress: 1150.25/1224.0 = 94.0% done in 719.6s, 46.1s to go
on time step 4601 (time=1150.25), 0.158049 s/step
Meep progress: 1151.5/1224.0 = 94.1% done in 720.2s, 45.3s to go
on time step 4606 (time=1151.5), 0.15801 s/step
Meep progress: 1131.25/1224.0 = 92.4% done in 720.9s, 59.1s to go
on time step 4525 (time=1131.25), 0.154256 s/step
Meep progress: 1132.5/1224.0 = 92.5% done in 720.8s, 58.2s to go
on time step 4530 (time=1132.5), 0.154668 s/step
Meep progress: 1156.75/1224.0 = 94.5% done in 723.7s, 42.1s to go
on time step 4627 (time=1156.75), 0.157134 s/step
Meep progress: 1158.0/1224.0 = 94.6% done in 724.3s, 41.3s to go
on time step 4632 (time=1158), 0.158019 s/step
Meep progress: 1137.75/1224.0 = 93.0% done in 724.9s, 55.0s to go
on time step 4551 (time=1137.75), 0.154299 s/step
Meep progress: 1139.0/1224.0 = 93.1% done in 724.8s, 54.1s to go
on time step 4556 (time=1139), 0.154818 s/step
Meep progress: 1163.25/1224.0 = 95.0% done in 727.7s, 38.0s to go
on time step 4653 (time=1163.25), 0.154423 s/step
Meep progress: 1164.5/1224.0 = 95.1% done in 728.3s, 37.2s to go
on time step 4658 (time=1164.5), 0.155262 s/step
Meep progress: 1144.25/1224.0 = 93.5% done in 729.0s, 50.8s to go
on time step 4577 (time=1144.25), 0.156212 s/step
Meep progress: 1145.5/1224.0 = 93.6% done in 728.9s, 49.9s to go
on time step 4582 (time=1145.5), 0.156559 s/step
Meep progress: 1169.75/1224.0 = 95.6% done in 731.7s, 33.9s to go
on time step 4679 (time=1169.75), 0.155005 s/step
Meep progress: 1171.0/1224.0 = 95.7% done in 732.4s, 33.1s to go
on time step 4684 (time=1171), 0.155048 s/step
Meep progress: 1150.75/1224.0 = 94.0% done in 733.0s, 46.7s to go
on time step 4603 (time=1150.75), 0.156089 s/step
Meep progress: 1152.0/1224.0 = 94.1% done in 732.9s, 45.8s to go
on time step 4608 (time=1152), 0.155776 s/step
Meep progress: 1176.25/1224.0 = 96.1% done in 735.7s, 29.9s to go
on time step 4705 (time=1176.25), 0.155109 s/step
Meep progress: 1177.5/1224.0 = 96.2% done in 736.4s, 29.1s to go
on time step 4710 (time=1177.5), 0.154778 s/step
Meep progress: 1157.25/1224.0 = 94.5% done in 737.1s, 42.5s to go
on time step 4629 (time=1157.25), 0.15638 s/step
Meep progress: 1158.5/1224.0 = 94.6% done in 737.0s, 41.7s to go
on time step 4634 (time=1158.5), 0.155312 s/step
Meep progress: 1182.75/1224.0 = 96.6% done in 739.8s, 25.8s to go
on time step 4731 (time=1182.75), 0.154583 s/step
Meep progress: 1184.0/1224.0 = 96.7% done in 740.4s, 25.0s to go
on time step 4736 (time=1184), 0.154456 s/step
Meep progress: 1163.75/1224.0 = 95.1% done in 741.2s, 38.4s to go
on time step 4655 (time=1163.75), 0.156336 s/step
Meep progress: 1165.25/1224.0 = 95.2% done in 741.1s, 37.4s to go
on time step 4661 (time=1165.25), 0.153482 s/step
Meep progress: 1189.5/1224.0 = 97.2% done in 743.9s, 21.6s to go
on time step 4758 (time=1189.5), 0.151344 s/step
Meep progress: 1190.5/1224.0 = 97.3% done in 744.5s, 20.9s to go
on time step 4762 (time=1190.5), 0.155093 s/step
Meep progress: 1170.25/1224.0 = 95.6% done in 745.2s, 34.2s to go
on time step 4681 (time=1170.25), 0.156487 s/step
Meep progress: 1172.0/1224.0 = 95.8% done in 745.2s, 33.1s to go
on time step 4688 (time=1172), 0.152698 s/step
Meep progress: 1196.25/1224.0 = 97.7% done in 748.0s, 17.4s to go
on time step 4785 (time=1196.25), 0.152833 s/step
Meep progress: 1197.0/1224.0 = 97.8% done in 748.5s, 16.9s to go
on time step 4788 (time=1197), 0.155103 s/step
Meep progress: 1176.75/1224.0 = 96.1% done in 749.3s, 30.1s to go
on time step 4707 (time=1176.75), 0.156915 s/step
Meep progress: 1178.75/1224.0 = 96.3% done in 749.4s, 28.8s to go
on time step 4715 (time=1178.75), 0.153883 s/step
Meep progress: 1202.75/1224.0 = 98.3% done in 752.0s, 13.3s to go
on time step 4811 (time=1202.75), 0.154937 s/step
Meep progress: 1203.5/1224.0 = 98.3% done in 752.5s, 12.8s to go
on time step 4814 (time=1203.5), 0.155032 s/step
Meep progress: 1183.25/1224.0 = 96.7% done in 753.4s, 25.9s to go
on time step 4733 (time=1183.25), 0.156797 s/step
Meep progress: 1185.25/1224.0 = 96.8% done in 753.4s, 24.6s to go
on time step 4741 (time=1185.25), 0.156368 s/step
Meep progress: 1209.25/1224.0 = 98.8% done in 756.0s, 9.2s to go
on time step 4837 (time=1209.25), 0.155048 s/step
Meep progress: 1210.0/1224.0 = 98.9% done in 756.5s, 8.8s to go
on time step 4840 (time=1210), 0.15495 s/step
Meep progress: 1189.75/1224.0 = 97.2% done in 757.5s, 21.8s to go
on time step 4759 (time=1189.75), 0.156693 s/step
Meep progress: 1191.75/1224.0 = 97.4% done in 757.5s, 20.5s to go
on time step 4767 (time=1191.75), 0.156641 s/step
Meep progress: 1215.75/1224.0 = 99.3% done in 760.1s, 5.2s to go
on time step 4863 (time=1215.75), 0.155119 s/step
Meep progress: 1216.5/1224.0 = 99.4% done in 760.6s, 4.7s to go
on time step 4866 (time=1216.5), 0.154146 s/step
Meep progress: 1196.25/1224.0 = 97.7% done in 761.5s, 17.7s to go
on time step 4785 (time=1196.25), 0.156679 s/step
Meep progress: 1198.25/1224.0 = 97.9% done in 761.6s, 16.4s to go
on time step 4793 (time=1198.25), 0.15677 s/step
Meep progress: 1222.25/1224.0 = 99.9% done in 764.1s, 1.1s to go
on time step 4889 (time=1222.25), 0.15409 s/step
Meep progress: 1223.0/1224.0 = 99.9% done in 764.6s, 0.6s to go
on time step 4892 (time=1223), 0.154478 s/step
run 0 finished at t = 1224.0 (4896 timesteps)
creating output file "./MidFlux-X1.h5"...
run 0 finished at t = 1224.0 (4896 timesteps)

Elapsed run time = 779.6452 s
Meep progress: 1202.75/1224.0 = 98.3% done in 765.6s, 13.5s to go
on time step 4811 (time=1202.75), 0.15786 s/step
Meep progress: 1204.75/1224.0 = 98.4% done in 765.7s, 12.2s to go
on time step 4819 (time=1204.75), 0.158077 s/step
Meep progress: 1209.25/1224.0 = 98.8% done in 769.7s, 9.4s to go
on time step 4837 (time=1209.25), 0.158336 s/step
Meep progress: 1211.25/1224.0 = 99.0% done in 769.8s, 8.1s to go
on time step 4845 (time=1211.25), 0.157659 s/step
Meep progress: 1215.75/1224.0 = 99.3% done in 773.8s, 5.3s to go
on time step 4863 (time=1215.75), 0.157697 s/step
Meep progress: 1217.75/1224.0 = 99.5% done in 773.9s, 4.0s to go
on time step 4871 (time=1217.75), 0.157947 s/step
Meep progress: 1222.25/1224.0 = 99.9% done in 777.9s, 1.1s to go
on time step 4889 (time=1222.25), 0.156327 s/step
run 0 finished at t = 1224.0 (4896 timesteps)
creating output file "./MidFlux-X1.h5"...
run 0 finished at t = 1224.0 (4896 timesteps)
creating output file "./MidFlux-X1.h5"...
