no change     /nfs/home/vpais/miniconda/condabin/conda
no change     /nfs/home/vpais/miniconda/bin/conda
no change     /nfs/home/vpais/miniconda/bin/conda-env
no change     /nfs/home/vpais/miniconda/bin/activate
no change     /nfs/home/vpais/miniconda/bin/deactivate
no change     /nfs/home/vpais/miniconda/etc/profile.d/conda.sh
no change     /nfs/home/vpais/miniconda/etc/fish/conf.d/conda.fish
no change     /nfs/home/vpais/miniconda/shell/condabin/Conda.psm1
no change     /nfs/home/vpais/miniconda/shell/condabin/conda-hook.ps1
no change     /nfs/home/vpais/miniconda/lib/python3.9/site-packages/xontrib/conda.xsh
no change     /nfs/home/vpais/miniconda/etc/profile.d/conda.csh
no change     /nfs/home/vpais/.bashrc
No action taken.
Using MPI version 3.1, 64 processes
Medium should be stable according to frequency and resolution criteria.
All resonant frequencies are small enough for this resolution.
Medium could be unstable according to dimensions and index criteria.
Maximum Courant factor should be 0.20893145279749673
As a whole, the simulation might be unstable
Recommended maximum Courant factor is 0.20893145279749673
-----------
Initializing structure...
Splitting into 64 chunks by voxels
time for choose_chunkdivision = 0.00625205 s
Working in 3D dimensions.
Computational cell is 61 x 61 x 61 with resolution 4
time for set_epsilon = 2.39975 s
-----------
Meep progress: 0.125/1225.375 = 0.0% done in 304.1s, 2980909.5s to go
on time step 1 (time=0.125), 304.112 s/step
Meep progress: 4.75/1225.375 = 0.4% done in 308.2s, 79193.7s to go
on time step 38 (time=4.75), 0.109847 s/step
Meep progress: 9.375/1225.375 = 0.8% done in 312.3s, 40504.3s to go
on time step 75 (time=9.375), 0.110742 s/step
Meep progress: 14.0/1225.375 = 1.1% done in 316.3s, 27371.5s to go
on time step 112 (time=14), 0.109681 s/step
Meep progress: 18.625/1225.375 = 1.5% done in 320.4s, 20759.1s to go
on time step 149 (time=18.625), 0.10972 s/step
Meep progress: 23.25/1225.375 = 1.9% done in 324.5s, 16775.6s to go
on time step 186 (time=23.25), 0.109606 s/step
Meep progress: 27.875/1225.375 = 2.3% done in 328.5s, 14112.6s to go
on time step 223 (time=27.875), 0.109589 s/step
Meep progress: 32.5/1225.375 = 2.7% done in 332.6s, 12206.2s to go
on time step 260 (time=32.5), 0.109496 s/step
Meep progress: 37.125/1225.375 = 3.0% done in 336.6s, 10774.0s to go
on time step 297 (time=37.125), 0.109573 s/step
Meep progress: 41.75/1225.375 = 3.4% done in 340.7s, 9658.1s to go
on time step 334 (time=41.75), 0.109555 s/step
Meep progress: 46.375/1225.375 = 3.8% done in 344.7s, 8764.4s to go
on time step 371 (time=46.375), 0.110044 s/step
Meep progress: 51.0/1225.375 = 4.2% done in 348.8s, 8031.9s to go
on time step 408 (time=51), 0.109796 s/step
Meep progress: 55.625/1225.375 = 4.5% done in 352.9s, 7420.3s to go
on time step 445 (time=55.625), 0.109426 s/step
Meep progress: 60.25/1225.375 = 4.9% done in 356.9s, 6901.6s to go
on time step 482 (time=60.25), 0.108983 s/step
Meep progress: 64.875/1225.375 = 5.3% done in 360.9s, 6456.7s to go
on time step 519 (time=64.875), 0.109711 s/step
Meep progress: 69.5/1225.375 = 5.7% done in 365.0s, 6070.9s to go
on time step 556 (time=69.5), 0.110165 s/step
Meep progress: 74.125/1225.375 = 6.0% done in 369.1s, 5732.2s to go
on time step 593 (time=74.125), 0.109401 s/step
Meep progress: 78.75/1225.375 = 6.4% done in 373.1s, 5432.8s to go
on time step 630 (time=78.75), 0.109461 s/step
Meep progress: 83.375/1225.375 = 6.8% done in 377.2s, 5166.4s to go
on time step 667 (time=83.375), 0.109709 s/step
Meep progress: 88.0/1225.375 = 7.2% done in 381.2s, 4927.4s to go
on time step 704 (time=88), 0.109476 s/step
Meep progress: 92.625/1225.375 = 7.6% done in 385.3s, 4711.9s to go
on time step 741 (time=92.625), 0.109506 s/step
Meep progress: 97.25/1225.375 = 7.9% done in 389.3s, 4516.4s to go
on time step 778 (time=97.25), 0.109364 s/step
Meep progress: 101.875/1225.375 = 8.3% done in 393.4s, 4338.3s to go
on time step 815 (time=101.875), 0.109354 s/step
Meep progress: 106.5/1225.375 = 8.7% done in 397.4s, 4175.4s to go
on time step 852 (time=106.5), 0.109485 s/step
Meep progress: 111.125/1225.375 = 9.1% done in 401.5s, 4025.8s to go
on time step 889 (time=111.125), 0.109638 s/step
Meep progress: 115.75/1225.375 = 9.4% done in 405.6s, 3887.8s to go
on time step 926 (time=115.75), 0.109739 s/step
Meep progress: 120.375/1225.375 = 9.8% done in 409.6s, 3760.0s to go
on time step 963 (time=120.375), 0.109416 s/step
Meep progress: 125.0/1225.375 = 10.2% done in 413.7s, 3641.4s to go
on time step 1000 (time=125), 0.109461 s/step
Meep progress: 129.625/1225.375 = 10.6% done in 417.7s, 3531.0s to go
on time step 1037 (time=129.625), 0.109545 s/step
Meep progress: 134.25/1225.375 = 11.0% done in 421.8s, 3428.0s to go
on time step 1074 (time=134.25), 0.109709 s/step
Meep progress: 138.875/1225.375 = 11.3% done in 425.8s, 3331.6s to go
on time step 1111 (time=138.875), 0.110142 s/step
Meep progress: 143.5/1225.375 = 11.7% done in 429.9s, 3241.1s to go
on time step 1148 (time=143.5), 0.109413 s/step
Meep progress: 148.125/1225.375 = 12.1% done in 434.0s, 3156.1s to go
on time step 1185 (time=148.125), 0.110285 s/step
Meep progress: 152.75/1225.375 = 12.5% done in 438.0s, 3075.9s to go
on time step 1222 (time=152.75), 0.109416 s/step
Meep progress: 157.25/1225.375 = 12.8% done in 442.0s, 3002.6s to go
on time step 1258 (time=157.25), 0.111519 s/step
Meep progress: 161.875/1225.375 = 13.2% done in 446.1s, 2930.8s to go
on time step 1295 (time=161.875), 0.109578 s/step
Meep progress: 166.5/1225.375 = 13.6% done in 450.1s, 2862.8s to go
on time step 1332 (time=166.5), 0.109539 s/step
Meep progress: 171.125/1225.375 = 14.0% done in 454.2s, 2798.3s to go
on time step 1369 (time=171.125), 0.110063 s/step
Meep progress: 175.75/1225.375 = 14.3% done in 458.3s, 2737.0s to go
on time step 1406 (time=175.75), 0.109567 s/step
Meep progress: 180.375/1225.375 = 14.7% done in 462.3s, 2678.5s to go
on time step 1443 (time=180.375), 0.109668 s/step
Meep progress: 185.0/1225.375 = 15.1% done in 466.4s, 2622.8s to go
on time step 1480 (time=185), 0.109636 s/step
Meep progress: 189.625/1225.375 = 15.5% done in 470.4s, 2569.6s to go
on time step 1517 (time=189.625), 0.109583 s/step
Meep progress: 194.25/1225.375 = 15.9% done in 474.5s, 2518.8s to go
on time step 1554 (time=194.25), 0.109661 s/step
Meep progress: 198.875/1225.375 = 16.2% done in 478.6s, 2470.1s to go
on time step 1591 (time=198.875), 0.109489 s/step
Meep progress: 203.5/1225.375 = 16.6% done in 482.6s, 2423.4s to go
on time step 1628 (time=203.5), 0.109411 s/step
Meep progress: 208.125/1225.375 = 17.0% done in 486.7s, 2378.8s to go
on time step 1665 (time=208.125), 0.110319 s/step
Meep progress: 212.75/1225.375 = 17.4% done in 490.7s, 2335.8s to go
on time step 1702 (time=212.75), 0.109527 s/step
Meep progress: 217.375/1225.375 = 17.7% done in 494.8s, 2294.5s to go
on time step 1739 (time=217.375), 0.109594 s/step
Meep progress: 222.0/1225.375 = 18.1% done in 498.8s, 2254.6s to go
on time step 1776 (time=222), 0.109113 s/step
Meep progress: 226.625/1225.375 = 18.5% done in 502.9s, 2216.3s to go
on time step 1813 (time=226.625), 0.109746 s/step
Meep progress: 231.25/1225.375 = 18.9% done in 507.0s, 2179.4s to go
on time step 1850 (time=231.25), 0.109577 s/step
Meep progress: 235.875/1225.375 = 19.2% done in 511.0s, 2143.7s to go
on time step 1887 (time=235.875), 0.109579 s/step
Meep progress: 240.5/1225.375 = 19.6% done in 515.1s, 2109.4s to go
on time step 1924 (time=240.5), 0.110298 s/step
Meep progress: 245.125/1225.375 = 20.0% done in 519.2s, 2076.1s to go
on time step 1961 (time=245.125), 0.10965 s/step
Meep progress: 249.75/1225.375 = 20.4% done in 523.2s, 2043.9s to go
on time step 1998 (time=249.75), 0.109607 s/step
Meep progress: 254.375/1225.375 = 20.8% done in 527.3s, 2012.7s to go
on time step 2035 (time=254.375), 0.109763 s/step
Meep progress: 259.0/1225.375 = 21.1% done in 531.3s, 1982.4s to go
on time step 2072 (time=259), 0.109428 s/step
Meep progress: 263.625/1225.375 = 21.5% done in 535.4s, 1953.1s to go
on time step 2109 (time=263.625), 0.109556 s/step
Meep progress: 268.25/1225.375 = 21.9% done in 539.4s, 1924.7s to go
on time step 2146 (time=268.25), 0.109835 s/step
Meep progress: 272.875/1225.375 = 22.3% done in 543.5s, 1897.1s to go
on time step 2183 (time=272.875), 0.109607 s/step
Meep progress: 277.5/1225.375 = 22.6% done in 547.6s, 1870.4s to go
on time step 2220 (time=277.5), 0.110251 s/step
Meep progress: 282.125/1225.375 = 23.0% done in 551.6s, 1844.3s to go
on time step 2257 (time=282.125), 0.109486 s/step
Meep progress: 286.75/1225.375 = 23.4% done in 555.7s, 1818.9s to go
on time step 2294 (time=286.75), 0.109698 s/step
Meep progress: 291.375/1225.375 = 23.8% done in 559.7s, 1794.3s to go
on time step 2331 (time=291.375), 0.109661 s/step
Meep progress: 296.0/1225.375 = 24.2% done in 563.8s, 1770.3s to go
on time step 2368 (time=296), 0.110043 s/step
Meep progress: 300.625/1225.375 = 24.5% done in 567.9s, 1746.8s to go
on time step 2405 (time=300.625), 0.109401 s/step
Meep progress: 305.25/1225.375 = 24.9% done in 571.9s, 1723.9s to go
on time step 2442 (time=305.25), 0.109326 s/step
Meep progress: 309.875/1225.375 = 25.3% done in 576.0s, 1701.7s to go
on time step 2479 (time=309.875), 0.109799 s/step
Meep progress: 314.5/1225.375 = 25.7% done in 580.0s, 1679.9s to go
on time step 2516 (time=314.5), 0.109457 s/step
Meep progress: 319.125/1225.375 = 26.0% done in 584.1s, 1658.7s to go
on time step 2553 (time=319.125), 0.109738 s/step
Meep progress: 323.75/1225.375 = 26.4% done in 588.1s, 1638.0s to go
on time step 2590 (time=323.75), 0.109687 s/step
Meep progress: 328.375/1225.375 = 26.8% done in 592.2s, 1617.7s to go
on time step 2627 (time=328.375), 0.109768 s/step
Meep progress: 333.0/1225.375 = 27.2% done in 596.3s, 1597.9s to go
on time step 2664 (time=333), 0.109669 s/step
Meep progress: 337.625/1225.375 = 27.6% done in 600.3s, 1578.4s to go
on time step 2701 (time=337.625), 0.109026 s/step
Meep progress: 342.125/1225.375 = 27.9% done in 604.3s, 1560.2s to go
on time step 2737 (time=342.125), 0.112264 s/step
Meep progress: 346.75/1225.375 = 28.3% done in 608.4s, 1541.6s to go
on time step 2774 (time=346.75), 0.109622 s/step
Meep progress: 351.375/1225.375 = 28.7% done in 612.5s, 1523.4s to go
on time step 2811 (time=351.375), 0.10952 s/step
Meep progress: 356.0/1225.375 = 29.1% done in 616.5s, 1505.5s to go
on time step 2848 (time=356), 0.109177 s/step
Meep progress: 360.625/1225.375 = 29.4% done in 620.6s, 1488.0s to go
on time step 2885 (time=360.625), 0.109733 s/step
Meep progress: 365.25/1225.375 = 29.8% done in 624.6s, 1470.9s to go
on time step 2922 (time=365.25), 0.109509 s/step
Meep progress: 369.875/1225.375 = 30.2% done in 628.7s, 1454.0s to go
on time step 2959 (time=369.875), 0.109399 s/step
Meep progress: 374.5/1225.375 = 30.6% done in 632.7s, 1437.6s to go
on time step 2996 (time=374.5), 0.110613 s/step
Meep progress: 379.125/1225.375 = 30.9% done in 636.8s, 1421.4s to go
on time step 3033 (time=379.125), 0.109562 s/step
Meep progress: 383.75/1225.375 = 31.3% done in 640.9s, 1405.5s to go
on time step 3070 (time=383.75), 0.109555 s/step
Meep progress: 388.375/1225.375 = 31.7% done in 644.9s, 1389.8s to go
on time step 3107 (time=388.375), 0.10924 s/step
Meep progress: 393.0/1225.375 = 32.1% done in 649.0s, 1374.5s to go
on time step 3144 (time=393), 0.109466 s/step
Meep progress: 397.625/1225.375 = 32.4% done in 653.0s, 1359.4s to go
on time step 3181 (time=397.625), 0.10955 s/step
Meep progress: 402.25/1225.375 = 32.8% done in 657.1s, 1344.5s to go
on time step 3218 (time=402.25), 0.109501 s/step
Meep progress: 406.875/1225.375 = 33.2% done in 661.1s, 1329.9s to go
on time step 3255 (time=406.875), 0.109449 s/step
Meep progress: 411.5/1225.375 = 33.6% done in 665.2s, 1315.6s to go
on time step 3292 (time=411.5), 0.109833 s/step
Meep progress: 416.125/1225.375 = 34.0% done in 669.2s, 1301.5s to go
on time step 3329 (time=416.125), 0.109619 s/step
Meep progress: 420.75/1225.375 = 34.3% done in 673.3s, 1287.6s to go
on time step 3366 (time=420.75), 0.109607 s/step
Meep progress: 425.375/1225.375 = 34.7% done in 677.3s, 1273.9s to go
on time step 3403 (time=425.375), 0.109456 s/step
Meep progress: 430.0/1225.375 = 35.1% done in 681.4s, 1260.4s to go
on time step 3440 (time=430), 0.10933 s/step
Meep progress: 434.625/1225.375 = 35.5% done in 685.4s, 1247.1s to go
on time step 3477 (time=434.625), 0.109624 s/step
Meep progress: 439.25/1225.375 = 35.8% done in 689.5s, 1234.0s to go
on time step 3514 (time=439.25), 0.109784 s/step
Meep progress: 443.875/1225.375 = 36.2% done in 693.6s, 1221.1s to go
on time step 3551 (time=443.875), 0.109749 s/step
Meep progress: 448.5/1225.375 = 36.6% done in 697.6s, 1208.4s to go
on time step 3588 (time=448.5), 0.109799 s/step
Meep progress: 453.125/1225.375 = 37.0% done in 701.7s, 1195.9s to go
on time step 3625 (time=453.125), 0.109768 s/step
Meep progress: 457.75/1225.375 = 37.4% done in 705.7s, 1183.5s to go
on time step 3662 (time=457.75), 0.109563 s/step
Meep progress: 462.375/1225.375 = 37.7% done in 709.8s, 1171.3s to go
on time step 3699 (time=462.375), 0.109521 s/step
Meep progress: 467.0/1225.375 = 38.1% done in 713.9s, 1159.3s to go
on time step 3736 (time=467), 0.109863 s/step
Meep progress: 471.625/1225.375 = 38.5% done in 717.9s, 1147.4s to go
on time step 3773 (time=471.625), 0.109844 s/step
Meep progress: 476.25/1225.375 = 38.9% done in 722.0s, 1135.7s to go
on time step 3810 (time=476.25), 0.11003 s/step
Meep progress: 480.875/1225.375 = 39.2% done in 726.1s, 1124.1s to go
on time step 3847 (time=480.875), 0.109976 s/step
Meep progress: 485.5/1225.375 = 39.6% done in 730.1s, 1112.6s to go
on time step 3884 (time=485.5), 0.109028 s/step
Meep progress: 490.125/1225.375 = 40.0% done in 734.2s, 1101.4s to go
on time step 3921 (time=490.125), 0.109825 s/step
Meep progress: 494.75/1225.375 = 40.4% done in 738.2s, 1090.2s to go
on time step 3958 (time=494.75), 0.109703 s/step
Meep progress: 499.375/1225.375 = 40.8% done in 742.3s, 1079.1s to go
on time step 3995 (time=499.375), 0.109286 s/step
Meep progress: 504.0/1225.375 = 41.1% done in 746.3s, 1068.2s to go
on time step 4032 (time=504), 0.109301 s/step
Meep progress: 508.625/1225.375 = 41.5% done in 750.4s, 1057.4s to go
on time step 4069 (time=508.625), 0.109977 s/step
Meep progress: 513.25/1225.375 = 41.9% done in 754.4s, 1046.8s to go
on time step 4106 (time=513.25), 0.109669 s/step
Meep progress: 517.875/1225.375 = 42.3% done in 758.5s, 1036.2s to go
on time step 4143 (time=517.875), 0.109523 s/step
Meep progress: 522.5/1225.375 = 42.6% done in 762.6s, 1025.8s to go
on time step 4180 (time=522.5), 0.109419 s/step
Meep progress: 527.125/1225.375 = 43.0% done in 766.6s, 1015.5s to go
on time step 4217 (time=527.125), 0.109753 s/step
Meep progress: 531.75/1225.375 = 43.4% done in 770.7s, 1005.3s to go
on time step 4254 (time=531.75), 0.110141 s/step
Meep progress: 536.375/1225.375 = 43.8% done in 774.8s, 995.3s to go
on time step 4291 (time=536.375), 0.110804 s/step
Meep progress: 541.0/1225.375 = 44.1% done in 778.8s, 985.3s to go
on time step 4328 (time=541), 0.109637 s/step
Meep progress: 545.625/1225.375 = 44.5% done in 782.9s, 975.4s to go
on time step 4365 (time=545.625), 0.109835 s/step
Meep progress: 550.25/1225.375 = 44.9% done in 787.0s, 965.6s to go
on time step 4402 (time=550.25), 0.109975 s/step
Meep progress: 554.875/1225.375 = 45.3% done in 791.0s, 955.9s to go
on time step 4439 (time=554.875), 0.109069 s/step
Meep progress: 559.5/1225.375 = 45.7% done in 795.1s, 946.3s to go
on time step 4476 (time=559.5), 0.109863 s/step
Meep progress: 564.125/1225.375 = 46.0% done in 799.1s, 936.7s to go
on time step 4513 (time=564.125), 0.109741 s/step
Meep progress: 568.75/1225.375 = 46.4% done in 803.2s, 927.3s to go
on time step 4550 (time=568.75), 0.109988 s/step
Meep progress: 573.375/1225.375 = 46.8% done in 807.3s, 917.9s to go
on time step 4587 (time=573.375), 0.108976 s/step
Meep progress: 578.0/1225.375 = 47.2% done in 811.3s, 908.7s to go
on time step 4624 (time=578), 0.10897 s/step
Meep progress: 582.625/1225.375 = 47.5% done in 815.3s, 899.5s to go
on time step 4661 (time=582.625), 0.109788 s/step
Meep progress: 587.25/1225.375 = 47.9% done in 819.4s, 890.4s to go
on time step 4698 (time=587.25), 0.109722 s/step
Meep progress: 591.875/1225.375 = 48.3% done in 823.5s, 881.4s to go
on time step 4735 (time=591.875), 0.109733 s/step
Meep progress: 596.5/1225.375 = 48.7% done in 827.5s, 872.4s to go
on time step 4772 (time=596.5), 0.109676 s/step
Meep progress: 601.125/1225.375 = 49.1% done in 831.6s, 863.6s to go
on time step 4809 (time=601.125), 0.109812 s/step
Meep progress: 605.75/1225.375 = 49.4% done in 835.7s, 854.8s to go
on time step 4846 (time=605.75), 0.109781 s/step
Meep progress: 610.375/1225.375 = 49.8% done in 839.7s, 846.1s to go
on time step 4883 (time=610.375), 0.109737 s/step
Meep progress: 615.0/1225.375 = 50.2% done in 843.7s, 837.4s to go
on time step 4920 (time=615), 0.109028 s/step
Meep progress: 619.625/1225.375 = 50.6% done in 847.8s, 828.8s to go
on time step 4957 (time=619.625), 0.109705 s/step
Meep progress: 624.25/1225.375 = 50.9% done in 851.9s, 820.3s to go
on time step 4994 (time=624.25), 0.109459 s/step
Meep progress: 628.875/1225.375 = 51.3% done in 855.9s, 811.9s to go
on time step 5031 (time=628.875), 0.10963 s/step
Meep progress: 633.5/1225.375 = 51.7% done in 860.0s, 803.5s to go
on time step 5068 (time=633.5), 0.10944 s/step
Meep progress: 638.125/1225.375 = 52.1% done in 864.1s, 795.2s to go
on time step 5105 (time=638.125), 0.110446 s/step
Meep progress: 642.75/1225.375 = 52.5% done in 868.1s, 786.9s to go
on time step 5142 (time=642.75), 0.109742 s/step
Meep progress: 647.375/1225.375 = 52.8% done in 872.2s, 778.7s to go
on time step 5179 (time=647.375), 0.10936 s/step
Meep progress: 652.0/1225.375 = 53.2% done in 876.2s, 770.6s to go
on time step 5216 (time=652), 0.109693 s/step
Meep progress: 656.625/1225.375 = 53.6% done in 880.3s, 762.5s to go
on time step 5253 (time=656.625), 0.109617 s/step
Meep progress: 661.25/1225.375 = 54.0% done in 884.3s, 754.5s to go
on time step 5290 (time=661.25), 0.109898 s/step
Meep progress: 665.875/1225.375 = 54.3% done in 888.4s, 746.5s to go
on time step 5327 (time=665.875), 0.109647 s/step
Meep progress: 670.5/1225.375 = 54.7% done in 892.5s, 738.6s to go
on time step 5364 (time=670.5), 0.109402 s/step
Meep progress: 675.125/1225.375 = 55.1% done in 896.5s, 730.7s to go
on time step 5401 (time=675.125), 0.109578 s/step
Meep progress: 679.75/1225.375 = 55.5% done in 900.6s, 722.9s to go
on time step 5438 (time=679.75), 0.109771 s/step
Meep progress: 684.375/1225.375 = 55.9% done in 904.6s, 715.1s to go
on time step 5475 (time=684.375), 0.109924 s/step
Meep progress: 689.0/1225.375 = 56.2% done in 908.7s, 707.4s to go
on time step 5512 (time=689), 0.10992 s/step
Meep progress: 693.625/1225.375 = 56.6% done in 912.8s, 699.7s to go
on time step 5549 (time=693.625), 0.109488 s/step
Meep progress: 698.25/1225.375 = 57.0% done in 916.8s, 692.1s to go
on time step 5586 (time=698.25), 0.109894 s/step
Meep progress: 702.875/1225.375 = 57.4% done in 920.9s, 684.6s to go
on time step 5623 (time=702.875), 0.109922 s/step
Meep progress: 707.5/1225.375 = 57.7% done in 925.0s, 677.0s to go
on time step 5660 (time=707.5), 0.109669 s/step
Meep progress: 712.125/1225.375 = 58.1% done in 929.0s, 669.5s to go
on time step 5697 (time=712.125), 0.10897 s/step
Meep progress: 716.75/1225.375 = 58.5% done in 933.0s, 662.1s to go
on time step 5734 (time=716.75), 0.109694 s/step
Meep progress: 721.375/1225.375 = 58.9% done in 937.1s, 654.7s to go
on time step 5771 (time=721.375), 0.110075 s/step
Meep progress: 726.0/1225.375 = 59.2% done in 941.2s, 647.4s to go
on time step 5808 (time=726), 0.109183 s/step
Meep progress: 730.625/1225.375 = 59.6% done in 945.2s, 640.1s to go
on time step 5845 (time=730.625), 0.109302 s/step
Meep progress: 735.25/1225.375 = 60.0% done in 949.3s, 632.8s to go
on time step 5882 (time=735.25), 0.109849 s/step
Meep progress: 739.875/1225.375 = 60.4% done in 953.3s, 625.6s to go
on time step 5919 (time=739.875), 0.109996 s/step
Meep progress: 744.5/1225.375 = 60.8% done in 957.4s, 618.4s to go
on time step 5956 (time=744.5), 0.109429 s/step
Meep progress: 749.125/1225.375 = 61.1% done in 961.4s, 611.2s to go
on time step 5993 (time=749.125), 0.109273 s/step
Meep progress: 753.75/1225.375 = 61.5% done in 965.5s, 604.1s to go
on time step 6030 (time=753.75), 0.109567 s/step
Meep progress: 758.375/1225.375 = 61.9% done in 969.5s, 597.0s to go
on time step 6067 (time=758.375), 0.109577 s/step
Meep progress: 763.0/1225.375 = 62.3% done in 973.6s, 590.0s to go
on time step 6104 (time=763), 0.109596 s/step
Meep progress: 767.625/1225.375 = 62.6% done in 977.7s, 583.0s to go
on time step 6141 (time=767.625), 0.109461 s/step
Meep progress: 772.25/1225.375 = 63.0% done in 981.7s, 576.0s to go
on time step 6178 (time=772.25), 0.109398 s/step
Meep progress: 776.875/1225.375 = 63.4% done in 985.8s, 569.1s to go
on time step 6215 (time=776.875), 0.109744 s/step
Meep progress: 781.5/1225.375 = 63.8% done in 989.8s, 562.2s to go
on time step 6252 (time=781.5), 0.10952 s/step
Meep progress: 786.125/1225.375 = 64.2% done in 993.9s, 555.3s to go
on time step 6289 (time=786.125), 0.109783 s/step
Meep progress: 790.75/1225.375 = 64.5% done in 998.0s, 548.5s to go
on time step 6326 (time=790.75), 0.11008 s/step
Meep progress: 795.375/1225.375 = 64.9% done in 1002.0s, 541.7s to go
on time step 6363 (time=795.375), 0.109386 s/step
Meep progress: 800.0/1225.375 = 65.3% done in 1006.1s, 535.0s to go
on time step 6400 (time=800), 0.110365 s/step
Meep progress: 804.625/1225.375 = 65.7% done in 1010.2s, 528.2s to go
on time step 6437 (time=804.625), 0.109809 s/step
Meep progress: 809.25/1225.375 = 66.0% done in 1014.2s, 521.5s to go
on time step 6474 (time=809.25), 0.109568 s/step
Meep progress: 813.875/1225.375 = 66.4% done in 1018.2s, 514.8s to go
on time step 6511 (time=813.875), 0.108759 s/step
Meep progress: 818.5/1225.375 = 66.8% done in 1022.3s, 508.2s to go
on time step 6548 (time=818.5), 0.109483 s/step
Meep progress: 823.125/1225.375 = 67.2% done in 1026.4s, 501.6s to go
on time step 6585 (time=823.125), 0.109968 s/step
Meep progress: 827.75/1225.375 = 67.6% done in 1030.4s, 495.0s to go
on time step 6622 (time=827.75), 0.109912 s/step
Meep progress: 832.375/1225.375 = 67.9% done in 1034.5s, 488.4s to go
on time step 6659 (time=832.375), 0.110403 s/step
Meep progress: 836.875/1225.375 = 68.3% done in 1038.5s, 482.1s to go
on time step 6695 (time=836.875), 0.111237 s/step
Meep progress: 841.5/1225.375 = 68.7% done in 1042.6s, 475.6s to go
on time step 6732 (time=841.5), 0.109679 s/step
Meep progress: 846.125/1225.375 = 69.1% done in 1046.6s, 469.1s to go
on time step 6769 (time=846.125), 0.109228 s/step
Meep progress: 850.75/1225.375 = 69.4% done in 1050.7s, 462.7s to go
on time step 6806 (time=850.75), 0.109528 s/step
Meep progress: 855.375/1225.375 = 69.8% done in 1054.7s, 456.2s to go
on time step 6843 (time=855.375), 0.109616 s/step
Meep progress: 860.0/1225.375 = 70.2% done in 1058.8s, 449.8s to go
on time step 6880 (time=860), 0.109761 s/step
Meep progress: 864.625/1225.375 = 70.6% done in 1062.8s, 443.5s to go
on time step 6917 (time=864.625), 0.109462 s/step
Meep progress: 869.25/1225.375 = 70.9% done in 1066.9s, 437.1s to go
on time step 6954 (time=869.25), 0.109715 s/step
Meep progress: 873.875/1225.375 = 71.3% done in 1070.9s, 430.8s to go
on time step 6991 (time=873.875), 0.109443 s/step
Meep progress: 878.5/1225.375 = 71.7% done in 1075.0s, 424.5s to go
on time step 7028 (time=878.5), 0.109453 s/step
Meep progress: 883.125/1225.375 = 72.1% done in 1079.1s, 418.2s to go
on time step 7065 (time=883.125), 0.109631 s/step
Meep progress: 887.75/1225.375 = 72.4% done in 1083.1s, 411.9s to go
on time step 7102 (time=887.75), 0.109409 s/step
Meep progress: 892.375/1225.375 = 72.8% done in 1087.2s, 405.7s to go
on time step 7139 (time=892.375), 0.109832 s/step
Meep progress: 897.0/1225.375 = 73.2% done in 1091.2s, 399.5s to go
on time step 7176 (time=897), 0.109564 s/step
Meep progress: 901.625/1225.375 = 73.6% done in 1095.3s, 393.3s to go
on time step 7213 (time=901.625), 0.110143 s/step
Meep progress: 906.25/1225.375 = 74.0% done in 1099.4s, 387.1s to go
on time step 7250 (time=906.25), 0.109723 s/step
Meep progress: 910.875/1225.375 = 74.3% done in 1103.4s, 381.0s to go
on time step 7287 (time=910.875), 0.109564 s/step
Meep progress: 915.5/1225.375 = 74.7% done in 1107.5s, 374.9s to go
on time step 7324 (time=915.5), 0.110133 s/step
Meep progress: 920.125/1225.375 = 75.1% done in 1111.5s, 368.8s to go
on time step 7361 (time=920.125), 0.109321 s/step
Meep progress: 924.75/1225.375 = 75.5% done in 1115.6s, 362.7s to go
on time step 7398 (time=924.75), 0.110018 s/step
Meep progress: 929.375/1225.375 = 75.8% done in 1119.7s, 356.6s to go
on time step 7435 (time=929.375), 0.109637 s/step
Meep progress: 934.0/1225.375 = 76.2% done in 1123.7s, 350.6s to go
on time step 7472 (time=934), 0.109639 s/step
Meep progress: 938.625/1225.375 = 76.6% done in 1127.8s, 344.5s to go
on time step 7509 (time=938.625), 0.109534 s/step
Meep progress: 943.25/1225.375 = 77.0% done in 1131.8s, 338.5s to go
on time step 7546 (time=943.25), 0.109205 s/step
Meep progress: 947.75/1225.375 = 77.3% done in 1135.8s, 332.7s to go
on time step 7582 (time=947.75), 0.111401 s/step
Meep progress: 952.375/1225.375 = 77.7% done in 1139.9s, 326.8s to go
on time step 7619 (time=952.375), 0.109534 s/step
Meep progress: 957.0/1225.375 = 78.1% done in 1143.9s, 320.8s to go
on time step 7656 (time=957), 0.109149 s/step
Meep progress: 961.625/1225.375 = 78.5% done in 1148.0s, 314.9s to go
on time step 7693 (time=961.625), 0.110205 s/step
Meep progress: 966.25/1225.375 = 78.9% done in 1152.1s, 309.0s to go
on time step 7730 (time=966.25), 0.109555 s/step
Meep progress: 970.875/1225.375 = 79.2% done in 1156.1s, 303.1s to go
on time step 7767 (time=970.875), 0.109878 s/step
Meep progress: 975.5/1225.375 = 79.6% done in 1160.2s, 297.2s to go
on time step 7804 (time=975.5), 0.109648 s/step
Meep progress: 980.125/1225.375 = 80.0% done in 1164.3s, 291.3s to go
on time step 7841 (time=980.125), 0.110305 s/step
Meep progress: 984.75/1225.375 = 80.4% done in 1168.3s, 285.5s to go
on time step 7878 (time=984.75), 0.109563 s/step
Meep progress: 989.375/1225.375 = 80.7% done in 1172.4s, 279.7s to go
on time step 7915 (time=989.375), 0.109862 s/step
Meep progress: 994.0/1225.375 = 81.1% done in 1176.4s, 273.8s to go
on time step 7952 (time=994), 0.109493 s/step
Meep progress: 998.625/1225.375 = 81.5% done in 1180.5s, 268.0s to go
on time step 7989 (time=998.625), 0.109535 s/step
Meep progress: 1003.25/1225.375 = 81.9% done in 1184.6s, 262.3s to go
on time step 8026 (time=1003.25), 0.109754 s/step
Meep progress: 1007.875/1225.375 = 82.3% done in 1188.6s, 256.5s to go
on time step 8063 (time=1007.88), 0.109659 s/step
Meep progress: 1012.5/1225.375 = 82.6% done in 1192.7s, 250.8s to go
on time step 8100 (time=1012.5), 0.109625 s/step
Meep progress: 1017.125/1225.375 = 83.0% done in 1196.7s, 245.0s to go
on time step 8137 (time=1017.12), 0.109356 s/step
Meep progress: 1021.75/1225.375 = 83.4% done in 1200.8s, 239.3s to go
on time step 8174 (time=1021.75), 0.109523 s/step
Meep progress: 1026.375/1225.375 = 83.8% done in 1204.8s, 233.6s to go
on time step 8211 (time=1026.38), 0.109801 s/step
Meep progress: 1031.0/1225.375 = 84.1% done in 1208.9s, 227.9s to go
on time step 8248 (time=1031), 0.109723 s/step
Meep progress: 1035.625/1225.375 = 84.5% done in 1212.9s, 222.2s to go
on time step 8285 (time=1035.62), 0.109626 s/step
Meep progress: 1040.25/1225.375 = 84.9% done in 1217.0s, 216.6s to go
on time step 8322 (time=1040.25), 0.109687 s/step
Meep progress: 1044.875/1225.375 = 85.3% done in 1221.1s, 210.9s to go
on time step 8359 (time=1044.88), 0.109932 s/step
Meep progress: 1049.5/1225.375 = 85.6% done in 1225.1s, 205.3s to go
on time step 8396 (time=1049.5), 0.109564 s/step
Meep progress: 1054.125/1225.375 = 86.0% done in 1229.2s, 199.7s to go
on time step 8433 (time=1054.12), 0.109674 s/step
Meep progress: 1058.75/1225.375 = 86.4% done in 1233.2s, 194.1s to go
on time step 8470 (time=1058.75), 0.109221 s/step
Meep progress: 1063.375/1225.375 = 86.8% done in 1237.3s, 188.5s to go
on time step 8507 (time=1063.38), 0.110456 s/step
Meep progress: 1068.0/1225.375 = 87.2% done in 1241.4s, 182.9s to go
on time step 8544 (time=1068), 0.109743 s/step
Meep progress: 1072.625/1225.375 = 87.5% done in 1245.4s, 177.4s to go
on time step 8581 (time=1072.62), 0.109745 s/step
Meep progress: 1077.25/1225.375 = 87.9% done in 1249.5s, 171.8s to go
on time step 8618 (time=1077.25), 0.109679 s/step
Meep progress: 1081.875/1225.375 = 88.3% done in 1253.5s, 166.3s to go
on time step 8655 (time=1081.88), 0.109236 s/step
Meep progress: 1086.5/1225.375 = 88.7% done in 1257.6s, 160.7s to go
on time step 8692 (time=1086.5), 0.109569 s/step
Meep progress: 1091.125/1225.375 = 89.0% done in 1261.7s, 155.2s to go
on time step 8729 (time=1091.12), 0.109685 s/step
Meep progress: 1095.75/1225.375 = 89.4% done in 1265.7s, 149.7s to go
on time step 8766 (time=1095.75), 0.109876 s/step
Meep progress: 1100.375/1225.375 = 89.8% done in 1269.8s, 144.2s to go
on time step 8803 (time=1100.38), 0.109236 s/step
Meep progress: 1105.0/1225.375 = 90.2% done in 1273.8s, 138.8s to go
on time step 8840 (time=1105), 0.109445 s/step
Meep progress: 1109.625/1225.375 = 90.6% done in 1277.9s, 133.3s to go
on time step 8877 (time=1109.62), 0.10971 s/step
Meep progress: 1114.25/1225.375 = 90.9% done in 1281.9s, 127.8s to go
on time step 8914 (time=1114.25), 0.109664 s/step
Meep progress: 1118.75/1225.375 = 91.3% done in 1286.0s, 122.6s to go
on time step 8950 (time=1118.75), 0.112047 s/step
Meep progress: 1123.375/1225.375 = 91.7% done in 1290.0s, 117.1s to go
on time step 8987 (time=1123.38), 0.109933 s/step
Meep progress: 1128.0/1225.375 = 92.1% done in 1294.1s, 111.7s to go
on time step 9024 (time=1128), 0.109452 s/step
Meep progress: 1132.625/1225.375 = 92.4% done in 1298.2s, 106.3s to go
on time step 9061 (time=1132.62), 0.110148 s/step
Meep progress: 1137.25/1225.375 = 92.8% done in 1302.2s, 100.9s to go
on time step 9098 (time=1137.25), 0.109001 s/step
Meep progress: 1141.875/1225.375 = 93.2% done in 1306.2s, 95.5s to go
on time step 9135 (time=1141.88), 0.10941 s/step
Meep progress: 1146.5/1225.375 = 93.6% done in 1310.3s, 90.1s to go
on time step 9172 (time=1146.5), 0.109533 s/step
Meep progress: 1151.125/1225.375 = 93.9% done in 1314.3s, 84.8s to go
on time step 9209 (time=1151.12), 0.109342 s/step
Meep progress: 1155.75/1225.375 = 94.3% done in 1318.4s, 79.4s to go
on time step 9246 (time=1155.75), 0.109416 s/step
Meep progress: 1160.375/1225.375 = 94.7% done in 1322.5s, 74.1s to go
on time step 9283 (time=1160.38), 0.109653 s/step
Meep progress: 1165.0/1225.375 = 95.1% done in 1326.5s, 68.7s to go
on time step 9320 (time=1165), 0.109599 s/step
Meep progress: 1169.625/1225.375 = 95.5% done in 1330.6s, 63.4s to go
on time step 9357 (time=1169.62), 0.109579 s/step
Meep progress: 1174.25/1225.375 = 95.8% done in 1334.6s, 58.1s to go
on time step 9394 (time=1174.25), 0.109666 s/step
Meep progress: 1178.875/1225.375 = 96.2% done in 1338.7s, 52.8s to go
on time step 9431 (time=1178.88), 0.109848 s/step
Meep progress: 1183.5/1225.375 = 96.6% done in 1342.7s, 47.5s to go
on time step 9468 (time=1183.5), 0.109439 s/step
Meep progress: 1188.0/1225.375 = 96.9% done in 1346.8s, 42.4s to go
on time step 9504 (time=1188), 0.11149 s/step
Meep progress: 1192.625/1225.375 = 97.3% done in 1350.8s, 37.1s to go
on time step 9541 (time=1192.62), 0.109586 s/step
Meep progress: 1197.25/1225.375 = 97.7% done in 1354.9s, 31.8s to go
on time step 9578 (time=1197.25), 0.109464 s/step
Meep progress: 1201.875/1225.375 = 98.1% done in 1358.9s, 26.6s to go
on time step 9615 (time=1201.88), 0.109665 s/step
Meep progress: 1206.5/1225.375 = 98.5% done in 1363.0s, 21.3s to go
on time step 9652 (time=1206.5), 0.109774 s/step
Meep progress: 1211.125/1225.375 = 98.8% done in 1367.1s, 16.1s to go
on time step 9689 (time=1211.12), 0.110238 s/step
Meep progress: 1215.75/1225.375 = 99.2% done in 1371.1s, 10.9s to go
on time step 9726 (time=1215.75), 0.109356 s/step
Meep progress: 1220.375/1225.375 = 99.6% done in 1375.1s, 5.6s to go
on time step 9763 (time=1220.38), 0.108985 s/step
Meep progress: 1224.875/1225.375 = 100.0% done in 1379.2s, 0.6s to go
on time step 9799 (time=1224.88), 0.113659 s/step
run 0 finished at t = 1225.375 (9803 timesteps)
creating output file "./MidFlux-X1.h5"...
