no change     /nfs/home/vpais/miniconda/condabin/conda
no change     /nfs/home/vpais/miniconda/bin/conda
no change     /nfs/home/vpais/miniconda/bin/conda-env
no change     /nfs/home/vpais/miniconda/bin/activate
no change     /nfs/home/vpais/miniconda/bin/deactivate
no change     /nfs/home/vpais/miniconda/etc/profile.d/conda.sh
no change     /nfs/home/vpais/miniconda/etc/fish/conf.d/conda.fish
no change     /nfs/home/vpais/miniconda/shell/condabin/Conda.psm1
no change     /nfs/home/vpais/miniconda/shell/condabin/conda-hook.ps1
no change     /nfs/home/vpais/miniconda/lib/python3.9/site-packages/xontrib/conda.xsh
no change     /nfs/home/vpais/miniconda/etc/profile.d/conda.csh
no change     /nfs/home/vpais/.bashrc
No action taken.
Using MPI version 3.1, 64 processes
-----------
Initializing structure...
Splitting into 64 chunks by voxels
time for choose_chunkdivision = 0.00180411 s
Working in 2D dimensions.
Computational cell is 16 x 8 x 0 with resolution 10
     block, center = (0,0,0)
          size (1e+20,1,1e+20)
          axes (1,0,0), (0,1,0), (0,0,1)
          dielectric constant epsilon diagonal = (12,12,12)
time for set_epsilon = 0.059103 s
-----------
Meep progress: 14.3/200.0 = 7.2% done in 4.0s, 52.0s to go
on time step 286 (time=14.3), 0.0140077 s/step
Meep progress: 43.1/200.0 = 21.6% done in 8.0s, 29.1s to go
on time step 862 (time=43.1), 0.00694537 s/step
Meep progress: 74.4/200.0 = 37.2% done in 12.0s, 20.3s to go
on time step 1488 (time=74.4), 0.00639794 s/step
Meep progress: 105.7/200.0 = 52.9% done in 16.0s, 14.3s to go
on time step 2114 (time=105.7), 0.00639669 s/step
Meep progress: 136.95000000000002/200.0 = 68.5% done in 20.0s, 9.2s to go
on time step 2739 (time=136.95), 0.00640463 s/step
Meep progress: 168.15/200.0 = 84.1% done in 24.0s, 4.6s to go
on time step 3363 (time=168.15), 0.00641624 s/step
Meep progress: 199.3/200.0 = 99.7% done in 28.0s, 0.1s to go
on time step 3986 (time=199.3), 0.00642601 s/step
run 0 finished at t = 200.0 (4000 timesteps)

Elapsed run time = 31.7883 s
