no change     /nfs/home/vpais/miniconda/condabin/conda
no change     /nfs/home/vpais/miniconda/bin/conda
no change     /nfs/home/vpais/miniconda/bin/conda-env
no change     /nfs/home/vpais/miniconda/bin/activate
no change     /nfs/home/vpais/miniconda/bin/deactivate
no change     /nfs/home/vpais/miniconda/etc/profile.d/conda.sh
no change     /nfs/home/vpais/miniconda/etc/fish/conf.d/conda.fish
no change     /nfs/home/vpais/miniconda/shell/condabin/Conda.psm1
no change     /nfs/home/vpais/miniconda/shell/condabin/conda-hook.ps1
no change     /nfs/home/vpais/miniconda/lib/python3.9/site-packages/xontrib/conda.xsh
no change     /nfs/home/vpais/miniconda/etc/profile.d/conda.csh
no change     /nfs/home/vpais/.bashrc
No action taken.
Using MPI version 3.1, 64 processes
Medium should be stable according to frequency and resolution criteria.
All resonant frequencies are small enough for this resolution.
Medium could be unstable according to dimensions and index criteria.
Maximum Courant factor should be 0.20893145279749673
As a whole, the simulation might be unstable
Recommended maximum Courant factor is 0.20893145279749673
-----------
Initializing structure...
Splitting into 64 chunks by voxels
time for choose_chunkdivision = 0.00722504 s
Working in 3D dimensions.
Computational cell is 61 x 61 x 61 with resolution 4
time for set_epsilon = 1.72789 s
-----------
Meep progress: 0.125/1225.375 = 0.0% done in 467.7s, 4584478.4s to go
on time step 1 (time=0.125), 467.708 s/step
Meep progress: 5.25/1225.375 = 0.4% done in 471.8s, 109644.3s to go
on time step 42 (time=5.25), 0.0993158 s/step
Meep progress: 10.375/1225.375 = 0.8% done in 475.8s, 55725.5s to go
on time step 83 (time=10.375), 0.0990812 s/step
Meep progress: 15.5/1225.375 = 1.3% done in 479.9s, 37460.6s to go
on time step 124 (time=15.5), 0.0992768 s/step
Meep progress: 20.625/1225.375 = 1.7% done in 484.0s, 28270.7s to go
on time step 165 (time=20.625), 0.0992248 s/step
Meep progress: 25.75/1225.375 = 2.1% done in 488.1s, 22737.3s to go
on time step 206 (time=25.75), 0.0992467 s/step
Meep progress: 30.875/1225.375 = 2.5% done in 492.1s, 19039.5s to go
on time step 247 (time=30.875), 0.0992293 s/step
Meep progress: 36.0/1225.375 = 2.9% done in 496.2s, 16394.1s to go
on time step 288 (time=36), 0.099761 s/step
Meep progress: 41.125/1225.375 = 3.4% done in 500.3s, 14406.6s to go
on time step 329 (time=41.125), 0.0993712 s/step
Meep progress: 46.25/1225.375 = 3.8% done in 504.4s, 12858.4s to go
on time step 370 (time=46.25), 0.099064 s/step
Meep progress: 51.375/1225.375 = 4.2% done in 508.4s, 11618.2s to go
on time step 411 (time=51.375), 0.0990957 s/step
Meep progress: 56.5/1225.375 = 4.6% done in 512.5s, 10602.5s to go
on time step 452 (time=56.5), 0.0993111 s/step
Meep progress: 61.625/1225.375 = 5.0% done in 516.6s, 9754.9s to go
on time step 493 (time=61.625), 0.0990771 s/step
Meep progress: 66.75/1225.375 = 5.4% done in 520.6s, 9036.8s to go
on time step 534 (time=66.75), 0.0991248 s/step
Meep progress: 71.875/1225.375 = 5.9% done in 524.7s, 8420.5s to go
on time step 575 (time=71.875), 0.0990349 s/step
Meep progress: 76.875/1225.375 = 6.3% done in 528.7s, 7898.6s to go
on time step 615 (time=76.875), 0.100244 s/step
Meep progress: 81.75/1225.375 = 6.7% done in 532.7s, 7452.2s to go
on time step 654 (time=81.75), 0.102891 s/step
Meep progress: 86.875/1225.375 = 7.1% done in 536.8s, 7034.4s to go
on time step 695 (time=86.875), 0.0990079 s/step
Meep progress: 92.0/1225.375 = 7.5% done in 540.8s, 6662.8s to go
on time step 736 (time=92), 0.0992611 s/step
Meep progress: 97.125/1225.375 = 7.9% done in 544.9s, 6330.0s to go
on time step 777 (time=97.125), 0.0994493 s/step
Meep progress: 102.25/1225.375 = 8.3% done in 549.0s, 6030.1s to go
on time step 818 (time=102.25), 0.0990096 s/step
Meep progress: 107.375/1225.375 = 8.8% done in 553.0s, 5758.4s to go
on time step 859 (time=107.375), 0.0992108 s/step
Meep progress: 112.375/1225.375 = 9.2% done in 557.1s, 5517.6s to go
on time step 899 (time=112.375), 0.101044 s/step
Meep progress: 117.5/1225.375 = 9.6% done in 561.2s, 5291.0s to go
on time step 940 (time=117.5), 0.0991375 s/step
Meep progress: 122.625/1225.375 = 10.0% done in 565.2s, 5083.0s to go
on time step 981 (time=122.625), 0.0990529 s/step
Meep progress: 127.75/1225.375 = 10.4% done in 569.3s, 4891.3s to go
on time step 1022 (time=127.75), 0.0990486 s/step
Meep progress: 132.875/1225.375 = 10.8% done in 573.4s, 4714.2s to go
on time step 1063 (time=132.875), 0.0994481 s/step
Meep progress: 138.0/1225.375 = 11.3% done in 577.4s, 4549.9s to go
on time step 1104 (time=138), 0.0993262 s/step
Meep progress: 143.0/1225.375 = 11.7% done in 581.5s, 4401.1s to go
on time step 1144 (time=143), 0.100527 s/step
Meep progress: 148.125/1225.375 = 12.1% done in 585.5s, 4258.3s to go
on time step 1185 (time=148.125), 0.0992815 s/step
Meep progress: 153.25/1225.375 = 12.5% done in 589.6s, 4124.9s to go
on time step 1226 (time=153.25), 0.0997675 s/step
Meep progress: 158.375/1225.375 = 12.9% done in 593.7s, 3999.8s to go
on time step 1267 (time=158.375), 0.0993153 s/step
Meep progress: 163.5/1225.375 = 13.3% done in 597.8s, 3882.3s to go
on time step 1308 (time=163.5), 0.0993155 s/step
Meep progress: 168.625/1225.375 = 13.8% done in 601.8s, 3771.6s to go
on time step 1349 (time=168.625), 0.0992351 s/step
Meep progress: 173.75/1225.375 = 14.2% done in 605.9s, 3667.3s to go
on time step 1390 (time=173.75), 0.0993287 s/step
Meep progress: 178.875/1225.375 = 14.6% done in 610.0s, 3568.7s to go
on time step 1431 (time=178.875), 0.0991714 s/step
Meep progress: 184.0/1225.375 = 15.0% done in 614.1s, 3475.4s to go
on time step 1472 (time=184), 0.0995112 s/step
Meep progress: 189.125/1225.375 = 15.4% done in 618.1s, 3386.9s to go
on time step 1513 (time=189.125), 0.0996664 s/step
Meep progress: 194.25/1225.375 = 15.9% done in 622.2s, 3302.9s to go
on time step 1554 (time=194.25), 0.0994317 s/step
Meep progress: 199.375/1225.375 = 16.3% done in 626.3s, 3223.0s to go
on time step 1595 (time=199.375), 0.0992268 s/step
Meep progress: 204.5/1225.375 = 16.7% done in 630.4s, 3146.8s to go
on time step 1636 (time=204.5), 0.099233 s/step
Meep progress: 209.625/1225.375 = 17.1% done in 634.5s, 3074.3s to go
on time step 1677 (time=209.625), 0.0996314 s/step
Meep progress: 214.75/1225.375 = 17.5% done in 638.5s, 3005.0s to go
on time step 1718 (time=214.75), 0.0995276 s/step
Meep progress: 219.875/1225.375 = 17.9% done in 642.6s, 2938.7s to go
on time step 1759 (time=219.875), 0.099394 s/step
Meep progress: 225.0/1225.375 = 18.4% done in 646.7s, 2875.2s to go
on time step 1800 (time=225), 0.0992757 s/step
Meep progress: 230.0/1225.375 = 18.8% done in 650.7s, 2816.0s to go
on time step 1840 (time=230), 0.10003 s/step
Meep progress: 235.125/1225.375 = 19.2% done in 654.8s, 2757.6s to go
on time step 1881 (time=235.125), 0.0993571 s/step
Meep progress: 240.25/1225.375 = 19.6% done in 658.8s, 2701.5s to go
on time step 1922 (time=240.25), 0.0993162 s/step
Meep progress: 245.375/1225.375 = 20.0% done in 662.9s, 2647.6s to go
on time step 1963 (time=245.375), 0.0997468 s/step
Meep progress: 250.5/1225.375 = 20.4% done in 667.0s, 2595.8s to go
on time step 2004 (time=250.5), 0.0992871 s/step
Meep progress: 255.5/1225.375 = 20.9% done in 671.0s, 2547.3s to go
on time step 2044 (time=255.5), 0.101225 s/step
Meep progress: 260.625/1225.375 = 21.3% done in 675.1s, 2499.1s to go
on time step 2085 (time=260.625), 0.0993024 s/step
Meep progress: 265.75/1225.375 = 21.7% done in 679.2s, 2452.7s to go
on time step 2126 (time=265.75), 0.0999347 s/step
Meep progress: 270.875/1225.375 = 22.1% done in 683.3s, 2407.8s to go
on time step 2167 (time=270.875), 0.099557 s/step
Meep progress: 276.0/1225.375 = 22.5% done in 687.4s, 2364.4s to go
on time step 2208 (time=276), 0.0992384 s/step
Meep progress: 281.125/1225.375 = 22.9% done in 691.4s, 2322.4s to go
on time step 2249 (time=281.125), 0.0991531 s/step
Meep progress: 286.125/1225.375 = 23.3% done in 695.4s, 2282.9s to go
on time step 2289 (time=286.125), 0.100089 s/step
Meep progress: 291.25/1225.375 = 23.8% done in 699.5s, 2243.5s to go
on time step 2330 (time=291.25), 0.0991395 s/step
Meep progress: 296.375/1225.375 = 24.2% done in 703.6s, 2205.4s to go
on time step 2371 (time=296.375), 0.09911 s/step
Meep progress: 301.5/1225.375 = 24.6% done in 707.6s, 2168.4s to go
on time step 2412 (time=301.5), 0.0991444 s/step
Meep progress: 306.5/1225.375 = 25.0% done in 711.6s, 2133.5s to go
on time step 2452 (time=306.5), 0.100193 s/step
Meep progress: 311.625/1225.375 = 25.4% done in 715.7s, 2098.6s to go
on time step 2493 (time=311.625), 0.0992011 s/step
Meep progress: 316.75/1225.375 = 25.8% done in 719.8s, 2064.8s to go
on time step 2534 (time=316.75), 0.0992448 s/step
Meep progress: 321.875/1225.375 = 26.3% done in 723.9s, 2031.9s to go
on time step 2575 (time=321.875), 0.099232 s/step
Meep progress: 327.0/1225.375 = 26.7% done in 727.9s, 1999.9s to go
on time step 2616 (time=327), 0.0994824 s/step
Meep progress: 332.125/1225.375 = 27.1% done in 732.0s, 1968.7s to go
on time step 2657 (time=332.125), 0.0991006 s/step
Meep progress: 337.25/1225.375 = 27.5% done in 736.1s, 1938.4s to go
on time step 2698 (time=337.25), 0.0992937 s/step
Meep progress: 342.25/1225.375 = 27.9% done in 740.1s, 1909.7s to go
on time step 2738 (time=342.25), 0.100053 s/step
Meep progress: 347.375/1225.375 = 28.3% done in 744.1s, 1880.9s to go
on time step 2779 (time=347.375), 0.0993492 s/step
Meep progress: 352.5/1225.375 = 28.8% done in 748.2s, 1852.8s to go
on time step 2820 (time=352.5), 0.0992149 s/step
Meep progress: 357.625/1225.375 = 29.2% done in 752.3s, 1825.4s to go
on time step 2861 (time=357.625), 0.0995334 s/step
Meep progress: 362.75/1225.375 = 29.6% done in 756.4s, 1798.7s to go
on time step 2902 (time=362.75), 0.0994952 s/step
Meep progress: 367.875/1225.375 = 30.0% done in 760.4s, 1772.6s to go
on time step 2943 (time=367.875), 0.0991573 s/step
Meep progress: 373.0/1225.375 = 30.4% done in 764.5s, 1747.1s to go
on time step 2984 (time=373), 0.0991568 s/step
Meep progress: 378.125/1225.375 = 30.9% done in 768.6s, 1722.1s to go
on time step 3025 (time=378.125), 0.0991749 s/step
Meep progress: 383.25/1225.375 = 31.3% done in 772.7s, 1697.8s to go
on time step 3066 (time=383.25), 0.0997446 s/step
Meep progress: 388.375/1225.375 = 31.7% done in 776.7s, 1674.0s to go
on time step 3107 (time=388.375), 0.0991681 s/step
Meep progress: 393.5/1225.375 = 32.1% done in 780.8s, 1650.7s to go
on time step 3148 (time=393.5), 0.0991986 s/step
Meep progress: 398.625/1225.375 = 32.5% done in 784.9s, 1627.9s to go
on time step 3189 (time=398.625), 0.0998496 s/step
Meep progress: 403.75/1225.375 = 32.9% done in 789.0s, 1605.5s to go
on time step 3230 (time=403.75), 0.0991718 s/step
Meep progress: 408.875/1225.375 = 33.4% done in 793.0s, 1583.7s to go
on time step 3271 (time=408.875), 0.0991767 s/step
Meep progress: 414.0/1225.375 = 33.8% done in 797.1s, 1562.2s to go
on time step 3312 (time=414), 0.0992567 s/step
Meep progress: 419.0/1225.375 = 34.2% done in 801.1s, 1541.8s to go
on time step 3352 (time=419), 0.100028 s/step
Meep progress: 424.125/1225.375 = 34.6% done in 805.2s, 1521.1s to go
on time step 3393 (time=424.125), 0.0993865 s/step
Meep progress: 429.25/1225.375 = 35.0% done in 809.3s, 1500.9s to go
on time step 3434 (time=429.25), 0.0991871 s/step
Meep progress: 434.375/1225.375 = 35.4% done in 813.3s, 1481.1s to go
on time step 3475 (time=434.375), 0.0995134 s/step
Meep progress: 439.5/1225.375 = 35.9% done in 817.4s, 1461.6s to go
on time step 3516 (time=439.5), 0.0997235 s/step
Meep progress: 444.625/1225.375 = 36.3% done in 821.5s, 1442.5s to go
on time step 3557 (time=444.625), 0.0991869 s/step
Meep progress: 449.75/1225.375 = 36.7% done in 825.6s, 1423.8s to go
on time step 3598 (time=449.75), 0.0995705 s/step
Meep progress: 454.875/1225.375 = 37.1% done in 829.7s, 1405.3s to go
on time step 3639 (time=454.875), 0.0993412 s/step
Meep progress: 459.875/1225.375 = 37.5% done in 833.7s, 1387.7s to go
on time step 3679 (time=459.875), 0.100597 s/step
Meep progress: 465.0/1225.375 = 37.9% done in 837.8s, 1369.9s to go
on time step 3720 (time=465), 0.0993517 s/step
Meep progress: 470.125/1225.375 = 38.4% done in 841.8s, 1352.4s to go
on time step 3761 (time=470.125), 0.0994292 s/step
Meep progress: 475.25/1225.375 = 38.8% done in 845.9s, 1335.2s to go
on time step 3802 (time=475.25), 0.0996105 s/step
Meep progress: 480.375/1225.375 = 39.2% done in 850.0s, 1318.2s to go
on time step 3843 (time=480.375), 0.0993495 s/step
Meep progress: 485.5/1225.375 = 39.6% done in 854.1s, 1301.5s to go
on time step 3884 (time=485.5), 0.0993856 s/step
Meep progress: 490.625/1225.375 = 40.0% done in 858.1s, 1285.1s to go
on time step 3925 (time=490.625), 0.09933 s/step
Meep progress: 495.625/1225.375 = 40.4% done in 862.1s, 1269.4s to go
on time step 3965 (time=495.625), 0.100124 s/step
Meep progress: 500.75/1225.375 = 40.9% done in 866.2s, 1253.5s to go
on time step 4006 (time=500.75), 0.0992639 s/step
Meep progress: 505.875/1225.375 = 41.3% done in 870.3s, 1237.8s to go
on time step 4047 (time=505.875), 0.0993214 s/step
Meep progress: 511.0/1225.375 = 41.7% done in 874.4s, 1222.4s to go
on time step 4088 (time=511), 0.0994929 s/step
Meep progress: 516.125/1225.375 = 42.1% done in 878.5s, 1207.2s to go
on time step 4129 (time=516.125), 0.0998396 s/step
Meep progress: 521.25/1225.375 = 42.5% done in 882.5s, 1192.2s to go
on time step 4170 (time=521.25), 0.0993686 s/step
Meep progress: 526.375/1225.375 = 43.0% done in 886.6s, 1177.4s to go
on time step 4211 (time=526.375), 0.099397 s/step
Meep progress: 531.5/1225.375 = 43.4% done in 890.7s, 1162.8s to go
on time step 4252 (time=531.5), 0.0992906 s/step
Meep progress: 536.5/1225.375 = 43.8% done in 894.7s, 1148.8s to go
on time step 4292 (time=536.5), 0.100155 s/step
Meep progress: 541.625/1225.375 = 44.2% done in 898.8s, 1134.6s to go
on time step 4333 (time=541.625), 0.0996526 s/step
Meep progress: 546.75/1225.375 = 44.6% done in 902.9s, 1120.6s to go
on time step 4374 (time=546.75), 0.0993998 s/step
Meep progress: 551.875/1225.375 = 45.0% done in 907.0s, 1106.8s to go
on time step 4415 (time=551.875), 0.0997942 s/step
Meep progress: 557.0/1225.375 = 45.5% done in 911.0s, 1093.2s to go
on time step 4456 (time=557), 0.0992847 s/step
Meep progress: 562.125/1225.375 = 45.9% done in 915.1s, 1079.7s to go
on time step 4497 (time=562.125), 0.0993007 s/step
Meep progress: 567.25/1225.375 = 46.3% done in 919.2s, 1066.4s to go
on time step 4538 (time=567.25), 0.0993653 s/step
Meep progress: 572.25/1225.375 = 46.7% done in 923.3s, 1053.7s to go
on time step 4578 (time=572.25), 0.102054 s/step
Meep progress: 577.375/1225.375 = 47.1% done in 927.3s, 1040.8s to go
on time step 4619 (time=577.375), 0.0994774 s/step
Meep progress: 582.5/1225.375 = 47.5% done in 931.4s, 1028.0s to go
on time step 4660 (time=582.5), 0.0994148 s/step
Meep progress: 587.625/1225.375 = 48.0% done in 935.5s, 1015.3s to go
on time step 4701 (time=587.625), 0.0994386 s/step
Meep progress: 592.75/1225.375 = 48.4% done in 939.6s, 1002.8s to go
on time step 4742 (time=592.75), 0.0994944 s/step
Meep progress: 597.875/1225.375 = 48.8% done in 943.6s, 990.4s to go
on time step 4783 (time=597.875), 0.0992903 s/step
Meep progress: 603.0/1225.375 = 49.2% done in 947.7s, 978.2s to go
on time step 4824 (time=603), 0.0995369 s/step
Meep progress: 608.125/1225.375 = 49.6% done in 951.8s, 966.1s to go
on time step 4865 (time=608.125), 0.0993251 s/step
Meep progress: 613.25/1225.375 = 50.0% done in 955.9s, 954.1s to go
on time step 4906 (time=613.25), 0.0995728 s/step
Meep progress: 618.375/1225.375 = 50.5% done in 960.0s, 942.3s to go
on time step 4947 (time=618.375), 0.0993351 s/step
Meep progress: 623.5/1225.375 = 50.9% done in 964.0s, 930.6s to go
on time step 4988 (time=623.5), 0.0994752 s/step
Meep progress: 628.625/1225.375 = 51.3% done in 968.1s, 919.0s to go
on time step 5029 (time=628.625), 0.0997521 s/step
Meep progress: 633.625/1225.375 = 51.7% done in 972.2s, 907.9s to go
on time step 5069 (time=633.625), 0.101105 s/step
Meep progress: 638.75/1225.375 = 52.1% done in 976.2s, 896.6s to go
on time step 5110 (time=638.75), 0.0992819 s/step
Meep progress: 643.875/1225.375 = 52.5% done in 980.3s, 885.4s to go
on time step 5151 (time=643.875), 0.0994542 s/step
Meep progress: 648.875/1225.375 = 53.0% done in 984.3s, 874.5s to go
on time step 5191 (time=648.875), 0.100101 s/step
Meep progress: 653.875/1225.375 = 53.4% done in 988.4s, 863.9s to go
on time step 5231 (time=653.875), 0.101926 s/step
Meep progress: 659.0/1225.375 = 53.8% done in 992.5s, 853.0s to go
on time step 5272 (time=659), 0.0996972 s/step
Meep progress: 664.125/1225.375 = 54.2% done in 996.6s, 842.2s to go
on time step 5313 (time=664.125), 0.0994597 s/step
Meep progress: 669.25/1225.375 = 54.6% done in 1000.7s, 831.5s to go
on time step 5354 (time=669.25), 0.0995488 s/step
Meep progress: 674.375/1225.375 = 55.0% done in 1004.7s, 820.9s to go
on time step 5395 (time=674.375), 0.0993766 s/step
Meep progress: 679.5/1225.375 = 55.5% done in 1008.8s, 810.4s to go
on time step 5436 (time=679.5), 0.0996108 s/step
Meep progress: 684.625/1225.375 = 55.9% done in 1012.9s, 800.0s to go
on time step 5477 (time=684.625), 0.0997115 s/step
Meep progress: 689.75/1225.375 = 56.3% done in 1017.0s, 789.7s to go
on time step 5518 (time=689.75), 0.0996234 s/step
Meep progress: 694.75/1225.375 = 56.7% done in 1021.0s, 779.8s to go
on time step 5558 (time=694.75), 0.100455 s/step
Meep progress: 699.75/1225.375 = 57.1% done in 1025.0s, 770.0s to go
on time step 5598 (time=699.75), 0.100463 s/step
Meep progress: 704.75/1225.375 = 57.5% done in 1029.0s, 760.2s to go
on time step 5638 (time=704.75), 0.100224 s/step
Meep progress: 709.875/1225.375 = 57.9% done in 1033.1s, 750.2s to go
on time step 5679 (time=709.875), 0.0993081 s/step
Meep progress: 715.0/1225.375 = 58.3% done in 1037.2s, 740.4s to go
on time step 5720 (time=715), 0.0991967 s/step
Meep progress: 720.125/1225.375 = 58.8% done in 1041.3s, 730.6s to go
on time step 5761 (time=720.125), 0.0992901 s/step
Meep progress: 725.25/1225.375 = 59.2% done in 1045.4s, 720.9s to go
on time step 5802 (time=725.25), 0.0999043 s/step
Meep progress: 730.375/1225.375 = 59.6% done in 1049.4s, 711.2s to go
on time step 5843 (time=730.375), 0.0991763 s/step
Meep progress: 735.5/1225.375 = 60.0% done in 1053.5s, 701.7s to go
on time step 5884 (time=735.5), 0.099623 s/step
Meep progress: 740.625/1225.375 = 60.4% done in 1057.6s, 692.2s to go
on time step 5925 (time=740.625), 0.0994868 s/step
Meep progress: 745.75/1225.375 = 60.9% done in 1061.7s, 682.8s to go
on time step 5966 (time=745.75), 0.0990989 s/step
Meep progress: 750.875/1225.375 = 61.3% done in 1065.7s, 673.5s to go
on time step 6007 (time=750.875), 0.0992837 s/step
Meep progress: 756.0/1225.375 = 61.7% done in 1069.8s, 664.2s to go
on time step 6048 (time=756), 0.0991504 s/step
Meep progress: 761.125/1225.375 = 62.1% done in 1073.9s, 655.0s to go
on time step 6089 (time=761.125), 0.0997387 s/step
Meep progress: 766.25/1225.375 = 62.5% done in 1078.0s, 645.9s to go
on time step 6130 (time=766.25), 0.099438 s/step
Meep progress: 771.375/1225.375 = 63.0% done in 1082.0s, 636.8s to go
on time step 6171 (time=771.375), 0.0995321 s/step
Meep progress: 776.5/1225.375 = 63.4% done in 1086.1s, 627.9s to go
on time step 6212 (time=776.5), 0.0993241 s/step
Meep progress: 781.625/1225.375 = 63.8% done in 1090.2s, 618.9s to go
on time step 6253 (time=781.625), 0.0997979 s/step
Meep progress: 786.75/1225.375 = 64.2% done in 1094.3s, 610.1s to go
on time step 6294 (time=786.75), 0.0992301 s/step
Meep progress: 791.75/1225.375 = 64.6% done in 1098.3s, 601.5s to go
on time step 6334 (time=791.75), 0.10069 s/step
Meep progress: 796.75/1225.375 = 65.0% done in 1102.4s, 593.1s to go
on time step 6374 (time=796.75), 0.102352 s/step
Meep progress: 801.75/1225.375 = 65.4% done in 1106.4s, 584.6s to go
on time step 6414 (time=801.75), 0.100687 s/step
Meep progress: 806.875/1225.375 = 65.8% done in 1110.5s, 576.0s to go
on time step 6455 (time=806.875), 0.0992135 s/step
Meep progress: 812.0/1225.375 = 66.3% done in 1114.6s, 567.4s to go
on time step 6496 (time=812), 0.0999871 s/step
Meep progress: 817.0/1225.375 = 66.7% done in 1118.7s, 559.2s to go
on time step 6536 (time=817), 0.101592 s/step
Meep progress: 822.0/1225.375 = 67.1% done in 1122.8s, 551.0s to go
on time step 6576 (time=822), 0.102201 s/step
Meep progress: 827.125/1225.375 = 67.5% done in 1126.8s, 542.6s to go
on time step 6617 (time=827.125), 0.0992537 s/step
Meep progress: 832.25/1225.375 = 67.9% done in 1130.9s, 534.2s to go
on time step 6658 (time=832.25), 0.0993174 s/step
Meep progress: 837.25/1225.375 = 68.3% done in 1134.9s, 526.1s to go
on time step 6698 (time=837.25), 0.100141 s/step
Meep progress: 842.375/1225.375 = 68.7% done in 1139.0s, 517.9s to go
on time step 6739 (time=842.375), 0.0995188 s/step
Meep progress: 847.375/1225.375 = 69.2% done in 1143.0s, 509.9s to go
on time step 6780 (time=847.5), 0.0999685 s/step
Meep progress: 852.5/1225.375 = 69.6% done in 1147.1s, 501.7s to go
on time step 6821 (time=852.625), 0.0994835 s/step
Meep progress: 857.625/1225.375 = 70.0% done in 1151.1s, 493.6s to go
on time step 6862 (time=857.75), 0.099405 s/step
Meep progress: 862.75/1225.375 = 70.4% done in 1155.2s, 485.6s to go
on time step 6903 (time=862.875), 0.0992696 s/step
Meep progress: 867.875/1225.375 = 70.8% done in 1159.3s, 477.5s to go
on time step 6944 (time=868), 0.0995282 s/step
Meep progress: 873.0/1225.375 = 71.2% done in 1163.4s, 469.6s to go
on time step 6985 (time=873.125), 0.0992799 s/step
Meep progress: 878.0/1225.375 = 71.7% done in 1167.4s, 461.9s to go
on time step 7025 (time=878.125), 0.100306 s/step
Meep progress: 883.125/1225.375 = 72.1% done in 1171.5s, 454.0s to go
on time step 7066 (time=883.25), 0.0993817 s/step
Meep progress: 888.25/1225.375 = 72.5% done in 1175.6s, 446.2s to go
on time step 7107 (time=888.375), 0.0999123 s/step
Meep progress: 893.25/1225.375 = 72.9% done in 1179.6s, 438.6s to go
on time step 7147 (time=893.375), 0.100115 s/step
Meep progress: 898.375/1225.375 = 73.3% done in 1183.6s, 430.8s to go
on time step 7188 (time=898.5), 0.0993033 s/step
Meep progress: 903.5/1225.375 = 73.7% done in 1187.7s, 423.1s to go
on time step 7229 (time=903.625), 0.0992392 s/step
Meep progress: 908.625/1225.375 = 74.2% done in 1191.8s, 415.5s to go
on time step 7270 (time=908.75), 0.0993181 s/step
Meep progress: 913.75/1225.375 = 74.6% done in 1195.9s, 407.8s to go
on time step 7311 (time=913.875), 0.0998891 s/step
Meep progress: 918.875/1225.375 = 75.0% done in 1200.0s, 400.3s to go
on time step 7352 (time=919), 0.0992896 s/step
Meep progress: 924.0/1225.375 = 75.4% done in 1204.0s, 392.7s to go
on time step 7393 (time=924.125), 0.0995367 s/step
Meep progress: 929.125/1225.375 = 75.8% done in 1208.1s, 385.2s to go
on time step 7434 (time=929.25), 0.099804 s/step
Meep progress: 934.25/1225.375 = 76.2% done in 1212.2s, 377.7s to go
on time step 7475 (time=934.375), 0.0994704 s/step
Meep progress: 939.375/1225.375 = 76.7% done in 1216.3s, 370.3s to go
on time step 7516 (time=939.5), 0.099333 s/step
Meep progress: 944.5/1225.375 = 77.1% done in 1220.4s, 362.9s to go
on time step 7557 (time=944.625), 0.0994375 s/step
Meep progress: 949.625/1225.375 = 77.5% done in 1224.4s, 355.5s to go
on time step 7598 (time=949.75), 0.0992287 s/step
Meep progress: 954.75/1225.375 = 77.9% done in 1228.5s, 348.2s to go
on time step 7639 (time=954.875), 0.0998768 s/step
Meep progress: 959.875/1225.375 = 78.3% done in 1232.6s, 340.9s to go
on time step 7680 (time=960), 0.0995119 s/step
Meep progress: 965.0/1225.375 = 78.8% done in 1236.7s, 333.7s to go
on time step 7721 (time=965.125), 0.0995849 s/step
Meep progress: 970.125/1225.375 = 79.2% done in 1240.8s, 326.5s to go
on time step 7762 (time=970.25), 0.0991958 s/step
Meep progress: 975.25/1225.375 = 79.6% done in 1244.8s, 319.3s to go
on time step 7803 (time=975.375), 0.0992468 s/step
Meep progress: 980.375/1225.375 = 80.0% done in 1248.9s, 312.1s to go
on time step 7844 (time=980.5), 0.0993082 s/step
Meep progress: 985.5/1225.375 = 80.4% done in 1253.0s, 305.0s to go
on time step 7885 (time=985.625), 0.0994918 s/step
Meep progress: 990.625/1225.375 = 80.8% done in 1257.1s, 297.9s to go
on time step 7926 (time=990.75), 0.0997548 s/step
Meep progress: 995.625/1225.375 = 81.3% done in 1261.2s, 291.0s to go
on time step 7966 (time=995.75), 0.102307 s/step
Meep progress: 1000.625/1225.375 = 81.7% done in 1265.2s, 284.2s to go
on time step 8007 (time=1000.88), 0.0998837 s/step
Meep progress: 1005.75/1225.375 = 82.1% done in 1269.2s, 277.2s to go
on time step 8048 (time=1006), 0.099163 s/step
Meep progress: 1010.75/1225.375 = 82.5% done in 1273.3s, 270.4s to go
on time step 8088 (time=1011), 0.102231 s/step
Meep progress: 1015.875/1225.375 = 82.9% done in 1277.4s, 263.4s to go
on time step 8129 (time=1016.12), 0.0992273 s/step
Meep progress: 1021.0/1225.375 = 83.3% done in 1281.5s, 256.5s to go
on time step 8170 (time=1021.25), 0.0993692 s/step
Meep progress: 1026.125/1225.375 = 83.7% done in 1285.5s, 249.6s to go
on time step 8211 (time=1026.38), 0.0991413 s/step
Meep progress: 1031.125/1225.375 = 84.1% done in 1289.5s, 242.9s to go
on time step 8251 (time=1031.38), 0.100034 s/step
Meep progress: 1036.25/1225.375 = 84.6% done in 1293.6s, 236.1s to go
on time step 8292 (time=1036.5), 0.0995339 s/step
Meep progress: 1041.375/1225.375 = 85.0% done in 1297.7s, 229.3s to go
on time step 8333 (time=1041.62), 0.0994265 s/step
Meep progress: 1046.375/1225.375 = 85.4% done in 1301.7s, 222.7s to go
on time step 8373 (time=1046.62), 0.100678 s/step
Meep progress: 1051.5/1225.375 = 85.8% done in 1305.8s, 215.9s to go
on time step 8414 (time=1051.75), 0.0992385 s/step
Meep progress: 1056.625/1225.375 = 86.2% done in 1309.9s, 209.2s to go
on time step 8455 (time=1056.88), 0.0991901 s/step
Meep progress: 1061.75/1225.375 = 86.6% done in 1313.9s, 202.5s to go
on time step 8496 (time=1062), 0.0991512 s/step
Meep progress: 1066.875/1225.375 = 87.1% done in 1318.0s, 195.8s to go
on time step 8537 (time=1067.12), 0.0995643 s/step
Meep progress: 1072.0/1225.375 = 87.5% done in 1322.1s, 189.2s to go
on time step 8578 (time=1072.25), 0.0996552 s/step
Meep progress: 1077.125/1225.375 = 87.9% done in 1326.2s, 182.5s to go
on time step 8619 (time=1077.38), 0.0994752 s/step
Meep progress: 1082.25/1225.375 = 88.3% done in 1330.3s, 175.9s to go
on time step 8660 (time=1082.5), 0.0993909 s/step
Meep progress: 1087.375/1225.375 = 88.7% done in 1334.3s, 169.3s to go
on time step 8701 (time=1087.62), 0.0991683 s/step
Meep progress: 1092.5/1225.375 = 89.2% done in 1338.4s, 162.8s to go
on time step 8742 (time=1092.75), 0.0991726 s/step
Meep progress: 1097.625/1225.375 = 89.6% done in 1342.5s, 156.2s to go
on time step 8783 (time=1097.88), 0.0992708 s/step
Meep progress: 1102.75/1225.375 = 90.0% done in 1346.5s, 149.7s to go
on time step 8824 (time=1103), 0.0992684 s/step
Meep progress: 1107.75/1225.375 = 90.4% done in 1350.6s, 143.4s to go
on time step 8864 (time=1108), 0.100422 s/step
Meep progress: 1112.875/1225.375 = 90.8% done in 1354.6s, 136.9s to go
on time step 8905 (time=1113.12), 0.0998437 s/step
Meep progress: 1118.0/1225.375 = 91.2% done in 1358.7s, 130.5s to go
on time step 8946 (time=1118.25), 0.0992386 s/step
Meep progress: 1123.125/1225.375 = 91.7% done in 1362.8s, 124.1s to go
on time step 8987 (time=1123.38), 0.0992006 s/step
Meep progress: 1128.25/1225.375 = 92.1% done in 1366.9s, 117.7s to go
on time step 9028 (time=1128.5), 0.0993252 s/step
Meep progress: 1133.375/1225.375 = 92.5% done in 1370.9s, 111.3s to go
on time step 9069 (time=1133.62), 0.0992693 s/step
Meep progress: 1138.25/1225.375 = 92.9% done in 1374.9s, 105.2s to go
on time step 9108 (time=1138.5), 0.10284 s/step
Meep progress: 1143.375/1225.375 = 93.3% done in 1379.0s, 98.9s to go
on time step 9149 (time=1143.62), 0.0997558 s/step
Meep progress: 1148.5/1225.375 = 93.7% done in 1383.1s, 92.6s to go
on time step 9190 (time=1148.75), 0.0996519 s/step
Meep progress: 1153.625/1225.375 = 94.1% done in 1387.2s, 86.3s to go
on time step 9231 (time=1153.88), 0.0994338 s/step
Meep progress: 1158.75/1225.375 = 94.6% done in 1391.3s, 80.0s to go
on time step 9272 (time=1159), 0.0990346 s/step
Meep progress: 1163.875/1225.375 = 95.0% done in 1395.3s, 73.7s to go
on time step 9313 (time=1164.12), 0.0991261 s/step
Meep progress: 1169.0/1225.375 = 95.4% done in 1399.4s, 67.5s to go
on time step 9354 (time=1169.25), 0.0991162 s/step
Meep progress: 1174.125/1225.375 = 95.8% done in 1403.5s, 61.3s to go
on time step 9395 (time=1174.38), 0.0992193 s/step
Meep progress: 1179.25/1225.375 = 96.2% done in 1407.5s, 55.1s to go
on time step 9436 (time=1179.5), 0.099026 s/step
Meep progress: 1184.375/1225.375 = 96.7% done in 1411.6s, 48.9s to go
on time step 9477 (time=1184.62), 0.0995602 s/step
Meep progress: 1189.5/1225.375 = 97.1% done in 1415.7s, 42.7s to go
on time step 9518 (time=1189.75), 0.0995542 s/step
Meep progress: 1194.625/1225.375 = 97.5% done in 1419.8s, 36.5s to go
on time step 9559 (time=1194.88), 0.0991792 s/step
Meep progress: 1199.75/1225.375 = 97.9% done in 1423.8s, 30.4s to go
on time step 9600 (time=1200), 0.0989842 s/step
Meep progress: 1204.875/1225.375 = 98.3% done in 1427.9s, 24.3s to go
on time step 9641 (time=1205.12), 0.0990691 s/step
Meep progress: 1210.0/1225.375 = 98.7% done in 1432.0s, 18.2s to go
on time step 9682 (time=1210.25), 0.0991673 s/step
Meep progress: 1215.125/1225.375 = 99.2% done in 1436.0s, 12.1s to go
on time step 9723 (time=1215.38), 0.0991069 s/step
Meep progress: 1220.25/1225.375 = 99.6% done in 1440.1s, 6.0s to go
on time step 9764 (time=1220.5), 0.0993187 s/step
Meep progress: 1225.375/1225.375 = 100.0% done in 1444.2s, 0.0s to go
run 0 finished at t = 1225.375 (9803 timesteps)
creating output file "./MidFlux-X1.h5"...
