no change     /nfs/home/vpais/miniconda/condabin/conda
no change     /nfs/home/vpais/miniconda/bin/conda
no change     /nfs/home/vpais/miniconda/bin/conda-env
no change     /nfs/home/vpais/miniconda/bin/activate
no change     /nfs/home/vpais/miniconda/bin/deactivate
no change     /nfs/home/vpais/miniconda/etc/profile.d/conda.sh
no change     /nfs/home/vpais/miniconda/etc/fish/conf.d/conda.fish
no change     /nfs/home/vpais/miniconda/shell/condabin/Conda.psm1
no change     /nfs/home/vpais/miniconda/shell/condabin/conda-hook.ps1
no change     /nfs/home/vpais/miniconda/lib/python3.9/site-packages/xontrib/conda.xsh
no change     /nfs/home/vpais/miniconda/etc/profile.d/conda.csh
no change     /nfs/home/vpais/.bashrc
No action taken.
Using MPI version 3.1, 1 processes
-----------
Initializing structure...
time for choose_chunkdivision = 0.000345945 s
Working in 2D dimensions.
Computational cell is 16 x 8 x 0 with resolution 10
     block, center = (0,0,0)
          size (1e+20,1,1e+20)
          axes (1,0,0), (0,1,0), (0,0,1)
          dielectric constant epsilon diagonal = (12,12,12)
Using MPI version 3.1, 1 processes
-----------
Initializing structure...
time for choose_chunkdivision = 0.000322104 s
Working in 2D dimensions.
Computational cell is 16 x 8 x 0 with resolution 10
     block, center = (0,0,0)
          size (1e+20,1,1e+20)
          axes (1,0,0), (0,1,0), (0,0,1)
          dielectric constant epsilon diagonal = (12,12,12)
Using MPI version 3.1, 1 processes
-----------
Initializing structure...
time for choose_chunkdivision = 0.000362873 s
Working in 2D dimensions.
Computational cell is 16 x 8 x 0 with resolution 10
     block, center = (0,0,0)
          size (1e+20,1,1e+20)
          axes (1,0,0), (0,1,0), (0,0,1)
          dielectric constant epsilon diagonal = (12,12,12)
Using MPI version 3.1, 1 processes
-----------
Initializing structure...
time for choose_chunkdivision = 0.000311852 s
Working in 2D dimensions.
Computational cell is 16 x 8 x 0 with resolution 10
     block, center = (0,0,0)
          size (1e+20,1,1e+20)
          axes (1,0,0), (0,1,0), (0,0,1)
          dielectric constant epsilon diagonal = (12,12,12)
Using MPI version 3.1, 1 processes
-----------
Initializing structure...
time for choose_chunkdivision = 0.000335932 s
Working in 2D dimensions.
Computational cell is 16 x 8 x 0 with resolution 10
     block, center = (0,0,0)
          size (1e+20,1,1e+20)
          axes (1,0,0), (0,1,0), (0,0,1)
          dielectric constant epsilon diagonal = (12,12,12)
Using MPI version 3.1, 1 processes
-----------
Initializing structure...
time for choose_chunkdivision = 0.000319958 s
Working in 2D dimensions.
Computational cell is 16 x 8 x 0 with resolution 10
     block, center = (0,0,0)
          size (1e+20,1,1e+20)
          axes (1,0,0), (0,1,0), (0,0,1)
          dielectric constant epsilon diagonal = (12,12,12)
Using MPI version 3.1, 1 processes
-----------
Initializing structure...
time for choose_chunkdivision = 0.000364065 s
Working in 2D dimensions.
Computational cell is 16 x 8 x 0 with resolution 10
     block, center = (0,0,0)
          size (1e+20,1,1e+20)
          axes (1,0,0), (0,1,0), (0,0,1)
          dielectric constant epsilon diagonal = (12,12,12)
Using MPI version 3.1, 1 processes
-----------
Initializing structure...
time for choose_chunkdivision = 0.000339985 s
Working in 2D dimensions.
Computational cell is 16 x 8 x 0 with resolution 10
     block, center = (0,0,0)
          size (1e+20,1,1e+20)
          axes (1,0,0), (0,1,0), (0,0,1)
          dielectric constant epsilon diagonal = (12,12,12)
time for set_epsilon = 0.069402 s
-----------
time for set_epsilon = 0.0523269 s
-----------
time for set_epsilon = 0.0689821 s
-----------
time for set_epsilon = 0.0665321 s
-----------
time for set_epsilon = 0.070353 s
-----------
time for set_epsilon = 0.0699899 s
-----------
time for set_epsilon = 0.06984 s
-----------
time for set_epsilon = 0.0698729 s
-----------
run 0 finished at t = 200.0 (4000 timesteps)

Elapsed run time = 6.8735 s
run 0 finished at t = 200.0 (4000 timesteps)

Elapsed run time = 6.9173 s
run 0 finished at t = 200.0 (4000 timesteps)

Elapsed run time = 6.8796 s
run 0 finished at t = 200.0 (4000 timesteps)

Elapsed run time = 6.8950 s
run 0 finished at t = 200.0 (4000 timesteps)

Elapsed run time = 6.8922 s
run 0 finished at t = 200.0 (4000 timesteps)

Elapsed run time = 6.8838 s
run 0 finished at t = 200.0 (4000 timesteps)

Elapsed run time = 6.8839 s
run 0 finished at t = 200.0 (4000 timesteps)

Elapsed run time = 6.8887 s
