no change     /nfs/home/vpais/miniconda/condabin/conda
no change     /nfs/home/vpais/miniconda/bin/conda
no change     /nfs/home/vpais/miniconda/bin/conda-env
no change     /nfs/home/vpais/miniconda/bin/activate
no change     /nfs/home/vpais/miniconda/bin/deactivate
no change     /nfs/home/vpais/miniconda/etc/profile.d/conda.sh
no change     /nfs/home/vpais/miniconda/etc/fish/conf.d/conda.fish
no change     /nfs/home/vpais/miniconda/shell/condabin/Conda.psm1
no change     /nfs/home/vpais/miniconda/shell/condabin/conda-hook.ps1
no change     /nfs/home/vpais/miniconda/lib/python3.9/site-packages/xontrib/conda.xsh
no change     /nfs/home/vpais/miniconda/etc/profile.d/conda.csh
no change     /nfs/home/vpais/.bashrc
No action taken.
Using MPI version 3.1, 1 processes
-----------
Initializing structure...
time for choose_chunkdivision = 0.000368834 s
Working in 2D dimensions.
Computational cell is 16 x 8 x 0 with resolution 10
     block, center = (0,0,0)
          size (1e+20,1,1e+20)
          axes (1,0,0), (0,1,0), (0,0,1)
          dielectric constant epsilon diagonal = (12,12,12)
Using MPI version 3.1, 1 processes
-----------
Initializing structure...
time for choose_chunkdivision = 0.000257969 s
Working in 2D dimensions.
Computational cell is 16 x 8 x 0 with resolution 10
     block, center = (0,0,0)
          size (1e+20,1,1e+20)
          axes (1,0,0), (0,1,0), (0,0,1)
          dielectric constant epsilon diagonal = (12,12,12)
Using MPI version 3.1, 1 processes
-----------
Initializing structure...
time for choose_chunkdivision = 0.000360012 s
Working in 2D dimensions.
Computational cell is 16 x 8 x 0 with resolution 10
     block, center = (0,0,0)
          size (1e+20,1,1e+20)
          axes (1,0,0), (0,1,0), (0,0,1)
          dielectric constant epsilon diagonal = (12,12,12)
Using MPI version 3.1, 1 processes
-----------
Initializing structure...
time for choose_chunkdivision = 0.000298977 s
Working in 2D dimensions.
Computational cell is 16 x 8 x 0 with resolution 10
     block, center = (0,0,0)
          size (1e+20,1,1e+20)
          axes (1,0,0), (0,1,0), (0,0,1)
          dielectric constant epsilon diagonal = (12,12,12)
Using MPI version 3.1, 1 processes
-----------
Initializing structure...
time for choose_chunkdivision = 0.000294924 s
Working in 2D dimensions.
Computational cell is 16 x 8 x 0 with resolution 10
     block, center = (0,0,0)
          size (1e+20,1,1e+20)
          axes (1,0,0), (0,1,0), (0,0,1)
          dielectric constant epsilon diagonal = (12,12,12)
Using MPI version 3.1, 1 processes
-----------
Initializing structure...
time for choose_chunkdivision = 0.000348091 s
Working in 2D dimensions.
Computational cell is 16 x 8 x 0 with resolution 10
     block, center = (0,0,0)
          size (1e+20,1,1e+20)
          axes (1,0,0), (0,1,0), (0,0,1)
          dielectric constant epsilon diagonal = (12,12,12)
Using MPI version 3.1, 1 processes
-----------
Initializing structure...
time for choose_chunkdivision = 0.00032711 s
Working in 2D dimensions.
Computational cell is 16 x 8 x 0 with resolution 10
     block, center = (0,0,0)
          size (1e+20,1,1e+20)
          axes (1,0,0), (0,1,0), (0,0,1)
          dielectric constant epsilon diagonal = (12,12,12)
Using MPI version 3.1, 1 processes
-----------
Initializing structure...
time for choose_chunkdivision = 0.000349045 s
Working in 2D dimensions.
Computational cell is 16 x 8 x 0 with resolution 10
     block, center = (0,0,0)
          size (1e+20,1,1e+20)
          axes (1,0,0), (0,1,0), (0,0,1)
          dielectric constant epsilon diagonal = (12,12,12)
time for set_epsilon = 0.06567 s
-----------
time for set_epsilon = 0.060277 s
-----------
time for set_epsilon = 0.0537879 s
-----------
time for set_epsilon = 0.066 s
-----------
time for set_epsilon = 0.0550051 s
-----------
time for set_epsilon = 0.06832 s
-----------
time for set_epsilon = 0.0683792 s
-----------
time for set_epsilon = 0.068217 s
-----------
run 0 finished at t = 200.0 (4000 timesteps)

Elapsed run time = 2.7812 s
run 0 finished at t = 200.0 (4000 timesteps)

Elapsed run time = 2.7963 s
run 0 finished at t = 200.0 (4000 timesteps)

Elapsed run time = 2.7722 s
run 0 finished at t = 200.0 (4000 timesteps)

Elapsed run time = 2.7768 s
run 0 finished at t = 200.0 (4000 timesteps)

Elapsed run time = 2.7932 s
run 0 finished at t = 200.0 (4000 timesteps)

Elapsed run time = 2.7869 s
run 0 finished at t = 200.0 (4000 timesteps)

Elapsed run time = 2.8315 s
run 0 finished at t = 200.0 (4000 timesteps)

Elapsed run time = 2.8135 s
