no change     /nfs/home/vpais/miniconda/condabin/conda
no change     /nfs/home/vpais/miniconda/bin/conda
no change     /nfs/home/vpais/miniconda/bin/conda-env
no change     /nfs/home/vpais/miniconda/bin/activate
no change     /nfs/home/vpais/miniconda/bin/deactivate
no change     /nfs/home/vpais/miniconda/etc/profile.d/conda.sh
no change     /nfs/home/vpais/miniconda/etc/fish/conf.d/conda.fish
no change     /nfs/home/vpais/miniconda/shell/condabin/Conda.psm1
no change     /nfs/home/vpais/miniconda/shell/condabin/conda-hook.ps1
no change     /nfs/home/vpais/miniconda/lib/python3.9/site-packages/xontrib/conda.xsh
no change     /nfs/home/vpais/miniconda/etc/profile.d/conda.csh
no change     /nfs/home/vpais/.bashrc
No action taken.
Using MPI version 3.1, 8 processes
-----------
Initializing structure...
Splitting into 8 chunks by voxels
time for choose_chunkdivision = 0.0115581 s
Working in 2D dimensions.
Computational cell is 16 x 8 x 0 with resolution 10
     block, center = (0,0,0)
          size (1e+20,1,1e+20)
          axes (1,0,0), (0,1,0), (0,0,1)
          dielectric constant epsilon diagonal = (12,12,12)
time for set_epsilon = 0.0196011 s
-----------
run 0 finished at t = 200.0 (4000 timesteps)

Elapsed run time = 2.0296 s
