no change     /nfs/home/vpais/miniconda/condabin/conda
no change     /nfs/home/vpais/miniconda/bin/conda
no change     /nfs/home/vpais/miniconda/bin/conda-env
no change     /nfs/home/vpais/miniconda/bin/activate
no change     /nfs/home/vpais/miniconda/bin/deactivate
no change     /nfs/home/vpais/miniconda/etc/profile.d/conda.sh
no change     /nfs/home/vpais/miniconda/etc/fish/conf.d/conda.fish
no change     /nfs/home/vpais/miniconda/shell/condabin/Conda.psm1
no change     /nfs/home/vpais/miniconda/shell/condabin/conda-hook.ps1
no change     /nfs/home/vpais/miniconda/lib/python3.9/site-packages/xontrib/conda.xsh
no change     /nfs/home/vpais/miniconda/etc/profile.d/conda.csh
no change     /nfs/home/vpais/.bashrc
No action taken.
--------------------------------------------------------------------------
Open MPI tried to fork a new process via the "execve" system call but
failed.  Open MPI checks many things before attempting to launch a
child process, but nothing is perfect. This error may be indicative
of another problem on the target host, or even something as silly as
having specified a directory for your application. Your job will now
abort.

  Local host:        cnode14
  Application name:  ./MeepTutorial/straight-waveguide.py
  Error:             Exec format error
--------------------------------------------------------------------------
8 total processes failed to start
